C51 COMPILER V9.60.0.0   MAIN                                                              07/06/2024 14:22:38 PAGE 1   


C51 COMPILER V9.60.0.0, COMPILATION OF MODULE MAIN
OBJECT MODULE PLACED IN .\Objects\main.obj
COMPILER INVOKED BY: D:\Program Files\Keil_v5\C51\BIN\C51.EXE main.c OPTIMIZE(8,SPEED) BROWSE DEBUG OBJECTEXTEND PRINT(.
                    -\Listings\main.lst) TABS(2) OBJECT(.\Objects\main.obj)

line level    source

   1          #include "delay.h"
   2          #include "seg.h"
   3          #include "XPT2046.h"
   4          #include "Nixie.h"
   5          
   6          unsigned int ADValue;
   7          bit flag1=0;
   8          bit flag2=0;
   9          bit flag3=0;
  10          void Timer0_Init(void)    //1毫秒@12.000MHz
  11          { 
  12   1        TMOD &= 0xF0;     //设置定时器模式
  13   1        TMOD |= 0x01;     //设置定时器模式
  14   1        TL0 = 0x18;       //设置定时初始值
  15   1        TH0 = 0xFC;       //设置定时初始值
  16   1        TF0 = 0;        //清除TF0标志
  17   1        TR0 = 1;        //定时器0开始计时
  18   1        ET0 = 1;        //使能定时器0中断
  19   1        EA = 1; 
  20   1      }
  21          
  22          void main(void)
  23          {
  24   1        Timer0_Init();
  25   1        while(1)
  26   1        {
  27   2        
  28   2          if(flag1 ==1){
  29   3            ADValue=XPT2046_ReadAD(XPT2046_XP);   //读取AIN0，可调电阻
  30   3            Nixie_SetBuf(4,ADValue/1000%10);
  31   3            Nixie_SetBuf(3,(ADValue%1000/100)+12);
  32   3            Nixie_SetBuf(2,ADValue/10%10);
  33   3            Nixie_SetBuf(1,ADValue%10);
  34   3            Nixie_SetBuf(5,10);
  35   3            Nixie_SetBuf(6,10);
  36   3            Nixie_SetBuf(7,10);
  37   3            Nixie_SetBuf(8,1);
  38   3            flag1 =0;
  39   3          }
  40   2          if(flag2 ==1){
  41   3            ADValue=XPT2046_ReadAD(XPT2046_YP);   //读取AIN1，温度
  42   3            Nixie_SetBuf(4,ADValue/1000);
  43   3            Nixie_SetBuf(3,(ADValue%1000/100)+12);
  44   3            Nixie_SetBuf(2,ADValue%100/10);
  45   3            Nixie_SetBuf(1,ADValue%10);
  46   3            Nixie_SetBuf(5,10);
  47   3            Nixie_SetBuf(6,10);
  48   3            Nixie_SetBuf(7,10);
  49   3            Nixie_SetBuf(8,2);
  50   3            flag2 =0;
  51   3          }
  52   2          if(flag3 ==1){
  53   3            ADValue=XPT2046_ReadAD(XPT2046_VBAT); //读取AIN2，光敏电阻
  54   3            Nixie_SetBuf(4,ADValue/1000);
C51 COMPILER V9.60.0.0   MAIN                                                              07/06/2024 14:22:38 PAGE 2   

  55   3            Nixie_SetBuf(3,(ADValue%1000/100)+12);
  56   3            
  57   3            Nixie_SetBuf(2,ADValue%100/10);
  58   3            Nixie_SetBuf(1,ADValue%10);
  59   3            Nixie_SetBuf(5,10);
  60   3            Nixie_SetBuf(6,10);
  61   3            Nixie_SetBuf(7,10);
  62   3            Nixie_SetBuf(8,3);
  63   3            flag3 =0;
  64   3          }
  65   2          Delay(100);
  66   2        }
  67   1      }
  68          void Timer0_Isr(void) interrupt 1
  69          {
  70   1        static unsigned int T0Count1,T0Count2,T0Count3;
  71   1        TL0 = 0x18;       //设置定时初始值
  72   1        TH0 = 0xFC;   //设置定时初始值
  73   1        T0Count3++;
  74   1        if(T0Count3>=1000){
  75   2          T0Count1++;
  76   2          T0Count3 = 0;
  77   2        }
  78   1        
  79   1        if(T0Count1<=10)
  80   1        {
  81   2          flag1 = 1;
  82   2        }
  83   1        else if(T0Count1>10&&T0Count1<=20){
  84   2          flag2 = 1;
  85   2        
  86   2        }
  87   1        else if(T0Count1>20&&T0Count1<=30){
  88   2          flag3 = 1;
  89   2        
  90   2        }
  91   1        else if(T0Count1>30){
  92   2          T0Count1=0;
  93   2        
  94   2        }
  95   1        T0Count2++;
  96   1        if(T0Count2>=2)
  97   1        {
  98   2          T0Count2=0;
  99   2          Nixie_Loop();//2ms调用一次数码管驱动函数
 100   2        }
 101   1      
 102   1      }
 103          


MODULE INFORMATION:   STATIC OVERLAYABLE
   CODE SIZE        =    692    ----
   CONSTANT SIZE    =   ----    ----
   XDATA SIZE       =   ----    ----
   PDATA SIZE       =   ----    ----
   DATA SIZE        =      8    ----
   IDATA SIZE       =   ----    ----
   BIT SIZE         =      3    ----
END OF MODULE INFORMATION.


C51 COMPILATION COMPLETE.  0 WARNING(S),  0 ERROR(S)
