C51 COMPILER V9.60.0.0   NIXIE                                                             07/06/2024 14:22:38 PAGE 1   


C51 COMPILER V9.60.0.0, COMPILATION OF MODULE NIXIE
OBJECT MODULE PLACED IN .\Objects\Nixie.obj
COMPILER INVOKED BY: D:\Program Files\Keil_v5\C51\BIN\C51.EXE Nixie.c OPTIMIZE(8,SPEED) BROWSE DEBUG OBJECTEXTEND PRINT(
                    -.\Listings\Nixie.lst) TABS(2) OBJECT(.\Objects\Nixie.obj)

line level    source

   1          #include <REGX52.H>
   2          #include "Delay.h"
   3          #include "Nixie.h"
   4          
   5          //数码管显示缓存区
   6          unsigned char Nixie_Buf[9]={0,10,10,10,10,10,10,10,10};
   7          unsigned char Nixie_Buf1[9];
   8          
   9          //数码管段码表
  10          unsigned char NixieTable[]={0x3F,0x06,0x5B,0x4F,0x66,0x6D,0x7D,0x07,0x7F,0x6F,0x00,0x40,0xBF,0x86,0xDB,0xC
             -F,0xE6,0xED,0xFD,0x87,0x8F,0xEF,0x00,0xC0};
  11          //P0口输出
  12          
  13          /**
  14            * @brief  设置显示缓存区
  15            * @param  Location 要设置的位置，范围：1~8
  16            * @param  Number 要设置的数字，范围：段码表索引范围
  17            * @retval 无
  18            */
  19          void Nixie_SetBuf(unsigned char Location,Number)
  20          {
  21   1        Nixie_Buf[Location]=Number;
  22   1      }
  23          
  24          /**
  25            * @brief  数码管扫描显示
  26            * @param  Location 要显示的位置，范围：1~8
  27            * @param  Number 要显示的数字，范围：段码表索引范围
  28            * @retval 无
  29            */
  30          void Nixie_Scan(unsigned char Location,Number)
  31          {
  32   1        P0=0x00;        //段码清0，消影
  33   1        switch(Location)    //位码输出
  34   1        {
  35   2          case 1:P2_4=1;P2_3=1;P2_2=1;break;
  36   2          case 2:P2_4=1;P2_3=1;P2_2=0;break;
  37   2          case 3:P2_4=1;P2_3=0;P2_2=1;break;
  38   2          case 4:P2_4=1;P2_3=0;P2_2=0;break;
  39   2          case 5:P2_4=0;P2_3=1;P2_2=1;break;
  40   2          case 6:P2_4=0;P2_3=1;P2_2=0;break;
  41   2          case 7:P2_4=0;P2_3=0;P2_2=1;break;
  42   2          case 8:P2_4=0;P2_3=0;P2_2=0;break;
  43   2        }
  44   1        P0=NixieTable[Number];  //段码输出
  45   1      }
  46          
  47          /**
  48            * @brief  数码管驱动函数，在中断中调用
  49            * @param  无
  50            * @retval 无
  51            */
  52          void Nixie_Loop(void)
  53          {
C51 COMPILER V9.60.0.0   NIXIE                                                             07/06/2024 14:22:38 PAGE 2   

  54   1        static unsigned char i=1;
  55   1        Nixie_Scan(i,Nixie_Buf[i]);
  56   1        i++;
  57   1        if(i>=9){i=1;}
  58   1      }


MODULE INFORMATION:   STATIC OVERLAYABLE
   CODE SIZE        =    142    ----
   CONSTANT SIZE    =   ----    ----
   XDATA SIZE       =   ----    ----
   PDATA SIZE       =   ----    ----
   DATA SIZE        =     43    ----
   IDATA SIZE       =   ----    ----
   BIT SIZE         =   ----    ----
END OF MODULE INFORMATION.


C51 COMPILATION COMPLETE.  0 WARNING(S),  0 ERROR(S)
