[2024-07-07 00:13:00] : Begin
--------------------
*MCUTYPE* : STC89C52RC/LE52RC
*MCUID* : F002C4B212708E
*FILENAME* : D:\大学读不了一点\大二下\MCU\_ks\KKKKKK - 副本\Objects\Project.hex
*FILETIME* : 2024年07月07日, 00:12:34
*FILESIZE* : 8900 (0x0022C4)
*CODESIZE* : 2904 (0x000B58)
*CHECKSUM* : 0x0004E969
*ISPMODE* : 2
*ISPRESULT* : 0
--------------------
[2024-07-07 00:13:04] : End
--------------------------------------------------
[2024-07-07 00:27:20] : Begin
--------------------
*MCUTYPE* : STC89C52RC/LE52RC
*FILENAME* : D:\大学读不了一点\大二下\MCU\_ks\KKKKKK - 副本\Objects\Project.hex
*FILETIME* : 2024年07月07日, 00:26:53
*FILESIZE* : 8703 (0x0021FF)
*CODESIZE* : 2838 (0x000B16)
*CHECKSUM* : 0x0004CBBB
*ISPMODE* : 2
*ISPRESULT* : 2
--------------------
[2024-07-07 00:27:26] : End
--------------------------------------------------
[2024-07-07 00:27:28] : Begin
--------------------
*MCUTYPE* : STC89C52RC/LE52RC
*FILENAME* : D:\大学读不了一点\大二下\MCU\_ks\KKKKKK - 副本\Objects\Project.hex
*FILETIME* : 2024年07月07日, 00:26:53
*FILESIZE* : 8703 (0x0021FF)
*CODESIZE* : 2838 (0x000B16)
*CHECKSUM* : 0x0004CBBB
*ISPMODE* : 2
*ISPRESULT* : 2
--------------------
[2024-07-07 00:27:37] : End
--------------------------------------------------
[2024-07-07 00:27:39] : Begin
--------------------
*MCUTYPE* : STC89C52RC/LE52RC
*MCUID* : F00245F001FFE9
*FILENAME* : D:\大学读不了一点\大二下\MCU\_ks\KKKKKK - 副本\Objects\Project.hex
*FILETIME* : 2024年07月07日, 00:26:53
*FILESIZE* : 8703 (0x0021FF)
*CODESIZE* : 2838 (0x000B16)
*CHECKSUM* : 0x0004CBBB
*ISPMODE* : 2
*ISPRESULT* : 0
--------------------
[2024-07-07 00:27:44] : End
--------------------------------------------------
[2024-07-07 00:33:38] : Begin
--------------------
*MCUTYPE* : STC89C52RC/LE52RC
*MCUID* : F00245F001FFE9
*FILENAME* : D:\大学读不了一点\大二下\MCU\_ks\KKKKKK - 副本\Objects\Project.hex
*FILETIME* : 2024年07月07日, 00:33:29
*FILESIZE* : 8703 (0x0021FF)
*CODESIZE* : 2838 (0x000B16)
*CHECKSUM* : 0x0004CBBB
*ISPMODE* : 2
*ISPRESULT* : 0
--------------------
[2024-07-07 00:33:42] : End
--------------------------------------------------
[2024-07-07 00:36:07] : Begin
--------------------
*MCUTYPE* : STC89C52RC/LE52RC
*MCUID* : F00245F001FFE9
*FILENAME* : D:\大学读不了一点\大二下\MCU\_ks\KKKKKK - 副本\Objects\Project.hex
*FILETIME* : 2024年07月07日, 00:35:45
*FILESIZE* : 8783 (0x00224F)
*CODESIZE* : 2864 (0x000B30)
*CHECKSUM* : 0x0004D727
*ISPMODE* : 2
*ISPRESULT* : 0
--------------------
[2024-07-07 00:36:10] : End
--------------------------------------------------
[2024-07-07 01:28:39] : Begin
--------------------
*MCUTYPE* : STC89C52RC/LE52RC
*FILENAME* : D:\大学读不了一点\大二下\MCU\_ks\KKKKKKfuban\Objects\Project.hex
*FILETIME* : 2024年07月07日, 01:28:16
*FILESIZE* : 3687 (0x000E67)
*CODESIZE* : 1165 (0x00048D)
*CHECKSUM* : 0x0001FFB4
*ISPMODE* : 2
*ISPRESULT* : 3
--------------------
[2024-07-07 01:28:45] : End
--------------------------------------------------
[2024-07-07 01:29:02] : Begin
--------------------
*MCUTYPE* : STC89C52RC/LE52RC
*FILENAME* : D:\大学读不了一点\大二下\MCU\_ks\KKKKKKfuban\Objects\Project.hex
*FILETIME* : 2024年07月07日, 01:28:16
*FILESIZE* : 3687 (0x000E67)
*CODESIZE* : 1165 (0x00048D)
*CHECKSUM* : 0x0001FFB4
*ISPMODE* : 2
*ISPRESULT* : 2
--------------------
[2024-07-07 01:29:08] : End
--------------------------------------------------
[2024-07-07 01:29:12] : Begin
--------------------
*MCUTYPE* : STC89C52RC/LE52RC
*FILENAME* : D:\大学读不了一点\大二下\MCU\_ks\KKKKKKfuban\Objects\Project.hex
*FILETIME* : 2024年07月07日, 01:28:16
*FILESIZE* : 3687 (0x000E67)
*CODESIZE* : 1165 (0x00048D)
*CHECKSUM* : 0x0001FFB4
*ISPMODE* : 2
*ISPRESULT* : 2
--------------------
[2024-07-07 01:29:19] : End
--------------------------------------------------
[2024-07-07 01:29:25] : Begin
--------------------
*MCUTYPE* : STC89C52RC/LE52RC
*FILENAME* : D:\大学读不了一点\大二下\MCU\_ks\KKKKKKfuban\Objects\Project.hex
*FILETIME* : 2024年07月07日, 01:28:16
*FILESIZE* : 3687 (0x000E67)
*CODESIZE* : 1165 (0x00048D)
*CHECKSUM* : 0x0001FFB4
*ISPMODE* : 2
*ISPRESULT* : 2
--------------------
[2024-07-07 01:29:33] : End
--------------------------------------------------
[2024-07-07 01:29:37] : Begin
--------------------
*MCUTYPE* : STC89C52RC/LE52RC
*MCUID* : F002C4B212708E
*FILENAME* : D:\大学读不了一点\大二下\MCU\_ks\KKKKKKfuban\Objects\Project.hex
*FILETIME* : 2024年07月07日, 01:28:16
*FILESIZE* : 3687 (0x000E67)
*CODESIZE* : 1165 (0x00048D)
*CHECKSUM* : 0x0001FFB4
*ISPMODE* : 2
*ISPRESULT* : 0
--------------------
[2024-07-07 01:29:40] : End
--------------------------------------------------
[2024-07-07 01:34:51] : Begin
--------------------
*MCUTYPE* : STC89C52RC/LE52RC
*FILENAME* : D:\大学读不了一点\大二下\MCU\_ks\KKKKKKfuban\Objects\Project.hex
*FILETIME* : 2024年07月07日, 01:34:36
*FILESIZE* : 3495 (0x000DA7)
*CODESIZE* : 1095 (0x000447)
*CHECKSUM* : 0x0001DA33
*ISPMODE* : 2
*ISPRESULT* : 2
--------------------
[2024-07-07 01:34:57] : End
--------------------------------------------------
[2024-07-07 01:35:39] : Begin
--------------------
*MCUTYPE* : STC89C52RC/LE52RC
*MCUID* : F002C4B212708E
*FILENAME* : D:\大学读不了一点\大二下\MCU\_ks\KKKKKKfuban\Objects\Project.hex
*FILETIME* : 2024年07月07日, 01:34:36
*FILESIZE* : 3495 (0x000DA7)
*CODESIZE* : 1095 (0x000447)
*CHECKSUM* : 0x0001DA33
*ISPMODE* : 2
*ISPRESULT* : 0
--------------------
[2024-07-07 01:35:42] : End
--------------------------------------------------
[2024-07-07 01:38:20] : Begin
--------------------
*MCUTYPE* : STC89C52RC/LE52RC
*MCUID* : F002C4B212708E
*FILENAME* : D:\大学读不了一点\大二下\MCU\_ks\KKKKKKfuban\Objects\Project.hex
*FILETIME* : 2024年07月07日, 01:38:10
*FILESIZE* : 3495 (0x000DA7)
*CODESIZE* : 1095 (0x000447)
*CHECKSUM* : 0x0001DA93
*ISPMODE* : 2
*ISPRESULT* : 0
--------------------
[2024-07-07 01:38:24] : End
--------------------------------------------------
[2024-07-07 01:39:59] : Begin
--------------------
*MCUTYPE* : STC89C52RC/LE52RC
*MCUID* : F002C4B212708E
*FILENAME* : D:\大学读不了一点\大二下\MCU\_ks\KKKKKKfuban\Objects\Project.hex
*FILETIME* : 2024年07月07日, 01:39:49
*FILESIZE* : 3487 (0x000D9F)
*CODESIZE* : 1091 (0x000443)
*CHECKSUM* : 0x0001DD49
*ISPMODE* : 2
*ISPRESULT* : 0
--------------------
[2024-07-07 01:40:02] : End
--------------------------------------------------
[2024-07-07 01:41:20] : Begin
--------------------
*MCUTYPE* : STC89C52RC/LE52RC
*MCUID* : F002C4B212708E
*FILENAME* : D:\大学读不了一点\大二下\MCU\_ks\KKKKKKfuban\Objects\Project.hex
*FILETIME* : 2024年07月07日, 01:41:14
*FILESIZE* : 3487 (0x000D9F)
*CODESIZE* : 1091 (0x000443)
*CHECKSUM* : 0x0001DD47
*ISPMODE* : 2
*ISPRESULT* : 0
--------------------
[2024-07-07 01:41:24] : End
--------------------------------------------------
[2024-07-07 01:42:16] : Begin
--------------------
*MCUTYPE* : STC89C52RC/LE52RC
*MCUID* : F002C4B212708E
*FILENAME* : D:\大学读不了一点\大二下\MCU\_ks\KKKKKKfuban\Objects\Project.hex
*FILETIME* : 2024年07月07日, 01:42:10
*FILESIZE* : 3487 (0x000D9F)
*CODESIZE* : 1091 (0x000443)
*CHECKSUM* : 0x0001DD46
*ISPMODE* : 2
*ISPRESULT* : 0
--------------------
[2024-07-07 01:42:20] : End
--------------------------------------------------
[2024-07-07 01:42:50] : Begin
--------------------
*MCUTYPE* : STC89C52RC/LE52RC
*MCUID* : F002C4B212708E
*FILENAME* : D:\大学读不了一点\大二下\MCU\_ks\KKKKKKfuban\Objects\Project.hex
*FILETIME* : 2024年07月07日, 01:42:44
*FILESIZE* : 3487 (0x000D9F)
*CODESIZE* : 1091 (0x000443)
*CHECKSUM* : 0x0001DE45
*ISPMODE* : 2
*ISPRESULT* : 0
--------------------
[2024-07-07 01:42:54] : End
--------------------------------------------------
[2024-07-07 01:46:03] : Begin
--------------------
*MCUTYPE* : STC89C52RC/LE52RC
*MCUID* : F002C4B212708E
*FILENAME* : D:\大学读不了一点\大二下\MCU\_ks\KKKKKKfuban\Objects\Project.hex
*FILETIME* : 2024年07月07日, 01:45:55
*FILESIZE* : 3495 (0x000DA7)
*CODESIZE* : 1095 (0x000447)
*CHECKSUM* : 0x0001DBC5
*ISPMODE* : 2
*ISPRESULT* : 0
--------------------
[2024-07-07 01:46:07] : End
--------------------------------------------------
[2024-07-07 01:46:29] : Begin
--------------------
*MCUTYPE* : STC89C52RC/LE52RC
*MCUID* : F002C4B212708E
*FILENAME* : D:\大学读不了一点\大二下\MCU\_ks\KKKKKKfuban\Objects\Project.hex
*FILETIME* : 2024年07月07日, 01:46:22
*FILESIZE* : 3495 (0x000DA7)
*CODESIZE* : 1095 (0x000447)
*CHECKSUM* : 0x0001DAC6
*ISPMODE* : 2
*ISPRESULT* : 0
--------------------
[2024-07-07 01:46:33] : End
--------------------------------------------------
[2024-07-07 01:47:28] : Begin
--------------------
*MCUTYPE* : STC89C52RC/LE52RC
*MCUID* : F002C4B212708E
*FILENAME* : D:\大学读不了一点\大二下\MCU\_ks\KKKKKKfuban\Objects\Project.hex
*FILETIME* : 2024年07月07日, 01:47:20
*FILESIZE* : 3495 (0x000DA7)
*CODESIZE* : 1095 (0x000447)
*CHECKSUM* : 0x0001DB05
*ISPMODE* : 2
*ISPRESULT* : 0
--------------------
[2024-07-07 01:47:31] : End
--------------------------------------------------
[2024-07-07 01:48:42] : Begin
--------------------
*MCUTYPE* : STC89C52RC/LE52RC
*MCUID* : F002C4B212708E
*FILENAME* : D:\大学读不了一点\大二下\MCU\_ks\KKKKKKfuban\Objects\Project.hex
*FILETIME* : 2024年07月07日, 01:48:36
*FILESIZE* : 3493 (0x000DA5)
*CODESIZE* : 1094 (0x000446)
*CHECKSUM* : 0x0001DA61
*ISPMODE* : 2
*ISPRESULT* : 0
--------------------
[2024-07-07 01:48:46] : End
--------------------------------------------------
[2024-07-07 01:49:55] : Begin
--------------------
*MCUTYPE* : STC89C52RC/LE52RC
*MCUID* : F002C4B212708E
*FILENAME* : D:\大学读不了一点\大二下\MCU\_ks\KKKKKKfuban\Objects\Project.hex
*FILETIME* : 2024年07月07日, 01:49:46
*FILESIZE* : 3599 (0x000E0F)
*CODESIZE* : 1134 (0x00046E)
*CHECKSUM* : 0x0001F215
*ISPMODE* : 2
*ISPRESULT* : 0
--------------------
[2024-07-07 01:50:00] : End
--------------------------------------------------
[2024-07-07 01:50:38] : Begin
--------------------
*MCUTYPE* : STC89C52RC/LE52RC
*MCUID* : F002C4B212708E
*FILENAME* : D:\大学读不了一点\大二下\MCU\_ks\KKKKKKfuban\Objects\Project.hex
*FILETIME* : 2024年07月07日, 01:50:31
*FILESIZE* : 3734 (0x000E96)
*CODESIZE* : 1182 (0x00049E)
*CHECKSUM* : 0x00020A30
*ISPMODE* : 2
*ISPRESULT* : 0
--------------------
[2024-07-07 01:50:42] : End
--------------------------------------------------
[2024-07-07 01:53:55] : Begin
--------------------
*MCUTYPE* : STC89C52RC/LE52RC
*FILENAME* : D:\大学读不了一点\大二下\MCU\_ks\KKKKKKfuban\Objects\Project.hex
*FILETIME* : 2024年07月07日, 01:53:47
*FILESIZE* : 2936 (0x000B78)
*CODESIZE* : 899 (0x000383)
*CHECKSUM* : 0x00019E1B
*ISPMODE* : 2
*ISPRESULT* : 2
--------------------
[2024-07-07 01:54:03] : End
--------------------------------------------------
[2024-07-07 01:54:14] : Begin
--------------------
*MCUTYPE* : STC89C52RC/LE52RC
*FILENAME* : D:\大学读不了一点\大二下\MCU\_ks\KKKKKKfuban\Objects\Project.hex
*FILETIME* : 2024年07月07日, 01:53:47
*FILESIZE* : 2936 (0x000B78)
*CODESIZE* : 899 (0x000383)
*CHECKSUM* : 0x00019E1B
*ISPMODE* : 2
*ISPRESULT* : 3
--------------------
[2024-07-07 01:54:20] : End
--------------------------------------------------
[2024-07-07 01:54:23] : Begin
--------------------
*MCUTYPE* : STC89C52RC/LE52RC
*MCUID* : F002C4B212708E
*FILENAME* : D:\大学读不了一点\大二下\MCU\_ks\KKKKKKfuban\Objects\Project.hex
*FILETIME* : 2024年07月07日, 01:53:47
*FILESIZE* : 2936 (0x000B78)
*CODESIZE* : 899 (0x000383)
*CHECKSUM* : 0x00019E1B
*ISPMODE* : 2
*ISPRESULT* : 0
--------------------
[2024-07-07 01:54:28] : End
--------------------------------------------------
[2024-07-07 01:56:59] : Begin
--------------------
*MCUTYPE* : STC89C52RC/LE52RC
*MCUID* : F002C4B212708E
*FILENAME* : D:\大学读不了一点\大二下\MCU\_ks\helloff\Objects\Project.hex
*FILETIME* : 2024年07月07日, 01:56:30
*FILESIZE* : 5708 (0x00164C)
*CODESIZE* : 1920 (0x000780)
*CHECKSUM* : 0x00035D97
*ISPMODE* : 2
*ISPRESULT* : 0
--------------------
[2024-07-07 01:57:05] : End
--------------------------------------------------
[2024-07-07 02:03:49] : Begin
--------------------
*MCUTYPE* : STC89C52RC/LE52RC
*MCUID* : F002C4B212708E
*FILENAME* : D:\大学读不了一点\大二下\MCU\_ks\hellof\Objects\Project.hex
*FILETIME* : 2024年06月15日, 01:35:24
*FILESIZE* : 5708 (0x00164C)
*CODESIZE* : 1920 (0x000780)
*CHECKSUM* : 0x00035D97
*ISPMODE* : 2
*ISPRESULT* : 0
--------------------
[2024-07-07 02:03:55] : End
--------------------------------------------------
[2024-07-07 02:06:27] : Begin
--------------------
*MCUTYPE* : STC89C52RC/LE52RC
*MCUID* : F002C4B212708E
*FILENAME* : D:\大学读不了一点\大二下\MCU\_ks\KKKKKKzhuban\Objects\Project.hex
*FILETIME* : 2024年07月07日, 02:06:15
*FILESIZE* : 8783 (0x00224F)
*CODESIZE* : 2864 (0x000B30)
*CHECKSUM* : 0x0004D727
*ISPMODE* : 2
*ISPRESULT* : 0
--------------------
[2024-07-07 02:06:32] : End
--------------------------------------------------
[2024-07-07 02:09:52] : Begin
--------------------
*MCUTYPE* : STC89C52RC/LE52RC
*MCUID* : F002C4B212708E
*FILENAME* : D:\大学读不了一点\大二下\MCU\_ks\KKKKKKfuban\Objects\Project.hex
*FILETIME* : 2024年07月07日, 02:09:24
*FILESIZE* : 2936 (0x000B78)
*CODESIZE* : 899 (0x000383)
*CHECKSUM* : 0x00019E1B
*ISPMODE* : 2
*ISPRESULT* : 0
--------------------
[2024-07-07 02:09:59] : End
--------------------------------------------------
[2024-07-07 02:15:46] : Begin
--------------------
*MCUTYPE* : STC89C52RC/LE52RC
*MCUID* : F002C4B212708E
*FILENAME* : D:\大学读不了一点\大二下\MCU\_ks\KKKKKKfuban\Objects\Project.hex
*FILETIME* : 2024年07月07日, 02:15:34
*FILESIZE* : 2082 (0x000822)
*CODESIZE* : 625 (0x000271)
*CHECKSUM* : 0x00011DC6
*ISPMODE* : 2
*ISPRESULT* : 0
--------------------
[2024-07-07 02:15:49] : End
--------------------------------------------------
[2024-07-07 02:59:20] : Begin
--------------------
*MCUTYPE* : STC89C52RC/LE52RC
*MCUID* : F002C4B212708E
*FILENAME* : D:\大学读不了一点\大二下\MCU\_ks\KKKKKKfuban\Objects\Project.hex
*FILETIME* : 2024年07月07日, 02:59:08
*FILESIZE* : 3959 (0x000F77)
*CODESIZE* : 1262 (0x0004EE)
*CHECKSUM* : 0x000225F7
*ISPMODE* : 2
*ISPRESULT* : 0
--------------------
[2024-07-07 02:59:23] : End
--------------------------------------------------
[2024-07-07 13:16:42] : Begin
--------------------
*MCUTYPE* : STC89C52RC/LE52RC
*MCUID* : F002C4B212708E
*FILENAME* : D:\大学读不了一点\大二下\MCU\_ks\KKfuben\Objects\Project.hex
*FILETIME* : 2024年07月07日, 13:16:13
*FILESIZE* : 8284 (0x00205C)
*CODESIZE* : 2687 (0x000A7F)
*CHECKSUM* : 0x00049B4D
*ISPMODE* : 2
*ISPRESULT* : 0
--------------------
[2024-07-07 13:16:47] : End
--------------------------------------------------
[2024-07-07 13:22:34] : Begin
--------------------
*MCUTYPE* : STC89C52RC/LE52RC
*MCUID* : F002C4B212708E
*FILENAME* : D:\大学读不了一点\大二下\MCU\_ks\KKfuben\Objects\Project.hex
*FILETIME* : 2024年07月07日, 13:22:21
*FILESIZE* : 6552 (0x001998)
*CODESIZE* : 2068 (0x000814)
*CHECKSUM* : 0x0003D12E
*ISPMODE* : 2
*ISPRESULT* : 0
--------------------
[2024-07-07 13:22:39] : End
--------------------------------------------------
[2024-07-07 13:27:07] : Begin
--------------------
*MCUTYPE* : STC89C52RC/LE52RC
*MCUID* : F002C4B212708E
*FILENAME* : D:\大学读不了一点\大二下\MCU\_ks\KKfuben\Objects\Project.hex
*FILETIME* : 2024年07月07日, 13:25:45
*FILESIZE* : 7131 (0x001BDB)
*CODESIZE* : 2273 (0x0008E1)
*CHECKSUM* : 0x0004274A
*ISPMODE* : 2
*ISPRESULT* : 0
--------------------
[2024-07-07 13:27:12] : End
--------------------------------------------------
[2024-07-07 13:30:08] : Begin
--------------------
*MCUTYPE* : STC89C52RC/LE52RC
*MCUID* : F002C4B212708E
*FILENAME* : D:\大学读不了一点\大二下\MCU\_ks\KKfuben\Objects\Project.hex
*FILETIME* : 2024年07月07日, 13:30:02
*FILESIZE* : 7131 (0x001BDB)
*CODESIZE* : 2273 (0x0008E1)
*CHECKSUM* : 0x000426C3
*ISPMODE* : 2
*ISPRESULT* : 0
--------------------
[2024-07-07 13:30:13] : End
--------------------------------------------------
[2024-07-07 13:31:18] : Begin
--------------------
*MCUTYPE* : STC89C52RC/LE52RC
*MCUID* : F002C4B212708E
*FILENAME* : D:\大学读不了一点\大二下\MCU\_ks\KKfuben\Objects\Project.hex
*FILETIME* : 2024年07月07日, 13:31:11
*FILESIZE* : 7119 (0x001BCF)
*CODESIZE* : 2267 (0x0008DB)
*CHECKSUM* : 0x00042460
*ISPMODE* : 2
*ISPRESULT* : 0
--------------------
[2024-07-07 13:31:22] : End
--------------------------------------------------
[2024-07-07 13:35:00] : Begin
--------------------
*MCUTYPE* : STC89C52RC/LE52RC
*MCUID* : F002C4B212708E
*FILENAME* : D:\大学读不了一点\大二下\MCU\_ks\KKfuben\Objects\Project.hex
*FILETIME* : 2024年07月07日, 13:34:53
*FILESIZE* : 6845 (0x001ABD)
*CODESIZE* : 2169 (0x000879)
*CHECKSUM* : 0x0003E8BE
*ISPMODE* : 2
*ISPRESULT* : 0
--------------------
[2024-07-07 13:35:05] : End
--------------------------------------------------
[2024-07-07 13:37:24] : Begin
--------------------
*MCUTYPE* : STC89C52RC/LE52RC
*MCUID* : F002C4B212708E
*FILENAME* : D:\大学读不了一点\大二下\MCU\_ks\KKfuben\Objects\Project.hex
*FILETIME* : 2024年07月07日, 13:37:13
*FILESIZE* : 7033 (0x001B79)
*CODESIZE* : 2237 (0x0008BD)
*CHECKSUM* : 0x00040DB9
*ISPMODE* : 2
*ISPRESULT* : 0
--------------------
[2024-07-07 13:37:29] : End
--------------------------------------------------
[2024-07-07 13:38:25] : Begin
--------------------
*MCUTYPE* : STC89C52RC/LE52RC
*MCUID* : F002C4B212708E
*FILENAME* : D:\大学读不了一点\大二下\MCU\_ks\KKfuben\Objects\Project.hex
*FILETIME* : 2024年07月07日, 13:38:22
*FILESIZE* : 6845 (0x001ABD)
*CODESIZE* : 2237 (0x0008BD)
*CHECKSUM* : 0x00040DB9
*ISPMODE* : 2
*ISPRESULT* : 0
--------------------
[2024-07-07 13:38:30] : End
--------------------------------------------------
[2024-07-07 13:57:09] : Begin
--------------------
*MCUTYPE* : STC89C52RC/LE52RC
*MCUID* : F002C4B212708E
*FILENAME* : D:\大学读不了一点\大二下\MCU\_ks\KKfuben\Objects\Project.hex
*FILETIME* : 2024年07月07日, 13:57:01
*FILESIZE* : 7033 (0x001B79)
*CODESIZE* : 2237 (0x0008BD)
*CHECKSUM* : 0x00040DBF
*ISPMODE* : 2
*ISPRESULT* : 0
--------------------
[2024-07-07 13:57:13] : End
--------------------------------------------------
[2024-07-07 15:20:37] : Begin
--------------------
*MCUTYPE* : STC89C52RC/LE52RC
*MCUID* : F002C4B212708E
*FILENAME* : D:\大学读不了一点\大二下\MCU\_ks\KKfuben\Objects\Project.hex
*FILETIME* : 2024年07月07日, 15:20:31
*FILESIZE* : 6872 (0x001AD8)
*CODESIZE* : 2176 (0x000880)
*CHECKSUM* : 0x0003ECB9
*ISPMODE* : 2
*ISPRESULT* : 0
--------------------
[2024-07-07 15:20:42] : End
--------------------------------------------------
[2024-07-07 15:22:28] : Begin
--------------------
*MCUTYPE* : STC89C52RC/LE52RC
*MCUID* : F002C4B212708E
*FILENAME* : D:\大学读不了一点\大二下\MCU\_ks\KKfuben\Objects\Project.hex
*FILETIME* : 2024年07月07日, 15:22:23
*FILESIZE* : 6845 (0x001ABD)
*CODESIZE* : 2169 (0x000879)
*CHECKSUM* : 0x0003E8C4
*ISPMODE* : 2
*ISPRESULT* : 0
--------------------
[2024-07-07 15:22:34] : End
--------------------------------------------------
[2024-07-07 15:24:29] : Begin
--------------------
*MCUTYPE* : STC89C52RC/LE52RC
*MCUID* : F002C4B212708E
*FILENAME* : D:\大学读不了一点\大二下\MCU\_ks\KKfuben\Objects\Project.hex
*FILETIME* : 2024年07月07日, 15:24:11
*FILESIZE* : 5334 (0x0014D6)
*CODESIZE* : 1721 (0x0006B9)
*CHECKSUM* : 0x00032247
*ISPMODE* : 2
*ISPRESULT* : 0
--------------------
[2024-07-07 15:24:35] : End
--------------------------------------------------
[2024-07-07 15:26:27] : Begin
--------------------
*MCUTYPE* : STC89C52RC/LE52RC
*MCUID* : F002C4B212708E
*FILENAME* : D:\大学读不了一点\大二下\MCU\_ks\KKfuben\Objects\Project.hex
*FILETIME* : 2024年07月07日, 15:26:23
*FILESIZE* : 5326 (0x0014CE)
*CODESIZE* : 1717 (0x0006B5)
*CHECKSUM* : 0x00031EEB
*ISPMODE* : 2
*ISPRESULT* : 0
--------------------
[2024-07-07 15:26:32] : End
--------------------------------------------------
[2024-07-07 15:27:52] : Begin
--------------------
*MCUTYPE* : STC89C52RC/LE52RC
*MCUID* : F002C4B212708E
*FILENAME* : D:\大学读不了一点\大二下\MCU\_ks\KKfuben\Objects\Project.hex
*FILETIME* : 2024年07月07日, 15:27:46
*FILESIZE* : 5334 (0x0014D6)
*CODESIZE* : 1721 (0x0006B9)
*CHECKSUM* : 0x0003224A
*ISPMODE* : 2
*ISPRESULT* : 0
--------------------
[2024-07-07 15:27:58] : End
--------------------------------------------------
[2024-07-07 15:29:55] : Begin
--------------------
*MCUTYPE* : STC89C52RC/LE52RC
*MCUID* : F002C4B212708E
*FILENAME* : D:\大学读不了一点\大二下\MCU\_ks\KKfuben\Objects\Project.hex
*FILETIME* : 2024年07月07日, 15:27:46
*FILESIZE* : 5334 (0x0014D6)
*CODESIZE* : 1721 (0x0006B9)
*CHECKSUM* : 0x0003224A
*ISPMODE* : 2
*ISPRESULT* : 0
--------------------
[2024-07-07 15:30:01] : End
--------------------------------------------------
[2024-07-07 15:39:54] : Begin
--------------------
*MCUTYPE* : STC89C52RC/LE52RC
*MCUID* : F002C4B212708E
*FILENAME* : D:\大学读不了一点\大二下\MCU\_ks\KKfuben\Objects\Project.hex
*FILETIME* : 2024年07月07日, 15:39:45
*FILESIZE* : 5346 (0x0014E2)
*CODESIZE* : 1727 (0x0006BF)
*CHECKSUM* : 0x00031E80
*ISPMODE* : 2
*ISPRESULT* : 0
--------------------
[2024-07-07 15:39:58] : End
--------------------------------------------------
[2024-07-07 15:42:52] : Begin
--------------------
*MCUTYPE* : STC89C52RC/LE52RC
*MCUID* : F002C4B212708E
*FILENAME* : D:\大学读不了一点\大二下\MCU\_ks\KKfuben\Objects\Project.hex
*FILETIME* : 2024年07月07日, 15:42:45
*FILESIZE* : 5410 (0x001522)
*CODESIZE* : 1746 (0x0006D2)
*CHECKSUM* : 0x000321E4
*ISPMODE* : 2
*ISPRESULT* : 0
--------------------
[2024-07-07 15:42:56] : End
--------------------------------------------------
[2024-07-07 16:17:07] : Begin
--------------------
*MCUTYPE* : STC89C52RC/LE52RC
*MCUID* : F00245F001FFE9
*FILENAME* : D:\大学读不了一点\大二下\MCU\_ks\KKKKKKzhuban\Objects\Project.hex
*FILETIME* : 2024年07月07日, 16:16:17
*FILESIZE* : 8783 (0x00224F)
*CODESIZE* : 2864 (0x000B30)
*CHECKSUM* : 0x0004D754
*ISPMODE* : 2
*ISPRESULT* : 0
--------------------
[2024-07-07 16:17:10] : End
--------------------------------------------------
[2024-07-07 16:20:55] : Begin
--------------------
*MCUTYPE* : STC89C52RC/LE52RC
*MCUID* : F002C4B212708E
*FILENAME* : D:\大学读不了一点\大二下\MCU\_ks\KKKKKKfuban\Objects\Project.hex
*FILETIME* : 2024年07月07日, 03:01:11
*FILESIZE* : 3959 (0x000F77)
*CODESIZE* : 1262 (0x0004EE)
*CHECKSUM* : 0x000225F7
*ISPMODE* : 2
*ISPRESULT* : 0
--------------------
[2024-07-07 16:20:59] : End
--------------------------------------------------
[2024-07-07 16:28:48] : Begin
--------------------
*MCUTYPE* : STC89C52RC/LE52RC
*MCUID* : F002C4B212708E
*FILENAME* : D:\大学读不了一点\大二下\MCU\_ks\KKKKKKfuban\Objects\Project.hex
*FILETIME* : 2024年07月07日, 03:01:11
*FILESIZE* : 3959 (0x000F77)
*CODESIZE* : 1262 (0x0004EE)
*CHECKSUM* : 0x000225F7
*ISPMODE* : 2
*ISPRESULT* : 0
--------------------
[2024-07-07 16:28:51] : End
--------------------------------------------------
[2024-07-07 16:30:14] : Begin
--------------------
*MCUTYPE* : STC89C52RC/LE52RC
*MCUID* : F002C4B212708E
*FILENAME* : D:\大学读不了一点\大二下\MCU\_ks\KKfuben\Objects\Project.hex
*FILETIME* : 2024年07月07日, 16:28:33
*FILESIZE* : 5465 (0x001559)
*CODESIZE* : 1767 (0x0006E7)
*CHECKSUM* : 0x00032B2C
*ISPMODE* : 2
*ISPRESULT* : 0
--------------------
[2024-07-07 16:30:18] : End
--------------------------------------------------
[2024-07-07 16:32:01] : Begin
--------------------
*MCUTYPE* : STC89C52RC/LE52RC
*MCUID* : F002C4B212708E
*FILENAME* : D:\大学读不了一点\大二下\MCU\_ks\KKfuben\Objects\Project.hex
*FILETIME* : 2024年07月07日, 16:31:53
*FILESIZE* : 5494 (0x001576)
*CODESIZE* : 1775 (0x0006EF)
*CHECKSUM* : 0x00032D4A
*ISPMODE* : 2
*ISPRESULT* : 0
--------------------
[2024-07-07 16:32:05] : End
--------------------------------------------------
[2024-07-07 16:36:22] : Begin
--------------------
*MCUTYPE* : STC89C52RC/LE52RC
*MCUID* : F002C4B212708E
*FILENAME* : D:\大学读不了一点\大二下\MCU\_ks\KKfuben\Objects\Project.hex
*FILETIME* : 2024年07月07日, 16:36:17
*FILESIZE* : 5465 (0x001559)
*CODESIZE* : 1767 (0x0006E7)
*CHECKSUM* : 0x00032B2C
*ISPMODE* : 2
*ISPRESULT* : 0
--------------------
[2024-07-07 16:36:28] : End
--------------------------------------------------
[2024-07-07 16:37:57] : Begin
--------------------
*MCUTYPE* : STC89C52RC/LE52RC
*MCUID* : F002C4B212708E
*FILENAME* : D:\大学读不了一点\大二下\MCU\_ks\KKfuben\Objects\Project.hex
*FILETIME* : 2024年07月07日, 16:36:17
*FILESIZE* : 5465 (0x001559)
*CODESIZE* : 1767 (0x0006E7)
*CHECKSUM* : 0x00032B2C
*ISPMODE* : 2
*ISPRESULT* : 0
--------------------
[2024-07-07 16:38:25] : End
--------------------------------------------------
