[2024-07-06 00:02:08] : Begin
--------------------
*MCUTYPE* : STC89C52RC/LE52RC
*FILENAME* : D:\大学读不了一点\大二下\MCU\_ks\HELLOL\Objects\Project.hex
*FILETIME* : 2024年07月06日, 00:01:57
*FILESIZE* : 8627 (0x0021B3)
*CODESIZE* : 2851 (0x000B23)
*CHECKSUM* : 0x0004CB08
*ISPMODE* : 2
*ISPRESULT* : 3
--------------------
[2024-07-06 00:02:09] : End
--------------------------------------------------
[2024-07-06 00:02:20] : Begin
--------------------
*MCUTYPE* : STC89C52RC/LE52RC
*MCUID* : F002C4B212708E
*FILENAME* : D:\大学读不了一点\大二下\MCU\_ks\HELLOL\Objects\Project.hex
*FILETIME* : 2024年07月06日, 00:01:57
*FILESIZE* : 8627 (0x0021B3)
*CODESIZE* : 2851 (0x000B23)
*CHECKSUM* : 0x0004CB08
*ISPMODE* : 2
*ISPRESULT* : 0
--------------------
[2024-07-06 00:02:24] : End
--------------------------------------------------
[2024-07-06 00:04:55] : Begin
--------------------
*MCUTYPE* : STC89C52RC/LE52RC
*MCUID* : F002C4B212708E
*FILENAME* : D:\大学读不了一点\大二下\MCU\_ks\HELLOL\Objects\Project.hex
*FILETIME* : 2024年07月06日, 00:04:36
*FILESIZE* : 8660 (0x0021D4)
*CODESIZE* : 2861 (0x000B2D)
*CHECKSUM* : 0x0004CBD2
*ISPMODE* : 2
*ISPRESULT* : 0
--------------------
[2024-07-06 00:05:00] : End
--------------------------------------------------
[2024-07-06 13:28:12] : Begin
--------------------
*MCUTYPE* : STC89C52RC/LE52RC
*FILENAME* : D:\大学读不了一点\大二下\MCU\实验1\循环显示8\Objects\Project.hex
*FILETIME* : 2024年07月06日, 13:25:31
*FILESIZE* : 906 (0x00038A)
*CODESIZE* : 297 (0x000129)
*CHECKSUM* : 0x00008EBA
*ISPMODE* : 2
*ISPRESULT* : -1
--------------------
[2024-07-06 13:28:14] : End
--------------------------------------------------
[2024-07-06 13:28:17] : Begin
--------------------
*MCUTYPE* : STC89C52RC/LE52RC
*FILENAME* : D:\大学读不了一点\大二下\MCU\实验1\循环显示8\Objects\Project.hex
*FILETIME* : 2024年07月06日, 13:25:31
*FILESIZE* : 906 (0x00038A)
*CODESIZE* : 297 (0x000129)
*CHECKSUM* : 0x00008EBA
*ISPMODE* : 2
*ISPRESULT* : -1
--------------------
[2024-07-06 13:28:19] : End
--------------------------------------------------
[2024-07-06 13:28:22] : Begin
--------------------
*MCUTYPE* : STC89C52RC/LE52RC
*FILENAME* : D:\大学读不了一点\大二下\MCU\实验1\循环显示8\Objects\Project.hex
*FILETIME* : 2024年07月06日, 13:25:31
*FILESIZE* : 906 (0x00038A)
*CODESIZE* : 297 (0x000129)
*CHECKSUM* : 0x00008EBA
*ISPMODE* : 2
*ISPRESULT* : -1
--------------------
[2024-07-06 13:28:24] : End
--------------------------------------------------
[2024-07-06 13:28:26] : Begin
--------------------
*MCUTYPE* : STC89C52RC/LE52RC
*FILENAME* : D:\大学读不了一点\大二下\MCU\实验1\循环显示8\Objects\Project.hex
*FILETIME* : 2024年07月06日, 13:25:31
*FILESIZE* : 906 (0x00038A)
*CODESIZE* : 297 (0x000129)
*CHECKSUM* : 0x00008EBA
*ISPMODE* : 2
*ISPRESULT* : -1
--------------------
[2024-07-06 13:28:28] : End
--------------------------------------------------
[2024-07-06 13:28:34] : Begin
--------------------
*MCUTYPE* : STC89C52RC/LE52RC
*FILENAME* : D:\大学读不了一点\大二下\MCU\实验1\循环显示8\Objects\Project.hex
*FILETIME* : 2024年07月06日, 13:25:31
*FILESIZE* : 906 (0x00038A)
*CODESIZE* : 297 (0x000129)
*CHECKSUM* : 0x00008EBA
*ISPMODE* : 2
*ISPRESULT* : -1
--------------------
[2024-07-06 13:28:35] : End
--------------------------------------------------
[2024-07-06 20:19:12] : Begin
--------------------
*MCUTYPE* : STC89C52RC/LE52RC
*MCUID* : F002C4B212708E
*FILENAME* : D:\大学读不了一点\大二下\MCU\_ks\HELLOL - 副本\Objects\Project.hex
*FILETIME* : 2024年07月06日, 20:18:37
*FILESIZE* : 8781 (0x00224D)
*CODESIZE* : 2864 (0x000B30)
*CHECKSUM* : 0x0004D8E0
*ISPMODE* : 2
*ISPRESULT* : 0
--------------------
[2024-07-06 20:19:17] : End
--------------------------------------------------
[2024-07-06 20:22:27] : Begin
--------------------
*MCUTYPE* : STC89C52RC/LE52RC
*MCUID* : F002C4B212708E
*FILENAME* : D:\大学读不了一点\大二下\MCU\_ks\HELLOL - 副本\Objects\Project.hex
*FILETIME* : 2024年07月06日, 20:22:05
*FILESIZE* : 8781 (0x00224D)
*CODESIZE* : 2864 (0x000B30)
*CHECKSUM* : 0x0004D9A8
*ISPMODE* : 2
*ISPRESULT* : 0
--------------------
[2024-07-06 20:22:30] : End
--------------------------------------------------
[2024-07-06 20:30:30] : Begin
--------------------
*MCUTYPE* : STC89C52RC/LE52RC
*MCUID* : F002C4B212708E
*FILENAME* : D:\大学读不了一点\大二下\MCU\_ks\HELLOL - 副本\Objects\Project.hex
*FILETIME* : 2024年07月06日, 20:30:06
*FILESIZE* : 8781 (0x00224D)
*CODESIZE* : 2864 (0x000B30)
*CHECKSUM* : 0x0004D8D6
*ISPMODE* : 2
*ISPRESULT* : 0
--------------------
[2024-07-06 20:30:34] : End
--------------------------------------------------
[2024-07-06 20:34:41] : Begin
--------------------
*MCUTYPE* : STC89C52RC/LE52RC
*FILENAME* : D:\大学读不了一点\大二下\MCU\_ks\仿真 代码 keil文件\仿真 代码 keil文件\keil 51\Objects\chuanganqi.hex
*FILETIME* : 2024年07月06日, 20:33:58
*FILESIZE* : 10972 (0x002ADC)
*CODESIZE* : 3629 (0x000E2D)
*CHECKSUM* : 0x0006B880
*ISPMODE* : 2
*ISPRESULT* : 3
--------------------
[2024-07-06 20:34:44] : End
--------------------------------------------------
[2024-07-06 20:34:58] : Begin
--------------------
*MCUTYPE* : STC89C52RC/LE52RC
*MCUID* : F002C4B212708E
*FILENAME* : D:\大学读不了一点\大二下\MCU\_ks\仿真 代码 keil文件\仿真 代码 keil文件\keil 51\Objects\chuanganqi.hex
*FILETIME* : 2024年07月06日, 20:33:58
*FILESIZE* : 10972 (0x002ADC)
*CODESIZE* : 3629 (0x000E2D)
*CHECKSUM* : 0x0006B880
*ISPMODE* : 2
*ISPRESULT* : 0
--------------------
[2024-07-06 20:35:03] : End
--------------------------------------------------
[2024-07-06 20:43:05] : Begin
--------------------
*MCUTYPE* : STC89C52RC/LE52RC
*MCUID* : F002C4B212708E
*FILENAME* : D:\大学读不了一点\大二下\MCU\_ks\仿真 代码 keil文件\仿真 代码 keil文件\keil 51\Objects\chuanganqi.hex
*FILETIME* : 2024年07月06日, 20:42:44
*FILESIZE* : 10970 (0x002ADA)
*CODESIZE* : 3628 (0x000E2C)
*CHECKSUM* : 0x0006B741
*ISPMODE* : 2
*ISPRESULT* : 0
--------------------
[2024-07-06 20:43:09] : End
--------------------------------------------------
[2024-07-06 20:47:25] : Begin
--------------------
*MCUTYPE* : STC89C52RC/LE52RC
*MCUID* : F002C4B212708E
*FILENAME* : D:\大学读不了一点\大二下\MCU\_ks\仿真 代码 keil文件\仿真 代码 keil文件\keil 51\Objects\chuanganqi.hex
*FILETIME* : 2024年07月06日, 20:47:06
*FILESIZE* : 5666 (0x001622)
*CODESIZE* : 1768 (0x0006E8)
*CHECKSUM* : 0x000337F4
*ISPMODE* : 2
*ISPRESULT* : 0
--------------------
[2024-07-06 20:47:30] : End
--------------------------------------------------
[2024-07-06 20:51:18] : Begin
--------------------
*MCUTYPE* : STC89C52RC/LE52RC
*FILENAME* : D:\大学读不了一点\大二下\MCU\_ks\仿真 代码 keil文件\仿真 代码 keil文件\keil 51\Objects\chuanganqi.hex
*FILETIME* : 2024年07月06日, 20:47:06
*FILESIZE* : 5666 (0x001622)
*CODESIZE* : 1768 (0x0006E8)
*CHECKSUM* : 0x000337F4
*ISPMODE* : 2
*ISPRESULT* : 3
--------------------
[2024-07-06 20:51:24] : End
--------------------------------------------------
[2024-07-06 20:53:10] : Begin
--------------------
*MCUTYPE* : STC89C52RC/LE52RC
*MCUID* : F002C4B212708E
*FILENAME* : D:\大学读不了一点\大二下\MCU\_ks\仿真 代码 keil文件\仿真 代码 keil文件\keil 51\Objects\chuanganqi.hex
*FILETIME* : 2024年07月06日, 20:52:57
*FILESIZE* : 5917 (0x00171D)
*CODESIZE* : 1768 (0x0006E8)
*CHECKSUM* : 0x000337F4
*ISPMODE* : 2
*ISPRESULT* : 0
--------------------
[2024-07-06 20:53:14] : End
--------------------------------------------------
[2024-07-06 20:54:21] : Begin
--------------------
*MCUTYPE* : STC89C52RC/LE52RC
*MCUID* : F002C4B212708E
*FILENAME* : D:\大学读不了一点\大二下\MCU\_ks\仿真 代码 keil文件\仿真 代码 keil文件\keil 51\Objects\chuanganqi.hex
*FILETIME* : 2024年07月06日, 20:54:18
*FILESIZE* : 5888 (0x001700)
*CODESIZE* : 1841 (0x000731)
*CHECKSUM* : 0x00034FBF
*ISPMODE* : 2
*ISPRESULT* : 0
--------------------
[2024-07-06 20:54:26] : End
--------------------------------------------------
[2024-07-06 20:55:37] : Begin
--------------------
*MCUTYPE* : STC89C52RC/LE52RC
*MCUID* : F002C4B212708E
*FILENAME* : D:\大学读不了一点\大二下\MCU\_ks\仿真 代码 keil文件\仿真 代码 keil文件\keil 51\Objects\chuanganqi.hex
*FILETIME* : 2024年07月06日, 20:55:24
*FILESIZE* : 5917 (0x00171D)
*CODESIZE* : 1849 (0x000739)
*CHECKSUM* : 0x00034C26
*ISPMODE* : 2
*ISPRESULT* : 0
--------------------
[2024-07-06 20:55:40] : End
--------------------------------------------------
[2024-07-06 20:56:21] : Begin
--------------------
*MCUTYPE* : STC89C52RC/LE52RC
*FILENAME* : D:\大学读不了一点\大二下\MCU\_ks\仿真 代码 keil文件\仿真 代码 keil文件\keil 51\Objects\chuanganqi.hex
*FILETIME* : 2024年07月06日, 20:56:04
*FILESIZE* : 5778 (0x001692)
*CODESIZE* : 1798 (0x000706)
*CHECKSUM* : 0x0003469B
*ISPMODE* : 2
*ISPRESULT* : 3
--------------------
[2024-07-06 20:56:24] : End
--------------------------------------------------
[2024-07-06 20:56:32] : Begin
--------------------
*MCUTYPE* : STC89C52RC/LE52RC
*MCUID* : F002C4B212708E
*FILENAME* : D:\大学读不了一点\大二下\MCU\_ks\仿真 代码 keil文件\仿真 代码 keil文件\keil 51\Objects\chuanganqi.hex
*FILETIME* : 2024年07月06日, 20:56:04
*FILESIZE* : 5778 (0x001692)
*CODESIZE* : 1798 (0x000706)
*CHECKSUM* : 0x0003469B
*ISPMODE* : 2
*ISPRESULT* : 0
--------------------
[2024-07-06 20:56:34] : End
--------------------------------------------------
[2024-07-06 20:58:58] : Begin
--------------------
*MCUTYPE* : STC89C52RC/LE52RC
*MCUID* : F002C4B212708E
*FILENAME* : D:\大学读不了一点\大二下\MCU\_ks\HELLOL - 副本\Objects\Project.hex
*FILETIME* : 2024年07月06日, 20:58:33
*FILESIZE* : 8808 (0x002268)
*CODESIZE* : 2871 (0x000B37)
*CHECKSUM* : 0x0004E003
*ISPMODE* : 2
*ISPRESULT* : 0
--------------------
[2024-07-06 20:59:02] : End
--------------------------------------------------
[2024-07-06 21:32:21] : Begin
--------------------
*MCUTYPE* : STC89C52RC/LE52RC
*MCUID* : F002C4B212708E
*FILENAME* : D:\大学读不了一点\大二下\MCU\_ks\HELLOL - 副本\Objects\Project.hex
*FILETIME* : 2024年07月06日, 21:32:16
*FILESIZE* : 8820 (0x002274)
*CODESIZE* : 2877 (0x000B3D)
*CHECKSUM* : 0x0004DAD1
*ISPMODE* : 2
*ISPRESULT* : 0
--------------------
[2024-07-06 21:32:25] : End
--------------------------------------------------
[2024-07-06 21:33:42] : Begin
--------------------
*MCUTYPE* : STC89C52RC/LE52RC
*MCUID* : F002C4B212708E
*FILENAME* : D:\大学读不了一点\大二下\MCU\_ks\HELLOL - 副本\Objects\Project.hex
*FILETIME* : 2024年07月06日, 21:33:15
*FILESIZE* : 8806 (0x002266)
*CODESIZE* : 2870 (0x000B36)
*CHECKSUM* : 0x0004DFBC
*ISPMODE* : 2
*ISPRESULT* : 0
--------------------
[2024-07-06 21:33:48] : End
--------------------------------------------------
[2024-07-06 21:37:10] : Begin
--------------------
*MCUTYPE* : STC89C52RC/LE52RC
*MCUID* : F002C4B212708E
*FILENAME* : D:\大学读不了一点\大二下\MCU\_ks\HELLOL\Objects\Project.hex
*FILETIME* : 2024年07月06日, 21:36:26
*FILESIZE* : 8660 (0x0021D4)
*CODESIZE* : 2861 (0x000B2D)
*CHECKSUM* : 0x0004CBD2
*ISPMODE* : 2
*ISPRESULT* : 0
--------------------
[2024-07-06 21:37:14] : End
--------------------------------------------------
[2024-07-06 21:38:56] : Begin
--------------------
*MCUTYPE* : STC89C52RC/LE52RC
*MCUID* : F002C4B212708E
*FILENAME* : D:\大学读不了一点\大二下\MCU\_ks\hello\Objects\Project.hex
*FILETIME* : 2024年07月06日, 21:38:33
*FILESIZE* : 7667 (0x001DF3)
*CODESIZE* : 2529 (0x0009E1)
*CHECKSUM* : 0x000478C8
*ISPMODE* : 2
*ISPRESULT* : 0
--------------------
[2024-07-06 21:39:02] : End
--------------------------------------------------
[2024-07-06 22:24:56] : Begin
--------------------
*MCUTYPE* : STC89C52RC/LE52RC
*MCUID* : F00245F001FFE9
*FILENAME* : D:\大学读不了一点\大二下\MCU\_ks\KKKKKK - 副本\Objects\Project.hex
*FILETIME* : 2024年07月06日, 22:24:18
*FILESIZE* : 8561 (0x002171)
*CODESIZE* : 2792 (0x000AE8)
*CHECKSUM* : 0x0004B2C9
*ISPMODE* : 2
*ISPRESULT* : 0
--------------------
[2024-07-06 22:25:03] : End
--------------------------------------------------
[2024-07-06 22:26:20] : Begin
--------------------
*MCUTYPE* : STC89C52RC/LE52RC
*MCUID* : F00245F001FFE9
*FILENAME* : D:\大学读不了一点\大二下\MCU\_ks\KKKKKK - 副本\Objects\Project.hex
*FILETIME* : 2024年07月06日, 22:26:03
*FILESIZE* : 8820 (0x002274)
*CODESIZE* : 2877 (0x000B3D)
*CHECKSUM* : 0x0004DAD1
*ISPMODE* : 2
*ISPRESULT* : 0
--------------------
[2024-07-06 22:26:25] : End
--------------------------------------------------
[2024-07-06 22:31:10] : Begin
--------------------
*MCUTYPE* : STC89C52RC/LE52RC
*FILENAME* : D:\大学读不了一点\大二下\MCU\_ks\KKKKKK - 副本\Objects\Project.hex
*FILETIME* : 2024年07月06日, 22:30:53
*FILESIZE* : 8588 (0x00218C)
*CODESIZE* : 2799 (0x000AEF)
*CHECKSUM* : 0x0004B5B4
*ISPMODE* : 2
*ISPRESULT* : 3
--------------------
[2024-07-06 22:31:16] : End
--------------------------------------------------
[2024-07-06 22:31:19] : Begin
--------------------
*MCUTYPE* : STC89C52RC/LE52RC
*FILENAME* : D:\大学读不了一点\大二下\MCU\_ks\KKKKKK - 副本\Objects\Project.hex
*FILETIME* : 2024年07月06日, 22:30:53
*FILESIZE* : 8588 (0x00218C)
*CODESIZE* : 2799 (0x000AEF)
*CHECKSUM* : 0x0004B5B4
*ISPMODE* : 2
*ISPRESULT* : 2
--------------------
[2024-07-06 22:31:26] : End
--------------------------------------------------
[2024-07-06 22:31:32] : Begin
--------------------
*MCUTYPE* : STC89C52RC/LE52RC
*FILENAME* : D:\大学读不了一点\大二下\MCU\_ks\KKKKKK - 副本\Objects\Project.hex
*FILETIME* : 2024年07月06日, 22:30:53
*FILESIZE* : 8588 (0x00218C)
*CODESIZE* : 2799 (0x000AEF)
*CHECKSUM* : 0x0004B5B4
*ISPMODE* : 2
*ISPRESULT* : 3
--------------------
[2024-07-06 22:31:38] : End
--------------------------------------------------
[2024-07-06 22:31:46] : Begin
--------------------
*MCUTYPE* : STC89C52RC/LE52RC
*MCUID* : F00245F001FFE9
*FILENAME* : D:\大学读不了一点\大二下\MCU\_ks\KKKKKK - 副本\Objects\Project.hex
*FILETIME* : 2024年07月06日, 22:30:53
*FILESIZE* : 8588 (0x00218C)
*CODESIZE* : 2799 (0x000AEF)
*CHECKSUM* : 0x0004B5B4
*ISPMODE* : 2
*ISPRESULT* : 0
--------------------
[2024-07-06 22:31:51] : End
--------------------------------------------------
[2024-07-06 22:35:22] : Begin
--------------------
*MCUTYPE* : STC89C52RC/LE52RC
*MCUID* : F00245F001FFE9
*FILENAME* : D:\大学读不了一点\大二下\MCU\_ks\KKKKKK - 副本\Objects\Project.hex
*FILETIME* : 2024年07月06日, 22:35:01
*FILESIZE* : 8545 (0x002161)
*CODESIZE* : 2784 (0x000AE0)
*CHECKSUM* : 0x0004AD21
*ISPMODE* : 2
*ISPRESULT* : 0
--------------------
[2024-07-06 22:35:25] : End
--------------------------------------------------
[2024-07-06 22:45:40] : Begin
--------------------
*MCUTYPE* : STC89C52RC/LE52RC
*MCUID* : F00245F001FFE9
*FILENAME* : D:\大学读不了一点\大二下\MCU\_ks\KKKKKK - 副本\Objects\Project.hex
*FILETIME* : 2024年07月06日, 22:37:47
*FILESIZE* : 8545 (0x002161)
*CODESIZE* : 2784 (0x000AE0)
*CHECKSUM* : 0x0004AD21
*ISPMODE* : 2
*ISPRESULT* : 0
--------------------
[2024-07-06 22:45:45] : End
--------------------------------------------------
[2024-07-06 22:48:19] : Begin
--------------------
*MCUTYPE* : STC89C52RC/LE52RC
*MCUID* : F00245F001FFE9
*FILENAME* : D:\大学读不了一点\大二下\MCU\_ks\KKKKKK - 副本\Objects\Project.hex
*FILETIME* : 2024年07月06日, 22:48:13
*FILESIZE* : 8545 (0x002161)
*CODESIZE* : 2784 (0x000AE0)
*CHECKSUM* : 0x0004AD31
*ISPMODE* : 2
*ISPRESULT* : 0
--------------------
[2024-07-06 22:48:25] : End
--------------------------------------------------
[2024-07-06 22:53:44] : Begin
--------------------
*MCUTYPE* : STC89C52RC/LE52RC
*MCUID* : F00245F001FFE9
*FILENAME* : D:\大学读不了一点\大二下\MCU\_ks\KKKKKK - 副本\Objects\Project.hex
*FILETIME* : 2024年07月06日, 22:53:35
*FILESIZE* : 8647 (0x0021C7)
*CODESIZE* : 2822 (0x000B06)
*CHECKSUM* : 0x0004CA63
*ISPMODE* : 2
*ISPRESULT* : 0
--------------------
[2024-07-06 22:53:48] : End
--------------------------------------------------
[2024-07-06 22:54:54] : Begin
--------------------
*MCUTYPE* : STC89C52RC/LE52RC
*MCUID* : F00245F001FFE9
*FILENAME* : D:\大学读不了一点\大二下\MCU\_ks\KKKKKK - 副本\Objects\Project.hex
*FILETIME* : 2024年07月06日, 22:54:46
*FILESIZE* : 8647 (0x0021C7)
*CODESIZE* : 2822 (0x000B06)
*CHECKSUM* : 0x0004CA6A
*ISPMODE* : 2
*ISPRESULT* : 0
--------------------
[2024-07-06 22:55:05] : End
--------------------------------------------------
[2024-07-06 23:00:57] : Begin
--------------------
*MCUTYPE* : STC89C52RC/LE52RC
*MCUID* : F00245F001FFE9
*FILENAME* : D:\大学读不了一点\大二下\MCU\_ks\KKKKKK - 副本\Objects\Project.hex
*FILETIME* : 2024年07月06日, 23:00:32
*FILESIZE* : 8813 (0x00226D)
*CODESIZE* : 2879 (0x000B3F)
*CHECKSUM* : 0x0004D707
*ISPMODE* : 2
*ISPRESULT* : 0
--------------------
[2024-07-06 23:01:01] : End
--------------------------------------------------
[2024-07-06 23:02:08] : Begin
--------------------
*MCUTYPE* : STC89C52RC/LE52RC
*MCUID* : F00245F001FFE9
*FILENAME* : D:\大学读不了一点\大二下\MCU\_ks\KKKKKK - 副本\Objects\Project.hex
*FILETIME* : 2024年07月06日, 23:01:43
*FILESIZE* : 8688 (0x0021F0)
*CODESIZE* : 2836 (0x000B14)
*CHECKSUM* : 0x0004C8BB
*ISPMODE* : 2
*ISPRESULT* : 0
--------------------
[2024-07-06 23:02:12] : End
--------------------------------------------------
[2024-07-06 23:03:43] : Begin
--------------------
*MCUTYPE* : STC89C52RC/LE52RC
*MCUID* : F00245F001FFE9
*FILENAME* : D:\大学读不了一点\大二下\MCU\_ks\KKKKKK - 副本\Objects\Project.hex
*FILETIME* : 2024年07月06日, 23:03:28
*FILESIZE* : 8688 (0x0021F0)
*CODESIZE* : 2836 (0x000B14)
*CHECKSUM* : 0x0004C8BB
*ISPMODE* : 2
*ISPRESULT* : 0
--------------------
[2024-07-06 23:03:47] : End
--------------------------------------------------
[2024-07-06 23:07:30] : Begin
--------------------
*MCUTYPE* : STC89C52RC/LE52RC
*MCUID* : F00245F001FFE9
*FILENAME* : D:\大学读不了一点\大二下\MCU\_ks\KKKKKK - 副本\Objects\Project.hex
*FILETIME* : 2024年07月06日, 23:06:56
*FILESIZE* : 8647 (0x0021C7)
*CODESIZE* : 2822 (0x000B06)
*CHECKSUM* : 0x0004CA6A
*ISPMODE* : 2
*ISPRESULT* : 0
--------------------
[2024-07-06 23:07:35] : End
--------------------------------------------------
[2024-07-06 23:09:50] : Begin
--------------------
*MCUTYPE* : STC89C52RC/LE52RC
*MCUID* : F00245F001FFE9
*FILENAME* : D:\大学读不了一点\大二下\MCU\_ks\KKKKKK - 副本\Objects\Project.hex
*FILETIME* : 2024年07月06日, 23:09:29
*FILESIZE* : 8688 (0x0021F0)
*CODESIZE* : 2836 (0x000B14)
*CHECKSUM* : 0x0004C8BB
*ISPMODE* : 2
*ISPRESULT* : 0
--------------------
[2024-07-06 23:09:53] : End
--------------------------------------------------
[2024-07-06 23:16:54] : Begin
--------------------
*MCUTYPE* : STC89C52RC/LE52RC
*MCUID* : F00245F001FFE9
*FILENAME* : D:\大学读不了一点\大二下\MCU\_ks\KKKKKK - 副本\Objects\Project.hex
*FILETIME* : 2024年07月06日, 23:16:40
*FILESIZE* : 8688 (0x0021F0)
*CODESIZE* : 2836 (0x000B14)
*CHECKSUM* : 0x0004C8BB
*ISPMODE* : 2
*ISPRESULT* : 0
--------------------
[2024-07-06 23:16:57] : End
--------------------------------------------------
[2024-07-06 23:17:22] : Begin
--------------------
*MCUTYPE* : STC89C52RC/LE52RC
*FILENAME* : D:\大学读不了一点\大二下\MCU\_ks\KKKKKK - 副本\Objects\Project.hex
*FILETIME* : 2024年07月06日, 23:16:40
*FILESIZE* : 8688 (0x0021F0)
*CODESIZE* : 2836 (0x000B14)
*CHECKSUM* : 0x0004C8BB
*ISPMODE* : 2
*ISPRESULT* : 3
--------------------
[2024-07-06 23:17:24] : End
--------------------------------------------------
[2024-07-06 23:39:19] : Begin
--------------------
*MCUTYPE* : STC89C52RC/LE52RC
*MCUID* : F00245F001FFE9
*FILENAME* : D:\大学读不了一点\大二下\MCU\_ks\KKKKKK - 副本\Objects\Project.hex
*FILETIME* : 2024年07月06日, 23:38:58
*FILESIZE* : 8846 (0x00228E)
*CODESIZE* : 2889 (0x000B49)
*CHECKSUM* : 0x0004DE81
*ISPMODE* : 2
*ISPRESULT* : 0
--------------------
[2024-07-06 23:39:24] : End
--------------------------------------------------
[2024-07-06 23:46:50] : Begin
--------------------
*MCUTYPE* : STC89C52RC/LE52RC
*MCUID* : F00245F001FFE9
*FILENAME* : D:\大学读不了一点\大二下\MCU\_ks\KKKKKK - 副本\Objects\Project.hex
*FILETIME* : 2024年07月06日, 23:46:34
*FILESIZE* : 8655 (0x0021CF)
*CODESIZE* : 2826 (0x000B0A)
*CHECKSUM* : 0x0004C938
*ISPMODE* : 2
*ISPRESULT* : 0
--------------------
[2024-07-06 23:46:56] : End
--------------------------------------------------
[2024-07-06 23:48:01] : Begin
--------------------
*MCUTYPE* : STC89C52RC/LE52RC
*FILENAME* : D:\大学读不了一点\大二下\MCU\_ks\KKKKKK - 副本\Objects\Project.hex
*FILETIME* : 2024年07月06日, 23:47:55
*FILESIZE* : 8784 (0x002250)
*CODESIZE* : 2871 (0x000B37)
*CHECKSUM* : 0x0004DA54
*ISPMODE* : 2
*ISPRESULT* : 3
--------------------
[2024-07-06 23:48:19] : End
--------------------------------------------------
[2024-07-06 23:48:20] : Begin
--------------------
*MCUTYPE* : STC89C52RC/LE52RC
*MCUID* : F00245F001FFE9
*FILENAME* : D:\大学读不了一点\大二下\MCU\_ks\KKKKKK - 副本\Objects\Project.hex
*FILETIME* : 2024年07月06日, 23:47:55
*FILESIZE* : 8784 (0x002250)
*CODESIZE* : 2871 (0x000B37)
*CHECKSUM* : 0x0004DA54
*ISPMODE* : 2
*ISPRESULT* : 0
--------------------
[2024-07-06 23:48:24] : End
--------------------------------------------------
[2024-07-06 23:48:29] : Begin
--------------------
*MCUTYPE* : STC89C52RC/LE52RC
*MCUID* : F00245F001FFE9
*FILENAME* : D:\大学读不了一点\大二下\MCU\_ks\KKKKKK - 副本\Objects\Project.hex
*FILETIME* : 2024年07月06日, 23:47:55
*FILESIZE* : 8784 (0x002250)
*CODESIZE* : 2871 (0x000B37)
*CHECKSUM* : 0x0004DA54
*ISPMODE* : 2
*ISPRESULT* : 0
--------------------
[2024-07-06 23:48:35] : End
--------------------------------------------------
[2024-07-06 23:50:20] : Begin
--------------------
*MCUTYPE* : STC89C52RC/LE52RC
*MCUID* : F00245F001FFE9
*FILENAME* : D:\大学读不了一点\大二下\MCU\_ks\KKKKKK - 副本\Objects\Project.hex
*FILETIME* : 2024年07月06日, 23:50:03
*FILESIZE* : 8655 (0x0021CF)
*CODESIZE* : 2826 (0x000B0A)
*CHECKSUM* : 0x0004C938
*ISPMODE* : 2
*ISPRESULT* : 0
--------------------
[2024-07-06 23:50:24] : End
--------------------------------------------------
[2024-07-06 23:56:14] : Begin
--------------------
*MCUTYPE* : STC89C52RC/LE52RC
*MCUID* : F00245F001FFE9
*FILENAME* : D:\大学读不了一点\大二下\MCU\_ks\KKKKKK - 副本\Objects\Project.hex
*FILETIME* : 2024年07月06日, 23:55:52
*FILESIZE* : 8882 (0x0022B2)
*CODESIZE* : 2907 (0x000B5B)
*CHECKSUM* : 0x0004DE7D
*ISPMODE* : 2
*ISPRESULT* : 0
--------------------
[2024-07-06 23:56:17] : End
--------------------------------------------------
[2024-07-06 23:58:27] : Begin
--------------------
*MCUTYPE* : STC89C52RC/LE52RC
*MCUID* : F00245F001FFE9
*FILENAME* : D:\大学读不了一点\大二下\MCU\_ks\KKKKKK - 副本\Objects\Project.hex
*FILETIME* : 2024年07月06日, 23:58:00
*FILESIZE* : 8655 (0x0021CF)
*CODESIZE* : 2826 (0x000B0A)
*CHECKSUM* : 0x0004C92E
*ISPMODE* : 2
*ISPRESULT* : 0
--------------------
[2024-07-06 23:58:31] : End
--------------------------------------------------
