[2024-06-21 16:03:02] : Begin
--------------------
*MCUTYPE* : STC89C52RC/LE52RC
*MCUID* : F002C61B11E46E
*FILENAME* : D:\大学读不了一点\大二下\MCU\__0\8-1 串口向电脑发送数据\Objects\Project.hex
*FILETIME* : 2024年06月21日, 16:02:47
*FILESIZE* : 315 (0x00013B)
*CODESIZE* : 86 (0x000056)
*CHECKSUM* : 0x000024B6
*ISPMODE* : 2
*ISPRESULT* : 0
--------------------
[2024-06-21 16:03:07] : End
--------------------------------------------------
[2024-06-21 16:10:43] : Begin
--------------------
*MCUTYPE* : STC89C52RC/LE52RC
*MCUID* : F002C61B11E46E
*FILENAME* : D:\大学读不了一点\大二下\MCU\__0\shiyan4-串口\Objects\定时器.hex
*FILETIME* : 2024年06月21日, 16:10:14
*FILESIZE* : 382 (0x00017E)
*CODESIZE* : 114 (0x000072)
*CHECKSUM* : 0x000039C1
*ISPMODE* : 2
*ISPRESULT* : 0
--------------------
[2024-06-21 16:10:47] : End
--------------------------------------------------
[2024-06-21 16:12:54] : Begin
--------------------
*MCUTYPE* : STC89C52RC/LE52RC
*MCUID* : F002C61B11E46F
*FILENAME* : D:\大学读不了一点\大二下\MCU\__0\shiyan4-串口\Objects\定时器.hex
*FILETIME* : 2024年06月21日, 16:10:14
*FILESIZE* : 382 (0x00017E)
*CODESIZE* : 114 (0x000072)
*CHECKSUM* : 0x000039C1
*ISPMODE* : 2
*ISPRESULT* : 0
--------------------
[2024-06-21 16:12:57] : End
--------------------------------------------------
[2024-06-21 16:14:41] : Begin
--------------------
*MCUTYPE* : STC89C52RC/LE52RC
*MCUID* : F002C61B11E46E
*FILENAME* : D:\大学读不了一点\大二下\MCU\__0\shiyan4-串口\Objects\定时器.hex
*FILETIME* : 2024年06月21日, 16:14:32
*FILESIZE* : 1213 (0x0004BD)
*CODESIZE* : 114 (0x000072)
*CHECKSUM* : 0x000039C1
*ISPMODE* : 2
*ISPRESULT* : 0
--------------------
[2024-06-21 16:14:45] : End
--------------------------------------------------
[2024-06-21 16:19:30] : Begin
--------------------
*MCUTYPE* : STC89C52RC/LE52RC
*FILENAME* : D:\大学读不了一点\大二下\MCU\__0\shiyan4-串口\Objects\定时器.hex
*FILETIME* : 2024年06月21日, 16:19:12
*FILESIZE* : 892 (0x00037C)
*CODESIZE* : 290 (0x000122)
*CHECKSUM* : 0x000085D0
*ISPMODE* : 2
*ISPRESULT* : -1
--------------------
[2024-06-21 16:19:32] : End
--------------------------------------------------
[2024-06-21 16:19:35] : Begin
--------------------
*MCUTYPE* : STC89C52RC/LE52RC
*MCUID* : F002C61B11E46E
*FILENAME* : D:\大学读不了一点\大二下\MCU\__0\shiyan4-串口\Objects\定时器.hex
*FILETIME* : 2024年06月21日, 16:19:12
*FILESIZE* : 892 (0x00037C)
*CODESIZE* : 290 (0x000122)
*CHECKSUM* : 0x000085D0
*ISPMODE* : 2
*ISPRESULT* : 0
--------------------
[2024-06-21 16:19:39] : End
--------------------------------------------------
[2024-06-21 16:22:42] : Begin
--------------------
*MCUTYPE* : STC89C52RC/LE52RC
*MCUID* : F002C61B11E46E
*FILENAME* : D:\大学读不了一点\大二下\MCU\__0\shiyan4-串口\Objects\定时器.hex
*FILETIME* : 2024年06月21日, 16:22:34
*FILESIZE* : 876 (0x00036C)
*CODESIZE* : 282 (0x00011A)
*CHECKSUM* : 0x0000823C
*ISPMODE* : 2
*ISPRESULT* : 0
--------------------
[2024-06-21 16:22:45] : End
--------------------------------------------------
[2024-06-21 16:25:42] : Begin
--------------------
*MCUTYPE* : STC89C52RC/LE52RC
*FILENAME* : D:\大学读不了一点\大二下\MCU\__0\shiyan4-串口\Objects\定时器.hex
*FILETIME* : 2024年06月21日, 16:25:30
*FILESIZE* : 382 (0x00017E)
*CODESIZE* : 114 (0x000072)
*CHECKSUM* : 0x000039C1
*ISPMODE* : 2
*ISPRESULT* : -1
--------------------
[2024-06-21 16:25:44] : End
--------------------------------------------------
[2024-06-21 16:25:48] : Begin
--------------------
*MCUTYPE* : STC89C52RC/LE52RC
*MCUID* : F002C61B11E46E
*FILENAME* : D:\大学读不了一点\大二下\MCU\__0\shiyan4-串口\Objects\定时器.hex
*FILETIME* : 2024年06月21日, 16:25:30
*FILESIZE* : 382 (0x00017E)
*CODESIZE* : 114 (0x000072)
*CHECKSUM* : 0x000039C1
*ISPMODE* : 2
*ISPRESULT* : 0
--------------------
[2024-06-21 16:25:52] : End
--------------------------------------------------
[2024-06-21 16:34:57] : Begin
--------------------
*MCUTYPE* : STC89C52RC/LE52RC
*MCUID* : F002C61B11E46E
*FILENAME* : D:\大学读不了一点\大二下\MCU\__0\shiyan4-串口\Objects\定时器.hex
*FILETIME* : 2024年06月21日, 16:34:50
*FILESIZE* : 386 (0x000182)
*CODESIZE* : 114 (0x000072)
*CHECKSUM* : 0x000039C1
*ISPMODE* : 2
*ISPRESULT* : 0
--------------------
[2024-06-21 16:35:01] : End
--------------------------------------------------
[2024-06-21 16:37:04] : Begin
--------------------
*MCUTYPE* : STC89C52RC/LE52RC
*FILENAME* : D:\大学读不了一点\大二下\MCU\__0\shiyan4-串口\Objects\定时器.hex
*FILETIME* : 2024年06月21日, 16:36:54
*FILESIZE* : 835 (0x000343)
*CODESIZE* : 271 (0x00010F)
*CHECKSUM* : 0x00008202
*ISPMODE* : 2
*ISPRESULT* : -1
--------------------
[2024-06-21 16:37:05] : End
--------------------------------------------------
[2024-06-21 16:37:09] : Begin
--------------------
*MCUTYPE* : STC89C52RC/LE52RC
*MCUID* : F002C61B11E46E
*FILENAME* : D:\大学读不了一点\大二下\MCU\__0\shiyan4-串口\Objects\定时器.hex
*FILETIME* : 2024年06月21日, 16:36:54
*FILESIZE* : 835 (0x000343)
*CODESIZE* : 271 (0x00010F)
*CHECKSUM* : 0x00008202
*ISPMODE* : 2
*ISPRESULT* : 0
--------------------
[2024-06-21 16:37:14] : End
--------------------------------------------------
[2024-06-21 16:38:21] : Begin
--------------------
*MCUTYPE* : STC89C52RC/LE52RC
*FILENAME* : D:\大学读不了一点\大二下\MCU\__0\shiyan4-串口\Objects\定时器.hex
*FILETIME* : 2024年06月21日, 16:38:09
*FILESIZE* : 382 (0x00017E)
*CODESIZE* : 114 (0x000072)
*CHECKSUM* : 0x000039C1
*ISPMODE* : 2
*ISPRESULT* : -1
--------------------
[2024-06-21 16:38:22] : End
--------------------------------------------------
[2024-06-21 16:38:26] : Begin
--------------------
*MCUTYPE* : STC89C52RC/LE52RC
*MCUID* : F002C61B11E46E
*FILENAME* : D:\大学读不了一点\大二下\MCU\__0\shiyan4-串口\Objects\定时器.hex
*FILETIME* : 2024年06月21日, 16:38:09
*FILESIZE* : 382 (0x00017E)
*CODESIZE* : 114 (0x000072)
*CHECKSUM* : 0x000039C1
*ISPMODE* : 2
*ISPRESULT* : 0
--------------------
[2024-06-21 16:38:29] : End
--------------------------------------------------
[2024-06-21 16:41:24] : Begin
--------------------
*MCUTYPE* : STC89C52RC/LE52RC
*FILENAME* : D:\大学读不了一点\大二下\MCU\__0\shiyan4-串口\Objects\定时器.hex
*FILETIME* : 2024年06月21日, 16:41:18
*FILESIZE* : 1704 (0x0006A8)
*CODESIZE* : 114 (0x000072)
*CHECKSUM* : 0x000039C1
*ISPMODE* : 2
*ISPRESULT* : -1
--------------------
[2024-06-21 16:41:28] : End
--------------------------------------------------
[2024-06-21 16:41:41] : Begin
--------------------
*MCUTYPE* : STC89C52RC/LE52RC
*MCUID* : F002C61B11E46E
*FILENAME* : D:\大学读不了一点\大二下\MCU\__0\shiyan4-串口\Objects\定时器.hex
*FILETIME* : 2024年06月21日, 16:41:18
*FILESIZE* : 1704 (0x0006A8)
*CODESIZE* : 571 (0x00023B)
*CHECKSUM* : 0x000112B7
*ISPMODE* : 2
*ISPRESULT* : 0
--------------------
[2024-06-21 16:41:44] : End
--------------------------------------------------
[2024-06-21 16:42:59] : Begin
--------------------
*MCUTYPE* : STC89C52RC/LE52RC
*FILENAME* : D:\大学读不了一点\大二下\MCU\__0\shiyan4-串口\Objects\定时器.hex
*FILETIME* : 2024年06月21日, 16:42:49
*FILESIZE* : 385 (0x000181)
*CODESIZE* : 109 (0x00006D)
*CHECKSUM* : 0x000032FB
*ISPMODE* : 2
*ISPRESULT* : -1
--------------------
[2024-06-21 16:43:02] : End
--------------------------------------------------
[2024-06-21 16:43:05] : Begin
--------------------
*MCUTYPE* : STC89C52RC/LE52RC
*MCUID* : F002C61B11E46E
*FILENAME* : D:\大学读不了一点\大二下\MCU\__0\shiyan4-串口\Objects\定时器.hex
*FILETIME* : 2024年06月21日, 16:42:49
*FILESIZE* : 385 (0x000181)
*CODESIZE* : 109 (0x00006D)
*CHECKSUM* : 0x000032FB
*ISPMODE* : 2
*ISPRESULT* : 0
--------------------
[2024-06-21 16:43:09] : End
--------------------------------------------------
[2024-06-21 16:44:34] : Begin
--------------------
*MCUTYPE* : STC89C52RC/LE52RC
*MCUID* : F002C61B11E46E
*FILENAME* : D:\大学读不了一点\大二下\MCU\__0\shiyan4-串口\Objects\定时器.hex
*FILETIME* : 2024年06月21日, 16:44:24
*FILESIZE* : 382 (0x00017E)
*CODESIZE* : 114 (0x000072)
*CHECKSUM* : 0x000039C1
*ISPMODE* : 2
*ISPRESULT* : 0
--------------------
[2024-06-21 16:44:38] : End
--------------------------------------------------
[2024-06-21 16:49:53] : Begin
--------------------
*MCUTYPE* : STC89C52RC/LE52RC
*FILENAME* : D:\大学读不了一点\大二下\MCU\__0\shiyan4-串口\Objects\定时器.hex
*FILETIME* : 2024年06月21日, 16:49:40
*FILESIZE* : 398 (0x00018E)
*CODESIZE* : 121 (0x000079)
*CHECKSUM* : 0x00003C71
*ISPMODE* : 2
*ISPRESULT* : -1
--------------------
[2024-06-21 16:49:55] : End
--------------------------------------------------
[2024-06-21 16:49:59] : Begin
--------------------
*MCUTYPE* : STC89C52RC/LE52RC
*MCUID* : F002C61B11E46E
*FILENAME* : D:\大学读不了一点\大二下\MCU\__0\shiyan4-串口\Objects\定时器.hex
*FILETIME* : 2024年06月21日, 16:49:40
*FILESIZE* : 398 (0x00018E)
*CODESIZE* : 121 (0x000079)
*CHECKSUM* : 0x00003C71
*ISPMODE* : 2
*ISPRESULT* : 0
--------------------
[2024-06-21 16:50:02] : End
--------------------------------------------------
[2024-06-21 16:51:33] : Begin
--------------------
*MCUTYPE* : STC89C52RC/LE52RC
*FILENAME* : D:\大学读不了一点\大二下\MCU\__0\shiyan4-串口\Objects\定时器.hex
*FILETIME* : 2024年06月21日, 16:51:25
*FILESIZE* : 394 (0x00018A)
*CODESIZE* : 121 (0x000079)
*CHECKSUM* : 0x00003D7C
*ISPMODE* : 2
*ISPRESULT* : -1
--------------------
[2024-06-21 16:51:34] : End
--------------------------------------------------
[2024-06-21 16:51:37] : Begin
--------------------
*MCUTYPE* : STC89C52RC/LE52RC
*MCUID* : F002C61B11E46E
*FILENAME* : D:\大学读不了一点\大二下\MCU\__0\shiyan4-串口\Objects\定时器.hex
*FILETIME* : 2024年06月21日, 16:51:25
*FILESIZE* : 394 (0x00018A)
*CODESIZE* : 121 (0x000079)
*CHECKSUM* : 0x00003D7C
*ISPMODE* : 2
*ISPRESULT* : 0
--------------------
[2024-06-21 16:51:47] : End
--------------------------------------------------
[2024-06-21 16:55:16] : Begin
--------------------
*MCUTYPE* : STC89C52RC/LE52RC
*FILENAME* : D:\大学读不了一点\大二下\MCU\__0\shiyan4-串口\Objects\定时器.hex
*FILETIME* : 2024年06月21日, 16:55:09
*FILESIZE* : 394 (0x00018A)
*CODESIZE* : 121 (0x000079)
*CHECKSUM* : 0x00003D79
*ISPMODE* : 2
*ISPRESULT* : -1
--------------------
[2024-06-21 16:55:18] : End
--------------------------------------------------
[2024-06-21 16:55:21] : Begin
--------------------
*MCUTYPE* : STC89C52RC/LE52RC
*MCUID* : F002C61B11E46E
*FILENAME* : D:\大学读不了一点\大二下\MCU\__0\shiyan4-串口\Objects\定时器.hex
*FILETIME* : 2024年06月21日, 16:55:09
*FILESIZE* : 394 (0x00018A)
*CODESIZE* : 121 (0x000079)
*CHECKSUM* : 0x00003D79
*ISPMODE* : 2
*ISPRESULT* : 0
--------------------
[2024-06-21 16:55:24] : End
--------------------------------------------------
[2024-06-21 16:56:35] : Begin
--------------------
*MCUTYPE* : STC89C52RC/LE52RC
*MCUID* : F002C61B11E46E
*FILENAME* : D:\大学读不了一点\大二下\MCU\__0\shiyan4-串口\Objects\定时器.hex
*FILETIME* : 2024年06月21日, 16:55:09
*FILESIZE* : 394 (0x00018A)
*CODESIZE* : 121 (0x000079)
*CHECKSUM* : 0x00003D79
*ISPMODE* : 2
*ISPRESULT* : 0
--------------------
[2024-06-21 16:56:39] : End
--------------------------------------------------
[2024-06-21 16:57:33] : Begin
--------------------
*MCUTYPE* : STC89C52RC/LE52RC
*MCUID* : F002C61B11E46E
*FILENAME* : D:\大学读不了一点\大二下\MCU\__0\shiyan4-串口\Objects\定时器.hex
*FILETIME* : 2024年06月21日, 16:57:23
*FILESIZE* : 394 (0x00018A)
*CODESIZE* : 121 (0x000079)
*CHECKSUM* : 0x00003D79
*ISPMODE* : 2
*ISPRESULT* : 0
--------------------
[2024-06-21 16:57:36] : End
--------------------------------------------------
[2024-06-21 16:59:53] : Begin
--------------------
*MCUTYPE* : STC89C52RC/LE52RC
*FILENAME* : D:\大学读不了一点\大二下\MCU\__0\shiyan4-串口\Objects\定时器.hex
*FILETIME* : 2024年06月21日, 16:59:46
*FILESIZE* : 417 (0x0001A1)
*CODESIZE* : 126 (0x00007E)
*CHECKSUM* : 0x00003ED9
*ISPMODE* : 2
*ISPRESULT* : -1
--------------------
[2024-06-21 16:59:54] : End
--------------------------------------------------
[2024-06-21 16:59:58] : Begin
--------------------
*MCUTYPE* : STC89C52RC/LE52RC
*MCUID* : F002C61B11E46E
*FILENAME* : D:\大学读不了一点\大二下\MCU\__0\shiyan4-串口\Objects\定时器.hex
*FILETIME* : 2024年06月21日, 16:59:46
*FILESIZE* : 417 (0x0001A1)
*CODESIZE* : 126 (0x00007E)
*CHECKSUM* : 0x00003ED9
*ISPMODE* : 2
*ISPRESULT* : 0
--------------------
[2024-06-21 17:00:02] : End
--------------------------------------------------
[2024-06-21 17:07:05] : Begin
--------------------
*MCUTYPE* : STC89C52RC/LE52RC
*FILENAME* : D:\大学读不了一点\大二下\MCU\__0\shiyan4-串口\Objects\定时器.hex
*FILETIME* : 2024年06月21日, 17:06:57
*FILESIZE* : 417 (0x0001A1)
*CODESIZE* : 126 (0x00007E)
*CHECKSUM* : 0x00003E69
*ISPMODE* : 2
*ISPRESULT* : -1
--------------------
[2024-06-21 17:07:07] : End
--------------------------------------------------
[2024-06-21 17:07:11] : Begin
--------------------
*MCUTYPE* : STC89C52RC/LE52RC
*MCUID* : F002C61B11E46E
*FILENAME* : D:\大学读不了一点\大二下\MCU\__0\shiyan4-串口\Objects\定时器.hex
*FILETIME* : 2024年06月21日, 17:06:57
*FILESIZE* : 417 (0x0001A1)
*CODESIZE* : 126 (0x00007E)
*CHECKSUM* : 0x00003E69
*ISPMODE* : 2
*ISPRESULT* : 0
--------------------
[2024-06-21 17:07:14] : End
--------------------------------------------------
[2024-06-21 17:08:09] : Begin
--------------------
*MCUTYPE* : STC89C52RC/LE52RC
*FILENAME* : D:\大学读不了一点\大二下\MCU\__0\shiyan4-串口\Objects\定时器.hex
*FILETIME* : 2024年06月21日, 17:08:06
*FILESIZE* : 305 (0x000131)
*CODESIZE* : 126 (0x00007E)
*CHECKSUM* : 0x00003E69
*ISPMODE* : 2
*ISPRESULT* : -1
--------------------
[2024-06-21 17:08:11] : End
--------------------------------------------------
[2024-06-21 17:08:14] : Begin
--------------------
*MCUTYPE* : STC89C52RC/LE52RC
*MCUID* : F002C61B11E46E
*FILENAME* : D:\大学读不了一点\大二下\MCU\__0\shiyan4-串口\Objects\定时器.hex
*FILETIME* : 2024年06月21日, 17:08:06
*FILESIZE* : 305 (0x000131)
*CODESIZE* : 83 (0x000053)
*CHECKSUM* : 0x00002650
*ISPMODE* : 2
*ISPRESULT* : 0
--------------------
[2024-06-21 17:08:17] : End
--------------------------------------------------
[2024-06-21 17:10:36] : Begin
--------------------
*MCUTYPE* : STC89C52RC/LE52RC
*FILENAME* : D:\大学读不了一点\大二下\MCU\__0\shiyan4-串口\Objects\定时器.hex
*FILETIME* : 2024年06月21日, 17:10:26
*FILESIZE* : 573 (0x00023D)
*CODESIZE* : 178 (0x0000B2)
*CHECKSUM* : 0x000059F7
*ISPMODE* : 2
*ISPRESULT* : -1
--------------------
[2024-06-21 17:10:37] : End
--------------------------------------------------
[2024-06-21 17:10:41] : Begin
--------------------
*MCUTYPE* : STC89C52RC/LE52RC
*MCUID* : F002C61B11E46E
*FILENAME* : D:\大学读不了一点\大二下\MCU\__0\shiyan4-串口\Objects\定时器.hex
*FILETIME* : 2024年06月21日, 17:10:26
*FILESIZE* : 573 (0x00023D)
*CODESIZE* : 178 (0x0000B2)
*CHECKSUM* : 0x000059F7
*ISPMODE* : 2
*ISPRESULT* : 0
--------------------
[2024-06-21 17:10:45] : End
--------------------------------------------------
[2024-06-21 17:13:06] : Begin
--------------------
*MCUTYPE* : STC89C52RC/LE52RC
*FILENAME* : D:\大学读不了一点\大二下\MCU\__0\shiyan4-串口\Objects\定时器.hex
*FILETIME* : 2024年06月21日, 17:12:57
*FILESIZE* : 513 (0x000201)
*CODESIZE* : 161 (0x0000A1)
*CHECKSUM* : 0x000051F6
*ISPMODE* : 2
*ISPRESULT* : -1
--------------------
[2024-06-21 17:13:07] : End
--------------------------------------------------
[2024-06-21 17:13:11] : Begin
--------------------
*MCUTYPE* : STC89C52RC/LE52RC
*MCUID* : F002C61B11E46E
*FILENAME* : D:\大学读不了一点\大二下\MCU\__0\shiyan4-串口\Objects\定时器.hex
*FILETIME* : 2024年06月21日, 17:12:57
*FILESIZE* : 513 (0x000201)
*CODESIZE* : 161 (0x0000A1)
*CHECKSUM* : 0x000051F6
*ISPMODE* : 2
*ISPRESULT* : 0
--------------------
[2024-06-21 17:13:14] : End
--------------------------------------------------
[2024-06-21 17:13:51] : Begin
--------------------
*MCUTYPE* : STC89C52RC/LE52RC
*MCUID* : F002C61B11E46E
*FILENAME* : D:\大学读不了一点\大二下\MCU\__0\shiyan4-串口\Objects\定时器.hex
*FILETIME* : 2024年06月21日, 17:13:45
*FILESIZE* : 662 (0x000296)
*CODESIZE* : 161 (0x0000A1)
*CHECKSUM* : 0x000051F6
*ISPMODE* : 2
*ISPRESULT* : 0
--------------------
[2024-06-21 17:13:54] : End
--------------------------------------------------
[2024-06-21 17:14:14] : Begin
--------------------
*MCUTYPE* : STC89C52RC/LE52RC
*MCUID* : F002C61B11E46E
*FILENAME* : D:\大学读不了一点\大二下\MCU\__0\shiyan4-串口\Objects\定时器.hex
*FILETIME* : 2024年06月21日, 17:13:45
*FILESIZE* : 662 (0x000296)
*CODESIZE* : 216 (0x0000D8)
*CHECKSUM* : 0x00006DB6
*ISPMODE* : 2
*ISPRESULT* : 0
--------------------
[2024-06-21 17:14:19] : End
--------------------------------------------------
[2024-06-21 17:15:40] : Begin
--------------------
*MCUTYPE* : STC89C52RC/LE52RC
*MCUID* : F002C61B11E46E
*FILENAME* : D:\大学读不了一点\大二下\MCU\__0\shiyan4-串口\Objects\定时器.hex
*FILETIME* : 2024年06月21日, 17:15:34
*FILESIZE* : 531 (0x000213)
*CODESIZE* : 170 (0x0000AA)
*CHECKSUM* : 0x00005717
*ISPMODE* : 2
*ISPRESULT* : 0
--------------------
[2024-06-21 17:15:45] : End
--------------------------------------------------
[2024-06-21 17:16:38] : Begin
--------------------
*MCUTYPE* : STC89C52RC/LE52RC
*FILENAME* : D:\大学读不了一点\大二下\MCU\__0\shiyan4-串口\Objects\定时器.hex
*FILETIME* : 2024年06月21日, 17:16:28
*FILESIZE* : 417 (0x0001A1)
*CODESIZE* : 126 (0x00007E)
*CHECKSUM* : 0x00003ED9
*ISPMODE* : 2
*ISPRESULT* : -1
--------------------
[2024-06-21 17:16:39] : End
--------------------------------------------------
[2024-06-21 17:16:43] : Begin
--------------------
*MCUTYPE* : STC89C52RC/LE52RC
*MCUID* : F002C61B11E46E
*FILENAME* : D:\大学读不了一点\大二下\MCU\__0\shiyan4-串口\Objects\定时器.hex
*FILETIME* : 2024年06月21日, 17:16:28
*FILESIZE* : 417 (0x0001A1)
*CODESIZE* : 126 (0x00007E)
*CHECKSUM* : 0x00003ED9
*ISPMODE* : 2
*ISPRESULT* : 0
--------------------
[2024-06-21 17:16:46] : End
--------------------------------------------------
[2024-06-21 17:17:39] : Begin
--------------------
*MCUTYPE* : STC89C52RC/LE52RC
*MCUID* : F002C61B11E46E
*FILENAME* : D:\大学读不了一点\大二下\MCU\__0\shiyan4-串口\Objects\定时器.hex
*FILETIME* : 2024年06月21日, 17:17:30
*FILESIZE* : 417 (0x0001A1)
*CODESIZE* : 126 (0x00007E)
*CHECKSUM* : 0x00003ED6
*ISPMODE* : 2
*ISPRESULT* : 0
--------------------
[2024-06-21 17:17:43] : End
--------------------------------------------------
[2024-06-21 17:18:07] : Begin
--------------------
*MCUTYPE* : STC89C52RC/LE52RC
*FILENAME* : D:\大学读不了一点\大二下\MCU\__0\shiyan4-串口\Objects\定时器.hex
*FILETIME* : 2024年06月21日, 17:18:01
*FILESIZE* : 417 (0x0001A1)
*CODESIZE* : 126 (0x00007E)
*CHECKSUM* : 0x00003EC2
*ISPMODE* : 2
*ISPRESULT* : -1
--------------------
[2024-06-21 17:18:09] : End
--------------------------------------------------
[2024-06-21 17:18:18] : Begin
--------------------
*MCUTYPE* : STC89C52RC/LE52RC
*MCUID* : F002C61B11E46E
*FILENAME* : D:\大学读不了一点\大二下\MCU\__0\shiyan4-串口\Objects\定时器.hex
*FILETIME* : 2024年06月21日, 17:18:01
*FILESIZE* : 417 (0x0001A1)
*CODESIZE* : 126 (0x00007E)
*CHECKSUM* : 0x00003EC2
*ISPMODE* : 2
*ISPRESULT* : 0
--------------------
[2024-06-21 17:18:21] : End
--------------------------------------------------
[2024-06-21 17:19:21] : Begin
--------------------
*MCUTYPE* : STC89C52RC/LE52RC
*MCUID* : F002C61B11E46E
*FILENAME* : D:\大学读不了一点\大二下\MCU\__0\shiyan4-串口\Objects\定时器.hex
*FILETIME* : 2024年06月21日, 17:19:14
*FILESIZE* : 417 (0x0001A1)
*CODESIZE* : 126 (0x00007E)
*CHECKSUM* : 0x00003ED9
*ISPMODE* : 2
*ISPRESULT* : 0
--------------------
[2024-06-21 17:19:25] : End
--------------------------------------------------
[2024-06-21 17:22:15] : Begin
--------------------
*MCUTYPE* : STC89C52RC/LE52RC
*FILENAME* : D:\大学读不了一点\大二下\MCU\__0\shiyan4-串口\Objects\定时器.hex
*FILETIME* : 2024年06月21日, 17:22:04
*FILESIZE* : 411 (0x00019B)
*CODESIZE* : 123 (0x00007B)
*CHECKSUM* : 0x00003D79
*ISPMODE* : 2
*ISPRESULT* : -1
--------------------
[2024-06-21 17:22:16] : End
--------------------------------------------------
[2024-06-21 17:22:20] : Begin
--------------------
*MCUTYPE* : STC89C52RC/LE52RC
*MCUID* : F002C61B11E46E
*FILENAME* : D:\大学读不了一点\大二下\MCU\__0\shiyan4-串口\Objects\定时器.hex
*FILETIME* : 2024年06月21日, 17:22:04
*FILESIZE* : 411 (0x00019B)
*CODESIZE* : 123 (0x00007B)
*CHECKSUM* : 0x00003D79
*ISPMODE* : 2
*ISPRESULT* : 0
--------------------
[2024-06-21 17:22:24] : End
--------------------------------------------------
[2024-06-21 17:24:26] : Begin
--------------------
*MCUTYPE* : STC89C52RC/LE52RC
*FILENAME* : D:\大学读不了一点\大二下\MCU\__0\shiyan4-串口\Objects\定时器.hex
*FILETIME* : 2024年06月21日, 17:24:15
*FILESIZE* : 417 (0x0001A1)
*CODESIZE* : 126 (0x00007E)
*CHECKSUM* : 0x00003ED9
*ISPMODE* : 2
*ISPRESULT* : -1
--------------------
[2024-06-21 17:24:27] : End
--------------------------------------------------
[2024-06-21 17:24:32] : Begin
--------------------
*MCUTYPE* : STC89C52RC/LE52RC
*MCUID* : F002C61B11E46E
*FILENAME* : D:\大学读不了一点\大二下\MCU\__0\shiyan4-串口\Objects\定时器.hex
*FILETIME* : 2024年06月21日, 17:24:15
*FILESIZE* : 417 (0x0001A1)
*CODESIZE* : 126 (0x00007E)
*CHECKSUM* : 0x00003ED9
*ISPMODE* : 2
*ISPRESULT* : 0
--------------------
[2024-06-21 17:24:36] : End
--------------------------------------------------
[2024-06-21 17:24:50] : Begin
--------------------
*MCUTYPE* : STC89C52RC/LE52RC
*MCUID* : F002C61B11E46E
*FILENAME* : D:\大学读不了一点\大二下\MCU\__0\shiyan4-串口\Objects\定时器.hex
*FILETIME* : 2024年06月21日, 17:24:15
*FILESIZE* : 417 (0x0001A1)
*CODESIZE* : 126 (0x00007E)
*CHECKSUM* : 0x00003ED9
*ISPMODE* : 2
*ISPRESULT* : 0
--------------------
[2024-06-21 17:24:54] : End
--------------------------------------------------
[2024-06-21 17:33:31] : Begin
--------------------
*MCUTYPE* : STC89C52RC/LE52RC
*FILENAME* : D:\大学读不了一点\大二下\MCU\__0\shiyan4-串口\Objects\定时器.hex
*FILETIME* : 2024年06月21日, 17:33:22
*FILESIZE* : 714 (0x0002CA)
*CODESIZE* : 216 (0x0000D8)
*CHECKSUM* : 0x000064BE
*ISPMODE* : 2
*ISPRESULT* : -1
--------------------
[2024-06-21 17:33:32] : End
--------------------------------------------------
[2024-06-21 17:33:48] : Begin
--------------------
*MCUTYPE* : STC89C52RC/LE52RC
*MCUID* : F002C61B11E46E
*FILENAME* : D:\大学读不了一点\大二下\MCU\__0\shiyan4-串口\Objects\定时器.hex
*FILETIME* : 2024年06月21日, 17:33:22
*FILESIZE* : 714 (0x0002CA)
*CODESIZE* : 216 (0x0000D8)
*CHECKSUM* : 0x000064BE
*ISPMODE* : 2
*ISPRESULT* : 0
--------------------
[2024-06-21 17:33:51] : End
--------------------------------------------------
[2024-06-21 17:35:03] : Begin
--------------------
*MCUTYPE* : STC89C52RC/LE52RC
*MCUID* : F002C61B11E46E
*FILENAME* : D:\大学读不了一点\大二下\MCU\__0\shiyan4-串口\Objects\定时器.hex
*FILETIME* : 2024年06月21日, 17:34:53
*FILESIZE* : 417 (0x0001A1)
*CODESIZE* : 126 (0x00007E)
*CHECKSUM* : 0x00003ED9
*ISPMODE* : 2
*ISPRESULT* : 0
--------------------
[2024-06-21 17:35:07] : End
--------------------------------------------------
[2024-06-21 17:36:50] : Begin
--------------------
*MCUTYPE* : STC89C52RC/LE52RC
*FILENAME* : D:\大学读不了一点\大二下\MCU\__0\shiyan4-串口\Objects\定时器.hex
*FILETIME* : 2024年06月21日, 17:36:43
*FILESIZE* : 688 (0x0002B0)
*CODESIZE* : 216 (0x0000D8)
*CHECKSUM* : 0x000064BA
*ISPMODE* : 2
*ISPRESULT* : -1
--------------------
[2024-06-21 17:36:51] : End
--------------------------------------------------
[2024-06-21 17:36:55] : Begin
--------------------
*MCUTYPE* : STC89C52RC/LE52RC
*MCUID* : F002C61B11E46E
*FILENAME* : D:\大学读不了一点\大二下\MCU\__0\shiyan4-串口\Objects\定时器.hex
*FILETIME* : 2024年06月21日, 17:36:43
*FILESIZE* : 688 (0x0002B0)
*CODESIZE* : 216 (0x0000D8)
*CHECKSUM* : 0x000064BA
*ISPMODE* : 2
*ISPRESULT* : 0
--------------------
[2024-06-21 17:37:06] : End
--------------------------------------------------
[2024-06-21 17:38:23] : Begin
--------------------
*MCUTYPE* : STC89C52RC/LE52RC
*MCUID* : F002C61B11E46E
*FILENAME* : D:\大学读不了一点\大二下\MCU\__0\shiyan4-串口\Objects\定时器.hex
*FILETIME* : 2024年06月21日, 17:38:17
*FILESIZE* : 417 (0x0001A1)
*CODESIZE* : 216 (0x0000D8)
*CHECKSUM* : 0x000064BA
*ISPMODE* : 2
*ISPRESULT* : 0
--------------------
[2024-06-21 17:38:27] : End
--------------------------------------------------
[2024-06-21 17:38:32] : Begin
--------------------
*MCUTYPE* : STC89C52RC/LE52RC
*MCUID* : F002C61B11E46E
*FILENAME* : D:\大学读不了一点\大二下\MCU\__0\shiyan4-串口\Objects\定时器.hex
*FILETIME* : 2024年06月21日, 17:38:17
*FILESIZE* : 417 (0x0001A1)
*CODESIZE* : 126 (0x00007E)
*CHECKSUM* : 0x00003ED9
*ISPMODE* : 2
*ISPRESULT* : 0
--------------------
[2024-06-21 17:38:35] : End
--------------------------------------------------
[2024-06-21 17:40:17] : Begin
--------------------
*MCUTYPE* : STC89C52RC/LE52RC
*FILENAME* : D:\大学读不了一点\大二下\MCU\__0\shiyan4-串口\Objects\定时器.hex
*FILETIME* : 2024年06月21日, 17:40:06
*FILESIZE* : 417 (0x0001A1)
*CODESIZE* : 126 (0x00007E)
*CHECKSUM* : 0x00003ED9
*ISPMODE* : 2
*ISPRESULT* : -1
--------------------
[2024-06-21 17:40:18] : End
--------------------------------------------------
[2024-06-21 17:40:34] : Begin
--------------------
*MCUTYPE* : STC89C52RC/LE52RC
*MCUID* : F002C61B11E46E
*FILENAME* : D:\大学读不了一点\大二下\MCU\__0\shiyan4-串口\Objects\定时器.hex
*FILETIME* : 2024年06月21日, 17:40:06
*FILESIZE* : 417 (0x0001A1)
*CODESIZE* : 126 (0x00007E)
*CHECKSUM* : 0x00003ED9
*ISPMODE* : 2
*ISPRESULT* : 0
--------------------
[2024-06-21 17:40:37] : End
--------------------------------------------------
[2024-06-21 17:44:15] : Begin
--------------------
*MCUTYPE* : STC89C52RC/LE52RC
*MCUID* : F002C40714E3BE
*FILENAME* : D:\大学读不了一点\大二下\MCU\__0\shiyan4-串口\Objects\定时器.hex
*FILETIME* : 2024年06月21日, 17:40:06
*FILESIZE* : 417 (0x0001A1)
*CODESIZE* : 126 (0x00007E)
*CHECKSUM* : 0x00003ED9
*ISPMODE* : 2
*ISPRESULT* : 0
--------------------
[2024-06-21 17:44:20] : End
--------------------------------------------------
[2024-06-21 17:45:45] : Begin
--------------------
*MCUTYPE* : STC89C52RC/LE52RC
*FILENAME* : D:\大学读不了一点\大二下\MCU\__0\shiyan4-串口\Objects\定时器.hex
*FILETIME* : 2024年06月21日, 17:45:28
*FILESIZE* : 688 (0x0002B0)
*CODESIZE* : 216 (0x0000D8)
*CHECKSUM* : 0x000064BA
*ISPMODE* : 2
*ISPRESULT* : -1
--------------------
[2024-06-21 17:45:46] : End
--------------------------------------------------
[2024-06-21 17:45:50] : Begin
--------------------
*MCUTYPE* : STC89C52RC/LE52RC
*MCUID* : F002C40714E3BE
*FILENAME* : D:\大学读不了一点\大二下\MCU\__0\shiyan4-串口\Objects\定时器.hex
*FILETIME* : 2024年06月21日, 17:45:28
*FILESIZE* : 688 (0x0002B0)
*CODESIZE* : 216 (0x0000D8)
*CHECKSUM* : 0x000064BA
*ISPMODE* : 2
*ISPRESULT* : 0
--------------------
[2024-06-21 17:45:54] : End
--------------------------------------------------
[2024-06-21 17:47:09] : Begin
--------------------
*MCUTYPE* : STC89C52RC/LE52RC
*FILENAME* : D:\大学读不了一点\大二下\MCU\__0\shiyan4-串口\Objects\定时器.hex
*FILETIME* : 2024年06月21日, 17:47:00
*FILESIZE* : 411 (0x00019B)
*CODESIZE* : 123 (0x00007B)
*CHECKSUM* : 0x00003C9A
*ISPMODE* : 2
*ISPRESULT* : -1
--------------------
[2024-06-21 17:47:10] : End
--------------------------------------------------
[2024-06-21 17:47:13] : Begin
--------------------
*MCUTYPE* : STC89C52RC/LE52RC
*MCUID* : F002C40714E3BE
*FILENAME* : D:\大学读不了一点\大二下\MCU\__0\shiyan4-串口\Objects\定时器.hex
*FILETIME* : 2024年06月21日, 17:47:00
*FILESIZE* : 411 (0x00019B)
*CODESIZE* : 123 (0x00007B)
*CHECKSUM* : 0x00003C9A
*ISPMODE* : 2
*ISPRESULT* : 0
--------------------
[2024-06-21 17:47:17] : End
--------------------------------------------------
[2024-06-21 17:47:38] : Begin
--------------------
*MCUTYPE* : STC89C52RC/LE52RC
*FILENAME* : D:\大学读不了一点\大二下\MCU\__0\shiyan4-串口\Objects\定时器.hex
*FILETIME* : 2024年06月21日, 17:47:30
*FILESIZE* : 417 (0x0001A1)
*CODESIZE* : 126 (0x00007E)
*CHECKSUM* : 0x00003D61
*ISPMODE* : 2
*ISPRESULT* : -1
--------------------
[2024-06-21 17:47:39] : End
--------------------------------------------------
[2024-06-21 17:47:44] : Begin
--------------------
*MCUTYPE* : STC89C52RC/LE52RC
*MCUID* : F002C40714E3BE
*FILENAME* : D:\大学读不了一点\大二下\MCU\__0\shiyan4-串口\Objects\定时器.hex
*FILETIME* : 2024年06月21日, 17:47:30
*FILESIZE* : 417 (0x0001A1)
*CODESIZE* : 126 (0x00007E)
*CHECKSUM* : 0x00003D61
*ISPMODE* : 2
*ISPRESULT* : 0
--------------------
[2024-06-21 17:47:47] : End
--------------------------------------------------
[2024-06-21 17:48:24] : Begin
--------------------
*MCUTYPE* : STC89C52RC/LE52RC
*FILENAME* : D:\大学读不了一点\大二下\MCU\__0\shiyan4-串口\Objects\定时器.hex
*FILETIME* : 2024年06月21日, 17:48:15
*FILESIZE* : 298 (0x00012A)
*CODESIZE* : 88 (0x000058)
*CHECKSUM* : 0x00002946
*ISPMODE* : 2
*ISPRESULT* : -1
--------------------
[2024-06-21 17:48:26] : End
--------------------------------------------------
[2024-06-21 17:48:30] : Begin
--------------------
*MCUTYPE* : STC89C52RC/LE52RC
*MCUID* : F002C40714E3BE
*FILENAME* : D:\大学读不了一点\大二下\MCU\__0\shiyan4-串口\Objects\定时器.hex
*FILETIME* : 2024年06月21日, 17:48:15
*FILESIZE* : 298 (0x00012A)
*CODESIZE* : 88 (0x000058)
*CHECKSUM* : 0x00002946
*ISPMODE* : 2
*ISPRESULT* : 0
--------------------
[2024-06-21 17:48:33] : End
--------------------------------------------------
[2024-06-21 17:49:38] : Begin
--------------------
*MCUTYPE* : STC89C52RC/LE52RC
*FILENAME* : D:\大学读不了一点\大二下\MCU\__0\shiyan4-串口\Objects\定时器.hex
*FILETIME* : 2024年06月21日, 17:49:28
*FILESIZE* : 417 (0x0001A1)
*CODESIZE* : 126 (0x00007E)
*CHECKSUM* : 0x00003ED9
*ISPMODE* : 2
*ISPRESULT* : -1
--------------------
[2024-06-21 17:49:40] : End
--------------------------------------------------
[2024-06-21 17:49:43] : Begin
--------------------
*MCUTYPE* : STC89C52RC/LE52RC
*MCUID* : F002C40714E3BE
*FILENAME* : D:\大学读不了一点\大二下\MCU\__0\shiyan4-串口\Objects\定时器.hex
*FILETIME* : 2024年06月21日, 17:49:28
*FILESIZE* : 417 (0x0001A1)
*CODESIZE* : 126 (0x00007E)
*CHECKSUM* : 0x00003ED9
*ISPMODE* : 2
*ISPRESULT* : 0
--------------------
[2024-06-21 17:49:46] : End
--------------------------------------------------
[2024-06-21 17:50:14] : Begin
--------------------
*MCUTYPE* : STC89C52RC/LE52RC
*FILENAME* : D:\大学读不了一点\大二下\MCU\__0\shiyan4-串口\Objects\定时器.hex
*FILETIME* : 2024年06月21日, 17:49:58
*FILESIZE* : 411 (0x00019B)
*CODESIZE* : 123 (0x00007B)
*CHECKSUM* : 0x00003C9A
*ISPMODE* : 2
*ISPRESULT* : -1
--------------------
[2024-06-21 17:50:15] : End
--------------------------------------------------
[2024-06-21 17:50:18] : Begin
--------------------
*MCUTYPE* : STC89C52RC/LE52RC
*FILENAME* : D:\大学读不了一点\大二下\MCU\__0\shiyan4-串口\Objects\定时器.hex
*FILETIME* : 2024年06月21日, 17:49:58
*FILESIZE* : 411 (0x00019B)
*CODESIZE* : 123 (0x00007B)
*CHECKSUM* : 0x00003C9A
*ISPMODE* : 2
*ISPRESULT* : -1
--------------------
[2024-06-21 17:50:19] : End
--------------------------------------------------
[2024-06-21 17:50:23] : Begin
--------------------
*MCUTYPE* : STC89C52RC/LE52RC
*MCUID* : F002C40714E3BE
*FILENAME* : D:\大学读不了一点\大二下\MCU\__0\shiyan4-串口\Objects\定时器.hex
*FILETIME* : 2024年06月21日, 17:49:58
*FILESIZE* : 411 (0x00019B)
*CODESIZE* : 123 (0x00007B)
*CHECKSUM* : 0x00003C9A
*ISPMODE* : 2
*ISPRESULT* : 0
--------------------
[2024-06-21 17:50:26] : End
--------------------------------------------------
