[2024-06-15 00:01:18] : Begin
--------------------
*MCUTYPE* : STC89C52RC/LE52RC
*MCUID* : F002C4B212708E
*FILENAME* : D:\大学读不了一点\大二下\MCU\_ks\hello\Objects\Project.hex
*FILETIME* : 2024年06月15日, 00:00:41
*FILESIZE* : 3963 (0x000F7B)
*CODESIZE* : 1312 (0x000520)
*CHECKSUM* : 0x00026AC5
*ISPMODE* : 2
*ISPRESULT* : 0
--------------------
[2024-06-15 00:01:21] : End
--------------------------------------------------
[2024-06-15 00:06:02] : Begin
--------------------
*MCUTYPE* : STC89C52RC/LE52RC
*MCUID* : F002C4B212708E
*FILENAME* : D:\大学读不了一点\大二下\MCU\_ks\hello\Objects\Project.hex
*FILETIME* : 2024年06月15日, 00:05:36
*FILESIZE* : 4000 (0x000FA0)
*CODESIZE* : 1324 (0x00052C)
*CHECKSUM* : 0x00026EF2
*ISPMODE* : 2
*ISPRESULT* : 0
--------------------
[2024-06-15 00:06:06] : End
--------------------------------------------------
[2024-06-15 00:23:02] : Begin
--------------------
*MCUTYPE* : STC89C52RC/LE52RC
*MCUID* : F002C4B212708E
*FILENAME* : D:\大学读不了一点\大二下\MCU\_ks\hello\Objects\Project.hex
*FILETIME* : 2024年06月15日, 00:22:34
*FILESIZE* : 5625 (0x0015F9)
*CODESIZE* : 1896 (0x000768)
*CHECKSUM* : 0x00034DE0
*ISPMODE* : 2
*ISPRESULT* : 0
--------------------
[2024-06-15 00:23:05] : End
--------------------------------------------------
[2024-06-15 00:30:12] : Begin
--------------------
*MCUTYPE* : STC89C52RC/LE52RC
*MCUID* : F002C4B212708E
*FILENAME* : D:\大学读不了一点\大二下\MCU\_ks\hello\Objects\Project.hex
*FILETIME* : 2024年06月15日, 00:29:45
*FILESIZE* : 5625 (0x0015F9)
*CODESIZE* : 1896 (0x000768)
*CHECKSUM* : 0x00034D9E
*ISPMODE* : 2
*ISPRESULT* : 0
--------------------
[2024-06-15 00:30:16] : End
--------------------------------------------------
[2024-06-15 00:33:14] : Begin
--------------------
*MCUTYPE* : STC89C52RC/LE52RC
*MCUID* : F002C4B212708E
*FILENAME* : D:\大学读不了一点\大二下\MCU\_ks\hello\Objects\Project.hex
*FILETIME* : 2024年06月15日, 00:32:31
*FILESIZE* : 4541 (0x0011BD)
*CODESIZE* : 1510 (0x0005E6)
*CHECKSUM* : 0x0002BB05
*ISPMODE* : 2
*ISPRESULT* : 0
--------------------
[2024-06-15 00:33:17] : End
--------------------------------------------------
[2024-06-15 01:06:24] : Begin
--------------------
*MCUTYPE* : STC89C52RC/LE52RC
*MCUID* : F002C4B212708E
*FILENAME* : D:\大学读不了一点\大二下\MCU\_ks\hello\Objects\Project.hex
*FILETIME* : 2024年06月15日, 01:05:46
*FILESIZE* : 4679 (0x001247)
*CODESIZE* : 1555 (0x000613)
*CHECKSUM* : 0x0002CA63
*ISPMODE* : 2
*ISPRESULT* : 0
--------------------
[2024-06-15 01:06:28] : End
--------------------------------------------------
[2024-06-15 01:22:35] : Begin
--------------------
*MCUTYPE* : STC89C52RC/LE52RC
*MCUID* : F002C4B212708E
*FILENAME* : D:\大学读不了一点\大二下\MCU\_ks\hello\Objects\Project.hex
*FILETIME* : 2024年06月15日, 01:22:09
*FILESIZE* : 4687 (0x00124F)
*CODESIZE* : 1559 (0x000617)
*CHECKSUM* : 0x0002CB13
*ISPMODE* : 2
*ISPRESULT* : 0
--------------------
[2024-06-15 01:22:38] : End
--------------------------------------------------
[2024-06-15 01:30:30] : Begin
--------------------
*MCUTYPE* : STC89C52RC/LE52RC
*MCUID* : F002C4B212708E
*FILENAME* : D:\大学读不了一点\大二下\MCU\_ks\hello\Objects\Project.hex
*FILETIME* : 2024年06月15日, 01:30:07
*FILESIZE* : 4624 (0x001210)
*CODESIZE* : 1534 (0x0005FE)
*CHECKSUM* : 0x0002C5E7
*ISPMODE* : 2
*ISPRESULT* : 0
--------------------
[2024-06-15 01:30:35] : End
--------------------------------------------------
[2024-06-15 01:33:25] : Begin
--------------------
*MCUTYPE* : STC89C52RC/LE52RC
*FILENAME* : D:\大学读不了一点\大二下\MCU\_ks\hello\Objects\Project.hex
*FILETIME* : 2024年06月15日, 01:33:13
*FILESIZE* : 5708 (0x00164C)
*CODESIZE* : 1920 (0x000780)
*CHECKSUM* : 0x00035D97
*ISPMODE* : 2
*ISPRESULT* : 2
--------------------
[2024-06-15 01:33:33] : End
--------------------------------------------------
[2024-06-15 01:35:47] : Begin
--------------------
*MCUTYPE* : STC89C52RC/LE52RC
*FILENAME* : D:\大学读不了一点\大二下\MCU\_ks\hello\Objects\Project.hex
*FILETIME* : 2024年06月15日, 01:35:24
*FILESIZE* : 5708 (0x00164C)
*CODESIZE* : 1920 (0x000780)
*CHECKSUM* : 0x00035D97
*ISPMODE* : 2
*ISPRESULT* : 2
--------------------
[2024-06-15 01:35:56] : End
--------------------------------------------------
[2024-06-15 01:45:29] : Begin
--------------------
*MCUTYPE* : STC89C52RC/LE52RC
*FILENAME* : D:\大学读不了一点\大二下\MCU\_ks\hello\Objects\Project.hex
*FILETIME* : 2024年06月15日, 01:45:13
*FILESIZE* : 5831 (0x0016C7)
*CODESIZE* : 1962 (0x0007AA)
*CHECKSUM* : 0x00036D8D
*ISPMODE* : 2
*ISPRESULT* : 3
--------------------
[2024-06-15 01:45:38] : End
--------------------------------------------------
[2024-06-15 01:47:56] : Begin
--------------------
*MCUTYPE* : STC89C52RC/LE52RC
*FILENAME* : D:\大学读不了一点\大二下\MCU\_ks\hello\Objects\Project.hex
*FILETIME* : 2024年06月15日, 01:45:13
*FILESIZE* : 5831 (0x0016C7)
*CODESIZE* : 1962 (0x0007AA)
*CHECKSUM* : 0x00036D8D
*ISPMODE* : 2
*ISPRESULT* : 3
--------------------
[2024-06-15 01:49:33] : End
--------------------------------------------------
[2024-06-15 02:29:09] : Begin
--------------------
*MCUTYPE* : STC89C52RC/LE52RC
*MCUID* : F002C4B212708E
*FILENAME* : D:\大学读不了一点\大二下\MCU\_ks\hello\Objects\Project.hex
*FILETIME* : 2024年06月15日, 02:28:23
*FILESIZE* : 5798 (0x0016A6)
*CODESIZE* : 1952 (0x0007A0)
*CHECKSUM* : 0x0003650C
*ISPMODE* : 2
*ISPRESULT* : 0
--------------------
[2024-06-15 02:29:41] : End
--------------------------------------------------
[2024-06-15 02:30:02] : Begin
--------------------
*MCUTYPE* : STC89C52RC/LE52RC
*FILENAME* : D:\大学读不了一点\大二下\MCU\_ks\hello\Objects\Project.hex
*FILETIME* : 2024年06月15日, 02:28:23
*FILESIZE* : 5798 (0x0016A6)
*CODESIZE* : 1952 (0x0007A0)
*CHECKSUM* : 0x0003650C
*ISPMODE* : 2
*ISPRESULT* : 3
--------------------
[2024-06-15 02:30:06] : End
--------------------------------------------------
[2024-06-15 02:30:09] : Begin
--------------------
*MCUTYPE* : STC89C52RC/LE52RC
*MCUID* : F002C4B212708E
*FILENAME* : D:\大学读不了一点\大二下\MCU\_ks\hello\Objects\Project.hex
*FILETIME* : 2024年06月15日, 02:28:23
*FILESIZE* : 5798 (0x0016A6)
*CODESIZE* : 1952 (0x0007A0)
*CHECKSUM* : 0x0003650C
*ISPMODE* : 2
*ISPRESULT* : 0
--------------------
[2024-06-15 02:30:13] : End
--------------------------------------------------
[2024-06-15 03:04:57] : Begin
--------------------
*MCUTYPE* : STC89C52RC/LE52RC
*MCUID* : F002C4B212708E
*FILENAME* : D:\大学读不了一点\大二下\MCU\_ks\hello\Objects\Project.hex
*FILETIME* : 2024年06月15日, 03:04:09
*FILESIZE* : 5970 (0x001752)
*CODESIZE* : 2012 (0x0007DC)
*CHECKSUM* : 0x0003876B
*ISPMODE* : 2
*ISPRESULT* : 0
--------------------
[2024-06-15 03:05:03] : End
--------------------------------------------------
[2024-06-15 03:07:35] : Begin
--------------------
*MCUTYPE* : STC89C52RC/LE52RC
*MCUID* : F002C4B212708E
*FILENAME* : D:\大学读不了一点\大二下\MCU\_ks\hello\Objects\Project.hex
*FILETIME* : 2024年06月15日, 03:07:18
*FILESIZE* : 5980 (0x00175C)
*CODESIZE* : 2012 (0x0007DC)
*CHECKSUM* : 0x0003876B
*ISPMODE* : 2
*ISPRESULT* : 0
--------------------
[2024-06-15 03:07:40] : End
--------------------------------------------------
[2024-06-15 03:17:46] : Begin
--------------------
*MCUTYPE* : STC89C52RC/LE52RC
*FILENAME* : D:\大学读不了一点\大二下\MCU\_ks\hello\Objects\Project.hex
*FILETIME* : 2024年06月15日, 03:17:26
*FILESIZE* : 5980 (0x00175C)
*CODESIZE* : 2017 (0x0007E1)
*CHECKSUM* : 0x00038927
*ISPMODE* : 2
*ISPRESULT* : 2
--------------------
[2024-06-15 03:17:57] : End
--------------------------------------------------
[2024-06-15 03:18:01] : Begin
--------------------
*MCUTYPE* : STC89C52RC/LE52RC
*FILENAME* : D:\大学读不了一点\大二下\MCU\_ks\hello\Objects\Project.hex
*FILETIME* : 2024年06月15日, 03:17:26
*FILESIZE* : 5980 (0x00175C)
*CODESIZE* : 2017 (0x0007E1)
*CHECKSUM* : 0x00038927
*ISPMODE* : 2
*ISPRESULT* : 3
--------------------
[2024-06-15 03:18:10] : End
--------------------------------------------------
[2024-06-15 03:18:11] : Begin
--------------------
*MCUTYPE* : STC89C52RC/LE52RC
*FILENAME* : D:\大学读不了一点\大二下\MCU\_ks\hello\Objects\Project.hex
*FILETIME* : 2024年06月15日, 03:17:26
*FILESIZE* : 5980 (0x00175C)
*CODESIZE* : 2017 (0x0007E1)
*CHECKSUM* : 0x00038927
*ISPMODE* : 2
*ISPRESULT* : 2
--------------------
[2024-06-15 03:18:19] : End
--------------------------------------------------
[2024-06-15 03:18:25] : Begin
--------------------
*MCUTYPE* : STC89C52RC/LE52RC
*FILENAME* : D:\大学读不了一点\大二下\MCU\_ks\hello\Objects\Project.hex
*FILETIME* : 2024年06月15日, 03:17:26
*FILESIZE* : 5980 (0x00175C)
*CODESIZE* : 2017 (0x0007E1)
*CHECKSUM* : 0x00038927
*ISPMODE* : 2
*ISPRESULT* : 3
--------------------
[2024-06-15 03:18:34] : End
--------------------------------------------------
[2024-06-15 03:18:38] : Begin
--------------------
*MCUTYPE* : STC89C52RC/LE52RC
*MCUID* : F002C4B212708E
*FILENAME* : D:\大学读不了一点\大二下\MCU\_ks\hello\Objects\Project.hex
*FILETIME* : 2024年06月15日, 03:17:26
*FILESIZE* : 5980 (0x00175C)
*CODESIZE* : 2017 (0x0007E1)
*CHECKSUM* : 0x00038927
*ISPMODE* : 2
*ISPRESULT* : 0
--------------------
[2024-06-15 03:18:45] : End
--------------------------------------------------
[2024-06-15 03:58:32] : Begin
--------------------
*MCUTYPE* : STC89C52RC/LE52RC
*MCUID* : F002C4B212708E
*FILENAME* : D:\大学读不了一点\大二下\MCU\_ks\hello\Objects\Project.hex
*FILETIME* : 2024年06月15日, 03:58:00
*FILESIZE* : 6080 (0x0017C0)
*CODESIZE* : 2054 (0x000806)
*CHECKSUM* : 0x00039813
*ISPMODE* : 2
*ISPRESULT* : 0
--------------------
[2024-06-15 03:58:38] : End
--------------------------------------------------
[2024-06-15 04:24:31] : Begin
--------------------
*MCUTYPE* : STC89C52RC/LE52RC
*FILENAME* : D:\大学读不了一点\大二下\MCU\_ks\hello\Objects\Project.hex
*FILETIME* : 2024年06月15日, 04:23:55
*FILESIZE* : 5906 (0x001712)
*CODESIZE* : 1993 (0x0007C9)
*CHECKSUM* : 0x000375D7
*ISPMODE* : 2
*ISPRESULT* : 2
--------------------
[2024-06-15 04:24:40] : End
--------------------------------------------------
[2024-06-15 04:24:42] : Begin
--------------------
*MCUTYPE* : STC89C52RC/LE52RC
*FILENAME* : D:\大学读不了一点\大二下\MCU\_ks\hello\Objects\Project.hex
*FILETIME* : 2024年06月15日, 04:23:55
*FILESIZE* : 5906 (0x001712)
*CODESIZE* : 1993 (0x0007C9)
*CHECKSUM* : 0x000375D7
*ISPMODE* : 2
*ISPRESULT* : 3
--------------------
[2024-06-15 04:24:48] : End
--------------------------------------------------
[2024-06-15 04:24:52] : Begin
--------------------
*MCUTYPE* : STC89C52RC/LE52RC
*FILENAME* : D:\大学读不了一点\大二下\MCU\_ks\hello\Objects\Project.hex
*FILETIME* : 2024年06月15日, 04:23:55
*FILESIZE* : 5906 (0x001712)
*CODESIZE* : 1993 (0x0007C9)
*CHECKSUM* : 0x000375D7
*ISPMODE* : 2
*ISPRESULT* : 2
--------------------
[2024-06-15 04:25:00] : End
--------------------------------------------------
[2024-06-15 04:25:12] : Begin
--------------------
*MCUTYPE* : STC89C52RC/LE52RC
*FILENAME* : D:\大学读不了一点\大二下\MCU\_ks\hello\Objects\Project.hex
*FILETIME* : 2024年06月15日, 04:23:55
*FILESIZE* : 5906 (0x001712)
*CODESIZE* : 1993 (0x0007C9)
*CHECKSUM* : 0x000375D7
*ISPMODE* : 2
*ISPRESULT* : 2
--------------------
[2024-06-15 04:25:21] : End
--------------------------------------------------
[2024-06-15 09:27:54] : Begin
--------------------
*MCUTYPE* : STC89C52RC/LE52RC
*FILENAME* : D:\大学读不了一点\大二下\MCU\_ks\hello\Objects\Project.hex
*FILETIME* : 2024年06月15日, 09:23:46
*FILESIZE* : 5871 (0x0016EF)
*CODESIZE* : 1982 (0x0007BE)
*CHECKSUM* : 0x00037B1B
*ISPMODE* : 2
*ISPRESULT* : 3
--------------------
[2024-06-15 09:28:07] : End
--------------------------------------------------
[2024-06-15 09:28:12] : Begin
--------------------
*MCUTYPE* : STC89C52RC/LE52RC
*FILENAME* : D:\大学读不了一点\大二下\MCU\_ks\hello\Objects\Project.hex
*FILETIME* : 2024年06月15日, 09:23:46
*FILESIZE* : 5871 (0x0016EF)
*CODESIZE* : 1982 (0x0007BE)
*CHECKSUM* : 0x00037B1B
*ISPMODE* : 2
*ISPRESULT* : 3
--------------------
[2024-06-15 09:28:50] : End
--------------------------------------------------
[2024-06-15 09:28:56] : Begin
--------------------
*MCUTYPE* : STC89C52RC/LE52RC
*MCUID* : F002C4B212708E
*FILENAME* : D:\大学读不了一点\大二下\MCU\_ks\hello\Objects\Project.hex
*FILETIME* : 2024年06月15日, 09:23:46
*FILESIZE* : 5871 (0x0016EF)
*CODESIZE* : 1982 (0x0007BE)
*CHECKSUM* : 0x00037B1B
*ISPMODE* : 2
*ISPRESULT* : 0
--------------------
[2024-06-15 09:29:01] : End
--------------------------------------------------
[2024-06-15 09:33:13] : Begin
--------------------
*MCUTYPE* : STC89C52RC/LE52RC
*FILENAME* : D:\大学读不了一点\大二下\MCU\shiyan3\Objects\定时器.hex
*FILETIME* : 2024年06月15日, 09:32:34
*FILESIZE* : 1704 (0x0006A8)
*CODESIZE* : 571 (0x00023B)
*CHECKSUM* : 0x000112B7
*ISPMODE* : 2
*ISPRESULT* : -1
--------------------
[2024-06-15 09:33:16] : End
--------------------------------------------------
[2024-06-15 09:33:17] : Begin
--------------------
*MCUTYPE* : STC89C52RC/LE52RC
*FILENAME* : D:\大学读不了一点\大二下\MCU\shiyan3\Objects\定时器.hex
*FILETIME* : 2024年06月15日, 09:32:34
*FILESIZE* : 1704 (0x0006A8)
*CODESIZE* : 571 (0x00023B)
*CHECKSUM* : 0x000112B7
*ISPMODE* : 2
*ISPRESULT* : -1
--------------------
[2024-06-15 09:33:19] : End
--------------------------------------------------
[2024-06-15 09:33:25] : Begin
--------------------
*MCUTYPE* : STC89C52RC/LE52RC
*FILENAME* : D:\大学读不了一点\大二下\MCU\shiyan3\Objects\定时器.hex
*FILETIME* : 2024年06月15日, 09:32:34
*FILESIZE* : 1704 (0x0006A8)
*CODESIZE* : 571 (0x00023B)
*CHECKSUM* : 0x000112B7
*ISPMODE* : 2
*ISPRESULT* : 3
--------------------
[2024-06-15 09:33:39] : End
--------------------------------------------------
[2024-06-15 09:35:08] : Begin
--------------------
*MCUTYPE* : STC89C52RC/LE52RC
*MCUID* : F002C4B212708E
*FILENAME* : D:\大学读不了一点\大二下\MCU\shiyan3\Objects\定时器.hex
*FILETIME* : 2024年06月15日, 09:32:34
*FILESIZE* : 1704 (0x0006A8)
*CODESIZE* : 571 (0x00023B)
*CHECKSUM* : 0x000112B7
*ISPMODE* : 2
*ISPRESULT* : 0
--------------------
[2024-06-15 09:35:14] : End
--------------------------------------------------
[2024-06-15 09:39:44] : Begin
--------------------
*MCUTYPE* : STC89C52RC/LE52RC
*MCUID* : F002C4B212708E
*FILENAME* : D:\大学读不了一点\大二下\MCU\shiyan3\Objects\定时器.hex
*FILETIME* : 2024年06月15日, 09:32:34
*FILESIZE* : 1704 (0x0006A8)
*CODESIZE* : 571 (0x00023B)
*CHECKSUM* : 0x000112B7
*ISPMODE* : 2
*ISPRESULT* : 0
--------------------
[2024-06-15 09:39:47] : End
--------------------------------------------------
[2024-06-15 09:45:12] : Begin
--------------------
*MCUTYPE* : STC89C52RC/LE52RC
*MCUID* : F002C4B212708E
*FILENAME* : D:\大学读不了一点\大二下\MCU\shiyan3\Objects\定时器.hex
*FILETIME* : 2024年06月15日, 09:32:34
*FILESIZE* : 1704 (0x0006A8)
*CODESIZE* : 571 (0x00023B)
*CHECKSUM* : 0x000112B7
*ISPMODE* : 2
*ISPRESULT* : 0
--------------------
[2024-06-15 09:45:15] : End
--------------------------------------------------
[2024-06-15 09:58:37] : Begin
--------------------
*MCUTYPE* : STC89C52RC/LE52RC
*FILENAME* : D:\大学读不了一点\大二下\MCU\shiyan3\Objects\定时器.hex
*FILETIME* : 2024年06月15日, 09:32:34
*FILESIZE* : 1704 (0x0006A8)
*CODESIZE* : 571 (0x00023B)
*CHECKSUM* : 0x000112B7
*ISPMODE* : 2
*ISPRESULT* : 3
--------------------
[2024-06-15 09:58:42] : End
--------------------------------------------------
[2024-06-15 09:58:48] : Begin
--------------------
*MCUTYPE* : STC89C52RC/LE52RC
*FILENAME* : D:\大学读不了一点\大二下\MCU\shiyan3\Objects\定时器.hex
*FILETIME* : 2024年06月15日, 09:32:34
*FILESIZE* : 1704 (0x0006A8)
*CODESIZE* : 571 (0x00023B)
*CHECKSUM* : 0x000112B7
*ISPMODE* : 2
*ISPRESULT* : 3
--------------------
[2024-06-15 09:58:57] : End
--------------------------------------------------
[2024-06-15 09:59:00] : Begin
--------------------
*MCUTYPE* : STC89C52RC/LE52RC
*FILENAME* : D:\大学读不了一点\大二下\MCU\shiyan3\Objects\定时器.hex
*FILETIME* : 2024年06月15日, 09:32:34
*FILESIZE* : 1704 (0x0006A8)
*CODESIZE* : 571 (0x00023B)
*CHECKSUM* : 0x000112B7
*ISPMODE* : 2
*ISPRESULT* : 3
--------------------
[2024-06-15 09:59:05] : End
--------------------------------------------------
[2024-06-15 09:59:07] : Begin
--------------------
*MCUTYPE* : STC89C52RC/LE52RC
*MCUID* : F002C4B212708E
*FILENAME* : D:\大学读不了一点\大二下\MCU\shiyan3\Objects\定时器.hex
*FILETIME* : 2024年06月15日, 09:32:34
*FILESIZE* : 1704 (0x0006A8)
*CODESIZE* : 571 (0x00023B)
*CHECKSUM* : 0x000112B7
*ISPMODE* : 2
*ISPRESULT* : 0
--------------------
[2024-06-15 09:59:09] : End
--------------------------------------------------
[2024-06-15 10:01:27] : Begin
--------------------
*MCUTYPE* : STC89C52RC/LE52RC
*FILENAME* : D:\大学读不了一点\大二下\MCU\shiyan3\Objects\定时器.hex
*FILETIME* : 2024年06月15日, 10:01:13
*FILESIZE* : 1727 (0x0006BF)
*CODESIZE* : 576 (0x000240)
*CHECKSUM* : 0x00011464
*ISPMODE* : 2
*ISPRESULT* : -1
--------------------
[2024-06-15 10:01:29] : End
--------------------------------------------------
[2024-06-15 10:01:33] : Begin
--------------------
*MCUTYPE* : STC89C52RC/LE52RC
*MCUID* : F002C4B212708E
*FILENAME* : D:\大学读不了一点\大二下\MCU\shiyan3\Objects\定时器.hex
*FILETIME* : 2024年06月15日, 10:01:13
*FILESIZE* : 1727 (0x0006BF)
*CODESIZE* : 576 (0x000240)
*CHECKSUM* : 0x00011464
*ISPMODE* : 2
*ISPRESULT* : 0
--------------------
[2024-06-15 10:01:35] : End
--------------------------------------------------
[2024-06-15 10:02:58] : Begin
--------------------
*MCUTYPE* : STC89C52RC/LE52RC
*FILENAME* : D:\大学读不了一点\大二下\MCU\shiyan3\Objects\定时器.hex
*FILETIME* : 2024年06月15日, 10:02:45
*FILESIZE* : 1549 (0x00060D)
*CODESIZE* : 513 (0x000201)
*CHECKSUM* : 0x0000FA21
*ISPMODE* : 2
*ISPRESULT* : -1
--------------------
[2024-06-15 10:02:59] : End
--------------------------------------------------
[2024-06-15 10:03:05] : Begin
--------------------
*MCUTYPE* : STC89C52RC/LE52RC
*MCUID* : F002C4B212708E
*FILENAME* : D:\大学读不了一点\大二下\MCU\shiyan3\Objects\定时器.hex
*FILETIME* : 2024年06月15日, 10:02:45
*FILESIZE* : 1549 (0x00060D)
*CODESIZE* : 513 (0x000201)
*CHECKSUM* : 0x0000FA21
*ISPMODE* : 2
*ISPRESULT* : 0
--------------------
[2024-06-15 10:03:08] : End
--------------------------------------------------
[2024-06-15 10:14:54] : Begin
--------------------
*MCUTYPE* : STC89C52RC/LE52RC
*MCUID* : F002C4B212708E
*FILENAME* : D:\大学读不了一点\大二下\MCU\shiyan3\Objects\定时器.hex
*FILETIME* : 2024年06月15日, 10:14:38
*FILESIZE* : 296 (0x000128)
*CODESIZE* : 83 (0x000053)
*CHECKSUM* : 0x00002654
*ISPMODE* : 2
*ISPRESULT* : 0
--------------------
[2024-06-15 10:14:58] : End
--------------------------------------------------
[2024-06-15 10:17:13] : Begin
--------------------
*MCUTYPE* : STC89C52RC/LE52RC
*FILENAME* : D:\大学读不了一点\大二下\MCU\shiyan3\Objects\定时器.hex
*FILETIME* : 2024年06月15日, 10:16:53
*FILESIZE* : 296 (0x000128)
*CODESIZE* : 83 (0x000053)
*CHECKSUM* : 0x0000265E
*ISPMODE* : 2
*ISPRESULT* : -1
--------------------
[2024-06-15 10:17:14] : End
--------------------------------------------------
[2024-06-15 10:17:19] : Begin
--------------------
*MCUTYPE* : STC89C52RC/LE52RC
*MCUID* : F002C4B212708E
*FILENAME* : D:\大学读不了一点\大二下\MCU\shiyan3\Objects\定时器.hex
*FILETIME* : 2024年06月15日, 10:16:53
*FILESIZE* : 296 (0x000128)
*CODESIZE* : 83 (0x000053)
*CHECKSUM* : 0x0000265E
*ISPMODE* : 2
*ISPRESULT* : 0
--------------------
[2024-06-15 10:17:21] : End
--------------------------------------------------
[2024-06-15 10:21:07] : Begin
--------------------
*MCUTYPE* : STC89C52RC/LE52RC
*FILENAME* : D:\大学读不了一点\大二下\MCU\shiyan3\Objects\定时器.hex
*FILETIME* : 2024年06月15日, 10:20:53
*FILESIZE* : 296 (0x000128)
*CODESIZE* : 83 (0x000053)
*CHECKSUM* : 0x0000265E
*ISPMODE* : 2
*ISPRESULT* : -1
--------------------
[2024-06-15 10:21:08] : End
--------------------------------------------------
[2024-06-15 10:21:13] : Begin
--------------------
*MCUTYPE* : STC89C52RC/LE52RC
*MCUID* : F002C4B212708E
*FILENAME* : D:\大学读不了一点\大二下\MCU\shiyan3\Objects\定时器.hex
*FILETIME* : 2024年06月15日, 10:20:53
*FILESIZE* : 296 (0x000128)
*CODESIZE* : 83 (0x000053)
*CHECKSUM* : 0x0000265E
*ISPMODE* : 2
*ISPRESULT* : 0
--------------------
[2024-06-15 10:21:15] : End
--------------------------------------------------
[2024-06-15 10:35:07] : Begin
--------------------
*MCUTYPE* : STC89C52RC/LE52RC
*MCUID* : F002C4B212708E
*FILENAME* : D:\大学读不了一点\大二下\MCU\shiyan3\Objects\定时器.hex
*FILETIME* : 2024年06月15日, 10:34:48
*FILESIZE* : 296 (0x000128)
*CODESIZE* : 83 (0x000053)
*CHECKSUM* : 0x00002654
*ISPMODE* : 2
*ISPRESULT* : 0
--------------------
[2024-06-15 10:35:09] : End
--------------------------------------------------
[2024-06-15 10:36:33] : Begin
--------------------
*MCUTYPE* : STC89C52RC/LE52RC
*MCUID* : F002C4B212708E
*FILENAME* : D:\大学读不了一点\大二下\MCU\_ks\hello\Objects\Project.hex
*FILETIME* : 2024年06月15日, 10:36:09
*FILESIZE* : 6000 (0x001770)
*CODESIZE* : 2027 (0x0007EB)
*CHECKSUM* : 0x00039402
*ISPMODE* : 2
*ISPRESULT* : 0
--------------------
[2024-06-15 10:36:36] : End
--------------------------------------------------
[2024-06-15 10:38:51] : Begin
--------------------
*MCUTYPE* : STC89C52RC/LE52RC
*FILENAME* : D:\大学读不了一点\大二下\MCU\_ks\hello\Objects\Project.hex
*FILETIME* : 2024年06月15日, 10:38:39
*FILESIZE* : 5863 (0x0016E7)
*CODESIZE* : 1978 (0x0007BA)
*CHECKSUM* : 0x00037E05
*ISPMODE* : 2
*ISPRESULT* : -1
--------------------
[2024-06-15 10:38:53] : End
--------------------------------------------------
[2024-06-15 10:38:57] : Begin
--------------------
*MCUTYPE* : STC89C52RC/LE52RC
*MCUID* : F002C4B212708E
*FILENAME* : D:\大学读不了一点\大二下\MCU\_ks\hello\Objects\Project.hex
*FILETIME* : 2024年06月15日, 10:38:39
*FILESIZE* : 5863 (0x0016E7)
*CODESIZE* : 1978 (0x0007BA)
*CHECKSUM* : 0x00037E05
*ISPMODE* : 2
*ISPRESULT* : 0
--------------------
[2024-06-15 10:39:04] : End
--------------------------------------------------
[2024-06-15 10:41:13] : Begin
--------------------
*MCUTYPE* : STC89C52RC/LE52RC
*FILENAME* : D:\大学读不了一点\大二下\MCU\_ks\hello\Objects\Project.hex
*FILETIME* : 2024年06月15日, 10:41:03
*FILESIZE* : 5851 (0x0016DB)
*CODESIZE* : 1972 (0x0007B4)
*CHECKSUM* : 0x000379B8
*ISPMODE* : 2
*ISPRESULT* : -1
--------------------
[2024-06-15 10:41:15] : End
--------------------------------------------------
[2024-06-15 10:41:20] : Begin
--------------------
*MCUTYPE* : STC89C52RC/LE52RC
*MCUID* : F002C4B212708E
*FILENAME* : D:\大学读不了一点\大二下\MCU\_ks\hello\Objects\Project.hex
*FILETIME* : 2024年06月15日, 10:41:03
*FILESIZE* : 5851 (0x0016DB)
*CODESIZE* : 1972 (0x0007B4)
*CHECKSUM* : 0x000379B8
*ISPMODE* : 2
*ISPRESULT* : 0
--------------------
[2024-06-15 10:41:26] : End
--------------------------------------------------
[2024-06-15 10:42:50] : Begin
--------------------
*MCUTYPE* : STC89C52RC/LE52RC
*MCUID* : F002C4B212708E
*FILENAME* : D:\大学读不了一点\大二下\MCU\shiyan3\Objects\定时器.hex
*FILETIME* : 2024年06月15日, 10:34:48
*FILESIZE* : 296 (0x000128)
*CODESIZE* : 83 (0x000053)
*CHECKSUM* : 0x00002654
*ISPMODE* : 2
*ISPRESULT* : 0
--------------------
[2024-06-15 10:42:54] : End
--------------------------------------------------
[2024-06-15 10:53:51] : Begin
--------------------
*MCUTYPE* : STC89C52RC/LE52RC
*MCUID* : F002C4B212708E
*FILENAME* : D:\大学读不了一点\大二下\MCU\shiyan3\Objects\定时器.hex
*FILETIME* : 2024年06月15日, 10:34:48
*FILESIZE* : 296 (0x000128)
*CODESIZE* : 83 (0x000053)
*CHECKSUM* : 0x00002654
*ISPMODE* : 2
*ISPRESULT* : 0
--------------------
[2024-06-15 10:53:53] : End
--------------------------------------------------
[2024-06-15 10:54:07] : Begin
--------------------
*MCUTYPE* : STC89C52RC/LE52RC
*MCUID* : F002C4B212708E
*FILENAME* : D:\大学读不了一点\大二下\MCU\shiyan3\Objects\定时器.hex
*FILETIME* : 2024年06月15日, 10:34:48
*FILESIZE* : 296 (0x000128)
*CODESIZE* : 83 (0x000053)
*CHECKSUM* : 0x00002654
*ISPMODE* : 2
*ISPRESULT* : 0
--------------------
[2024-06-15 10:54:10] : End
--------------------------------------------------
[2024-06-15 10:58:16] : Begin
--------------------
*MCUTYPE* : STC89C52RC/LE52RC
*MCUID* : F002C4B212708E
*FILENAME* : D:\大学读不了一点\大二下\MCU\_ks\hellof\Objects\Project.hex
*FILETIME* : 2024年06月15日, 01:35:24
*FILESIZE* : 5708 (0x00164C)
*CODESIZE* : 1920 (0x000780)
*CHECKSUM* : 0x00035D97
*ISPMODE* : 2
*ISPRESULT* : 0
--------------------
[2024-06-15 10:58:19] : End
--------------------------------------------------
[2024-06-15 11:00:06] : Begin
--------------------
*MCUTYPE* : STC89C52RC/LE52RC
*MCUID* : F002C4B212708E
*FILENAME* : D:\大学读不了一点\大二下\MCU\shiyan3\Objects\定时器.hex
*FILETIME* : 2024年06月15日, 10:34:48
*FILESIZE* : 296 (0x000128)
*CODESIZE* : 83 (0x000053)
*CHECKSUM* : 0x00002654
*ISPMODE* : 2
*ISPRESULT* : 0
--------------------
[2024-06-15 11:00:08] : End
--------------------------------------------------
[2024-06-15 11:14:12] : Begin
--------------------
*MCUTYPE* : STC89C52RC/LE52RC
*FILENAME* : D:\大学读不了一点\大二下\MCU\_ks\hello\Objects\Project.hex
*FILETIME* : 2024年06月15日, 10:53:16
*FILESIZE* : 5992 (0x001768)
*CODESIZE* : 2023 (0x0007E7)
*CHECKSUM* : 0x00039151
*ISPMODE* : 2
*ISPRESULT* : -1
--------------------
[2024-06-15 11:14:15] : End
--------------------------------------------------
[2024-06-15 11:14:20] : Begin
--------------------
*MCUTYPE* : STC89C52RC/LE52RC
*FILENAME* : D:\大学读不了一点\大二下\MCU\_ks\hello\Objects\Project.hex
*FILETIME* : 2024年06月15日, 10:53:16
*FILESIZE* : 5992 (0x001768)
*CODESIZE* : 2023 (0x0007E7)
*CHECKSUM* : 0x00039151
*ISPMODE* : 2
*ISPRESULT* : 3
--------------------
[2024-06-15 11:14:58] : End
--------------------------------------------------
[2024-06-15 11:14:59] : Begin
--------------------
*MCUTYPE* : STC89C52RC/LE52RC
*FILENAME* : D:\大学读不了一点\大二下\MCU\_ks\hello\Objects\Project.hex
*FILETIME* : 2024年06月15日, 10:53:16
*FILESIZE* : 5992 (0x001768)
*CODESIZE* : 2023 (0x0007E7)
*CHECKSUM* : 0x00039151
*ISPMODE* : 2
*ISPRESULT* : 3
--------------------
[2024-06-15 11:15:02] : End
--------------------------------------------------
[2024-06-15 11:15:03] : Begin
--------------------
*MCUTYPE* : STC89C52RC/LE52RC
*MCUID* : F002C4B212708E
*FILENAME* : D:\大学读不了一点\大二下\MCU\_ks\hello\Objects\Project.hex
*FILETIME* : 2024年06月15日, 10:53:16
*FILESIZE* : 5992 (0x001768)
*CODESIZE* : 2023 (0x0007E7)
*CHECKSUM* : 0x00039151
*ISPMODE* : 2
*ISPRESULT* : 0
--------------------
[2024-06-15 11:15:07] : End
--------------------------------------------------
[2024-06-15 11:30:40] : Begin
--------------------
*MCUTYPE* : STC89C52RC/LE52RC
*MCUID* : F002C4B212708E
*FILENAME* : D:\大学读不了一点\大二下\MCU\_ks\hello\Objects\Project.hex
*FILETIME* : 2024年06月15日, 11:29:47
*FILESIZE* : 6078 (0x0017BE)
*CODESIZE* : 2053 (0x000805)
*CHECKSUM* : 0x00039B81
*ISPMODE* : 2
*ISPRESULT* : 0
--------------------
[2024-06-15 11:30:50] : End
--------------------------------------------------
[2024-06-15 11:46:49] : Begin
--------------------
*MCUTYPE* : STC89C52RC/LE52RC
*MCUID* : F002C4B212708E
*FILENAME* : D:\大学读不了一点\大二下\MCU\_ks\hello\Objects\Project.hex
*FILETIME* : 2024年06月15日, 11:46:19
*FILESIZE* : 6090 (0x0017CA)
*CODESIZE* : 2053 (0x000805)
*CHECKSUM* : 0x00039B81
*ISPMODE* : 2
*ISPRESULT* : 0
--------------------
[2024-06-15 11:46:56] : End
--------------------------------------------------
[2024-06-15 12:56:17] : Begin
--------------------
*MCUTYPE* : STC89C52RC/LE52RC
*FILENAME* : D:\大学读不了一点\大二下\MCU\shiyan3\Objects\定时器.hex
*FILETIME* : 2024年06月15日, 12:55:49
*FILESIZE* : 296 (0x000128)
*CODESIZE* : 83 (0x000053)
*CHECKSUM* : 0x00002654
*ISPMODE* : 2
*ISPRESULT* : 3
--------------------
[2024-06-15 12:56:52] : End
--------------------------------------------------
[2024-06-15 12:56:54] : Begin
--------------------
*MCUTYPE* : STC89C52RC/LE52RC
*FILENAME* : D:\大学读不了一点\大二下\MCU\shiyan3\Objects\定时器.hex
*FILETIME* : 2024年06月15日, 12:55:49
*FILESIZE* : 296 (0x000128)
*CODESIZE* : 83 (0x000053)
*CHECKSUM* : 0x00002654
*ISPMODE* : 2
*ISPRESULT* : 3
--------------------
[2024-06-15 12:57:48] : End
--------------------------------------------------
[2024-06-15 12:57:57] : Begin
--------------------
*MCUTYPE* : STC89C52RC/LE52RC
*FILENAME* : D:\大学读不了一点\大二下\MCU\shiyan3\Objects\定时器.hex
*FILETIME* : 2024年06月15日, 12:55:49
*FILESIZE* : 296 (0x000128)
*CODESIZE* : 83 (0x000053)
*CHECKSUM* : 0x00002654
*ISPMODE* : 2
*ISPRESULT* : 3
--------------------
[2024-06-15 12:58:02] : End
--------------------------------------------------
[2024-06-15 12:58:05] : Begin
--------------------
*MCUTYPE* : STC89C52RC/LE52RC
*FILENAME* : D:\大学读不了一点\大二下\MCU\shiyan3\Objects\定时器.hex
*FILETIME* : 2024年06月15日, 12:55:49
*FILESIZE* : 296 (0x000128)
*CODESIZE* : 83 (0x000053)
*CHECKSUM* : 0x00002654
*ISPMODE* : 2
*ISPRESULT* : 3
--------------------
[2024-06-15 12:58:11] : End
--------------------------------------------------
[2024-06-15 12:58:16] : Begin
--------------------
*MCUTYPE* : STC89C52RC/LE52RC
*FILENAME* : D:\大学读不了一点\大二下\MCU\shiyan3\Objects\定时器.hex
*FILETIME* : 2024年06月15日, 12:55:49
*FILESIZE* : 296 (0x000128)
*CODESIZE* : 83 (0x000053)
*CHECKSUM* : 0x00002654
*ISPMODE* : 2
*ISPRESULT* : 3
--------------------
[2024-06-15 13:05:43] : End
--------------------------------------------------
[2024-06-15 13:05:45] : Begin
--------------------
*MCUTYPE* : STC89C52RC/LE52RC
*FILENAME* : D:\大学读不了一点\大二下\MCU\shiyan3\Objects\定时器.hex
*FILETIME* : 2024年06月15日, 12:55:49
*FILESIZE* : 296 (0x000128)
*CODESIZE* : 83 (0x000053)
*CHECKSUM* : 0x00002654
*ISPMODE* : 2
*ISPRESULT* : 3
--------------------
[2024-06-15 13:05:58] : End
--------------------------------------------------
[2024-06-15 13:05:59] : Begin
--------------------
*MCUTYPE* : STC89C52RC/LE52RC
*MCUID* : F002C4B212708E
*FILENAME* : D:\大学读不了一点\大二下\MCU\shiyan3\Objects\定时器.hex
*FILETIME* : 2024年06月15日, 12:55:49
*FILESIZE* : 296 (0x000128)
*CODESIZE* : 83 (0x000053)
*CHECKSUM* : 0x00002654
*ISPMODE* : 2
*ISPRESULT* : 0
--------------------
[2024-06-15 13:06:02] : End
--------------------------------------------------
[2024-06-15 13:18:40] : Begin
--------------------
*MCUTYPE* : STC89C52RC/LE52RC
*FILENAME* : D:\大学读不了一点\大二下\MCU\_ks\hello\Objects\Project.hex
*FILETIME* : 2024年06月15日, 13:17:58
*FILESIZE* : 6078 (0x0017BE)
*CODESIZE* : 2053 (0x000805)
*CHECKSUM* : 0x00039B81
*ISPMODE* : 2
*ISPRESULT* : 3
--------------------
[2024-06-15 13:18:45] : End
--------------------------------------------------
[2024-06-15 13:18:48] : Begin
--------------------
*MCUTYPE* : STC89C52RC/LE52RC
*FILENAME* : D:\大学读不了一点\大二下\MCU\_ks\hello\Objects\Project.hex
*FILETIME* : 2024年06月15日, 13:17:58
*FILESIZE* : 6078 (0x0017BE)
*CODESIZE* : 2053 (0x000805)
*CHECKSUM* : 0x00039B81
*ISPMODE* : 2
*ISPRESULT* : 3
--------------------
[2024-06-15 13:18:52] : End
--------------------------------------------------
[2024-06-15 13:18:58] : Begin
--------------------
*MCUTYPE* : STC89C52RC/LE52RC
*FILENAME* : D:\大学读不了一点\大二下\MCU\_ks\hello\Objects\Project.hex
*FILETIME* : 2024年06月15日, 13:17:58
*FILESIZE* : 6078 (0x0017BE)
*CODESIZE* : 2053 (0x000805)
*CHECKSUM* : 0x00039B81
*ISPMODE* : 2
*ISPRESULT* : 2
--------------------
[2024-06-15 13:19:06] : End
--------------------------------------------------
[2024-06-15 13:19:52] : Begin
--------------------
*MCUTYPE* : STC89C52RC/LE52RC
*FILENAME* : D:\大学读不了一点\大二下\MCU\_ks\hello\Objects\Project.hex
*FILETIME* : 2024年06月15日, 13:17:58
*FILESIZE* : 6078 (0x0017BE)
*CODESIZE* : 2053 (0x000805)
*CHECKSUM* : 0x00039B81
*ISPMODE* : 2
*ISPRESULT* : 2
--------------------
[2024-06-15 13:20:02] : End
--------------------------------------------------
[2024-06-15 13:20:13] : Begin
--------------------
*MCUTYPE* : STC89C52RC/LE52RC
*MCUID* : F002C4B212708E
*FILENAME* : D:\大学读不了一点\大二下\MCU\_ks\hello\Objects\Project.hex
*FILETIME* : 2024年06月15日, 13:17:58
*FILESIZE* : 6078 (0x0017BE)
*CODESIZE* : 2053 (0x000805)
*CHECKSUM* : 0x00039B81
*ISPMODE* : 2
*ISPRESULT* : 0
--------------------
[2024-06-15 13:20:18] : End
--------------------------------------------------
[2024-06-15 14:13:04] : Begin
--------------------
*MCUTYPE* : STC89C52RC/LE52RC
*FILENAME* : D:\大学读不了一点\大二下\MCU\_ks\hello\Objects\Project.hex
*FILETIME* : 2024年06月15日, 14:12:15
*FILESIZE* : 5882 (0x0016FA)
*CODESIZE* : 1981 (0x0007BD)
*CHECKSUM* : 0x00037E20
*ISPMODE* : 2
*ISPRESULT* : 3
--------------------
[2024-06-15 14:13:17] : End
--------------------------------------------------
[2024-06-15 14:13:22] : Begin
--------------------
*MCUTYPE* : STC89C52RC/LE52RC
*FILENAME* : D:\大学读不了一点\大二下\MCU\_ks\hello\Objects\Project.hex
*FILETIME* : 2024年06月15日, 14:12:15
*FILESIZE* : 5882 (0x0016FA)
*CODESIZE* : 1981 (0x0007BD)
*CHECKSUM* : 0x00037E20
*ISPMODE* : 2
*ISPRESULT* : 2
--------------------
[2024-06-15 14:13:36] : End
--------------------------------------------------
[2024-06-15 14:13:49] : Begin
--------------------
*MCUTYPE* : STC89C52RC/LE52RC
*MCUID* : F002C4B212708E
*FILENAME* : D:\大学读不了一点\大二下\MCU\_ks\hello\Objects\Project.hex
*FILETIME* : 2024年06月15日, 14:12:15
*FILESIZE* : 5882 (0x0016FA)
*CODESIZE* : 1981 (0x0007BD)
*CHECKSUM* : 0x00037E20
*ISPMODE* : 2
*ISPRESULT* : 0
--------------------
[2024-06-15 14:13:53] : End
--------------------------------------------------
[2024-06-15 18:21:13] : Begin
--------------------
*MCUTYPE* : STC89C52RC/LE52RC
*MCUID* : F002C489198580
*FILENAME* : D:\大学读不了一点\大二下\MCU\_ks\hello\Objects\Project.hex
*FILETIME* : 2024年06月15日, 14:12:15
*FILESIZE* : 5882 (0x0016FA)
*CODESIZE* : 1981 (0x0007BD)
*CHECKSUM* : 0x00037E20
*ISPMODE* : 2
*ISPRESULT* : 0
--------------------
[2024-06-15 18:21:16] : End
--------------------------------------------------
[2024-06-15 18:53:26] : Begin
--------------------
*MCUTYPE* : STC89C52RC/LE52RC
*FILENAME* : D:\大学读不了一点\大二下\MCU\6-1 矩阵键盘\Objects\Project.hex
*FILETIME* : 2024年06月15日, 18:53:09
*FILESIZE* : 7548 (0x001D7C)
*CODESIZE* : 2552 (0x0009F8)
*CHECKSUM* : 0x000435CA
*ISPMODE* : 2
*ISPRESULT* : -1
--------------------
[2024-06-15 18:53:29] : End
--------------------------------------------------
[2024-06-15 18:53:31] : Begin
--------------------
*MCUTYPE* : STC89C52RC/LE52RC
*FILENAME* : D:\大学读不了一点\大二下\MCU\6-1 矩阵键盘\Objects\Project.hex
*FILETIME* : 2024年06月15日, 18:53:09
*FILESIZE* : 7548 (0x001D7C)
*CODESIZE* : 2552 (0x0009F8)
*CHECKSUM* : 0x000435CA
*ISPMODE* : 2
*ISPRESULT* : -1
--------------------
[2024-06-15 18:53:32] : End
--------------------------------------------------
[2024-06-15 18:53:41] : Begin
--------------------
*MCUTYPE* : STC89C52RC/LE52RC
*FILENAME* : D:\大学读不了一点\大二下\MCU\6-1 矩阵键盘\Objects\Project.hex
*FILETIME* : 2024年06月15日, 18:53:09
*FILESIZE* : 7548 (0x001D7C)
*CODESIZE* : 2552 (0x0009F8)
*CHECKSUM* : 0x000435CA
*ISPMODE* : 2
*ISPRESULT* : -1
--------------------
[2024-06-15 18:53:43] : End
--------------------------------------------------
[2024-06-15 18:53:57] : Begin
--------------------
*MCUTYPE* : STC89C52RC/LE52RC
*FILENAME* : D:\大学读不了一点\大二下\MCU\6-1 矩阵键盘\Objects\Project.hex
*FILETIME* : 2024年06月15日, 18:53:09
*FILESIZE* : 7548 (0x001D7C)
*CODESIZE* : 2552 (0x0009F8)
*CHECKSUM* : 0x000435CA
*ISPMODE* : 2
*ISPRESULT* : 3
--------------------
[2024-06-15 18:54:34] : End
--------------------------------------------------
[2024-06-15 18:54:37] : Begin
--------------------
*MCUTYPE* : STC89C52RC/LE52RC
*MCUID* : F002C489198580
*FILENAME* : D:\大学读不了一点\大二下\MCU\6-1 矩阵键盘\Objects\Project.hex
*FILETIME* : 2024年06月15日, 18:53:09
*FILESIZE* : 7548 (0x001D7C)
*CODESIZE* : 2552 (0x0009F8)
*CHECKSUM* : 0x000435CA
*ISPMODE* : 2
*ISPRESULT* : 0
--------------------
[2024-06-15 18:54:43] : End
--------------------------------------------------
[2024-06-15 19:06:54] : Begin
--------------------
*MCUTYPE* : STC89C52RC/LE52RC
*MCUID* : F002C4320B3804
*FILENAME* : D:\大学读不了一点\大二下\MCU\_ks\hello\Objects\Project.hex
*FILETIME* : 2024年06月15日, 14:12:15
*FILESIZE* : 5882 (0x0016FA)
*CODESIZE* : 1981 (0x0007BD)
*CHECKSUM* : 0x00037E20
*ISPMODE* : 2
*ISPRESULT* : 0
--------------------
[2024-06-15 19:07:00] : End
--------------------------------------------------
