[2024-07-05 17:22:03] : Begin
--------------------
*MCUTYPE* : STC89C52RC/LE52RC
*FILENAME* : D:\大学读不了一点\大二下\MCU\shiyan4-串口\Objects\定时器.hex
*FILETIME* : 2024年07月05日, 17:16:20
*FILESIZE* : 1087 (0x00043F)
*CODESIZE* : 355 (0x000163)
*CHECKSUM* : 0x0000B83F
*ISPMODE* : 2
*ISPRESULT* : 3
--------------------
[2024-07-05 17:22:19] : End
--------------------------------------------------
[2024-07-05 17:22:36] : Begin
--------------------
*MCUTYPE* : STC89C52RC/LE52RC
*MCUID* : F002C4B212708E
*FILENAME* : D:\大学读不了一点\大二下\MCU\shiyan4-串口\Objects\定时器.hex
*FILETIME* : 2024年07月05日, 17:16:20
*FILESIZE* : 1087 (0x00043F)
*CODESIZE* : 355 (0x000163)
*CHECKSUM* : 0x0000B83F
*ISPMODE* : 2
*ISPRESULT* : 0
--------------------
[2024-07-05 17:22:39] : End
--------------------------------------------------
[2024-07-05 23:11:52] : Begin
--------------------
*MCUTYPE* : STC89C52RC/LE52RC
*MCUID* : F002C4B212708E
*FILENAME* : D:\大学读不了一点\大二下\MCU\_ks\HELLOL\Objects\Project.hex
*FILETIME* : 2024年07月05日, 23:11:09
*FILESIZE* : 8588 (0x00218C)
*CODESIZE* : 2838 (0x000B16)
*CHECKSUM* : 0x0004CDF7
*ISPMODE* : 2
*ISPRESULT* : 0
--------------------
[2024-07-05 23:11:57] : End
--------------------------------------------------
[2024-07-05 23:15:51] : Begin
--------------------
*MCUTYPE* : STC89C52RC/LE52RC
*MCUID* : F002C4B212708E
*FILENAME* : D:\大学读不了一点\大二下\MCU\_ks\HELLOL\Objects\Project.hex
*FILETIME* : 2024年07月05日, 23:15:31
*FILESIZE* : 8588 (0x00218C)
*CODESIZE* : 2838 (0x000B16)
*CHECKSUM* : 0x0004CE13
*ISPMODE* : 2
*ISPRESULT* : 0
--------------------
[2024-07-05 23:15:55] : End
--------------------------------------------------
[2024-07-05 23:17:22] : Begin
--------------------
*MCUTYPE* : STC89C52RC/LE52RC
*MCUID* : F002C4B212708E
*FILENAME* : D:\大学读不了一点\大二下\MCU\_ks\HELLOL\Objects\Project.hex
*FILETIME* : 2024年07月05日, 23:17:04
*FILESIZE* : 8588 (0x00218C)
*CODESIZE* : 2838 (0x000B16)
*CHECKSUM* : 0x0004CE28
*ISPMODE* : 2
*ISPRESULT* : 0
--------------------
[2024-07-05 23:17:26] : End
--------------------------------------------------
[2024-07-05 23:19:53] : Begin
--------------------
*MCUTYPE* : STC89C52RC/LE52RC
*MCUID* : F002C4B212708E
*FILENAME* : D:\大学读不了一点\大二下\MCU\_ks\HELLOL\Objects\Project.hex
*FILETIME* : 2024年07月05日, 23:19:33
*FILESIZE* : 8588 (0x00218C)
*CODESIZE* : 2838 (0x000B16)
*CHECKSUM* : 0x0004CE3D
*ISPMODE* : 2
*ISPRESULT* : 0
--------------------
[2024-07-05 23:19:57] : End
--------------------------------------------------
[2024-07-05 23:36:23] : Begin
--------------------
*MCUTYPE* : STC89C52RC/LE52RC
*MCUID* : F002C4B212708E
*FILENAME* : D:\大学读不了一点\大二下\MCU\_ks\HELLOL\Objects\Project.hex
*FILETIME* : 2024年07月05日, 23:36:15
*FILESIZE* : 8775 (0x002247)
*CODESIZE* : 2899 (0x000B53)
*CHECKSUM* : 0x0004E23E
*ISPMODE* : 2
*ISPRESULT* : 0
--------------------
[2024-07-05 23:36:28] : End
--------------------------------------------------
