C51 COMPILER V9.60.0.0   DELAY                                                             04/28/2024 20:34:13 PAGE 1   


C51 COMPILER V9.60.0.0, COMPILATION OF MODULE DELAY
OBJECT MODULE PLACED IN .\Objects\delay.obj
COMPILER INVOKED BY: D:\Keil_v5\C51\BIN\C51.EXE delay.c OPTIMIZE(8,SPEED) BROWSE DEBUG OBJECTEXTEND PRINT(.\Listings\del
                    -ay.lst) OBJECT(.\Objects\delay.obj)

line level    source

   1          #include "delay.h"
   2          
   3          
   4          
   5          
   6          
   7          
   8          void Delay(unsigned int xms)
   9          {
  10   1              unsigned char i, j;
  11   1              while(xms--)
  12   1              {
  13   2                      i = 2;
  14   2                      j = 239;
  15   2                      do
  16   2                      {
  17   3                              while (--j);
  18   3                      } while (--i);
  19   2              }
  20   1      }


MODULE INFORMATION:   STATIC OVERLAYABLE
   CODE SIZE        =     21    ----
   CONSTANT SIZE    =   ----    ----
   XDATA SIZE       =   ----    ----
   PDATA SIZE       =   ----    ----
   DATA SIZE        =   ----    ----
   IDATA SIZE       =   ----    ----
   BIT SIZE         =   ----    ----
END OF MODULE INFORMATION.


C51 COMPILATION COMPLETE.  0 WARNING(S),  0 ERROR(S)
