C51 COMPILER V9.60.0.0   NIXIE                                                             04/28/2024 20:34:13 PAGE 1   


C51 COMPILER V9.60.0.0, COMPILATION OF MODULE NIXIE
OBJECT MODULE PLACED IN .\Objects\Nixie.obj
COMPILER INVOKED BY: D:\Keil_v5\C51\BIN\C51.EXE Nixie.c OPTIMIZE(8,SPEED) BROWSE DEBUG OBJECTEXTEND PRINT(.\Listings\Nix
                    -ie.lst) OBJECT(.\Objects\Nixie.obj)

line level    source

   1          #include <REGX52.H>
   2          #include "Delay.h"
   3          #include "Nixie.h"
   4          
   5          //数码管显示缓存区
   6          unsigned char Nixie_Buf[9]={0,10,10,10,10,10,10,10,10};
   7          
   8          //数码管段码表
   9          unsigned char NixieTable[]={0x3F,0x06,0x5B,0x4F,0x66,0x6D,0x7D,0x07,0x7F,0x6F,0x00,0x40,0x00};
  10          //P0口输出
  11          
  12          /**
  13            * @brief  设置显示缓存区
  14            * @param  Location 要设置的位置，范围：1~8
  15            * @param  Number 要设置的数字，范围：段码表索引范围
  16            * @retval 无
  17            */
  18          void Nixie_SetBuf(unsigned char Location,Number)
  19          {
  20   1              Nixie_Buf[Location]=Number;
  21   1      }
  22          
  23          /**
  24            * @brief  数码管扫描显示
  25            * @param  Location 要显示的位置，范围：1~8
  26            * @param  Number 要显示的数字，范围：段码表索引范围
  27            * @retval 无
  28            */
  29          void Nixie_Scan(unsigned char Location,Number)
  30          {
  31   1              P0=0x00;                                //段码清0，消影
  32   1              switch(Location)                //位码输出
  33   1              {
  34   2                      case 1:P2_4=1;P2_3=1;P2_2=1;break;
  35   2                      case 2:P2_4=1;P2_3=1;P2_2=0;break;
  36   2                      case 3:P2_4=1;P2_3=0;P2_2=1;break;
  37   2                      case 4:P2_4=1;P2_3=0;P2_2=0;break;
  38   2                      case 5:P2_4=0;P2_3=1;P2_2=1;break;
  39   2                      case 6:P2_4=0;P2_3=1;P2_2=0;break;
  40   2                      case 7:P2_4=0;P2_3=0;P2_2=1;break;
  41   2                      case 8:P2_4=0;P2_3=0;P2_2=0;break;
  42   2              }
  43   1              P0=NixieTable[Number];  //段码输出
  44   1      }
  45          void Nixie_Point(unsigned char Location)
  46          {
  47   1              P0=0x00;                                //段码清0，消影
  48   1              switch(Location)                //位码输出
  49   1              {
  50   2                      case 1:P2_4=1;P2_3=1;P2_2=1;break;
  51   2                      case 2:P2_4=1;P2_3=1;P2_2=0;break;
  52   2                      case 3:P2_4=1;P2_3=0;P2_2=1;break;
  53   2                      case 4:P2_4=1;P2_3=0;P2_2=0;break;
  54   2                      case 5:P2_4=0;P2_3=1;P2_2=1;break;
C51 COMPILER V9.60.0.0   NIXIE                                                             04/28/2024 20:34:13 PAGE 2   

  55   2                      case 6:P2_4=0;P2_3=1;P2_2=0;break;
  56   2                      case 7:P2_4=0;P2_3=0;P2_2=1;break;
  57   2                      case 8:P2_4=0;P2_3=0;P2_2=0;break;
  58   2              }
  59   1              P0=0x80;        //段码输出
  60   1      }
  61          /**
  62            * @brief  数码管驱动函数，在中断中调用
  63            * @param  无
  64            * @retval 无
  65            */
  66          void Nixie_Loop(void)
  67          {
  68   1              static unsigned char i=1;
  69   1              Nixie_Scan(i,Nixie_Buf[i]);
  70   1              i++;
  71   1              if(i>=9){i=1;}
  72   1      }


MODULE INFORMATION:   STATIC OVERLAYABLE
   CODE SIZE        =    240    ----
   CONSTANT SIZE    =   ----    ----
   XDATA SIZE       =   ----    ----
   PDATA SIZE       =   ----    ----
   DATA SIZE        =     23    ----
   IDATA SIZE       =   ----    ----
   BIT SIZE         =   ----    ----
END OF MODULE INFORMATION.


C51 COMPILATION COMPLETE.  0 WARNING(S),  0 ERROR(S)
