C51 COMPILER V9.60.0.0   TIME                                                              10/31/2021 09:24:59 PAGE 1   


C51 COMPILER V9.60.0.0, COMPILATION OF MODULE TIME
OBJECT MODULE PLACED IN .\Objects\Time.obj
COMPILER INVOKED BY: D:\keil5\KeilC51_V9.60_XiTongZhiJia\C51\BIN\C51.EXE Time.c OPTIMIZE(8,SPEED) BROWSE DEBUG OBJECTEXT
                    -END PRINT(.\Listings\Time.lst) TABS(2) OBJECT(.\Objects\Time.obj)

line level    source

   1          #include <REGX52.H>
   2          
   3          void Timer0Init(void)
   4          {
   5   1        TMOD &= 0xfF0;
   6   1        TMOD |= 0x01;
   7   1        TL0 = 0x18;
   8   1        TH0 = 0xFC;
   9   1        TF0 = 0;
  10   1        TR0 = 1;
  11   1        ET0 = 1;
  12   1        EA = 1;
  13   1        PT0 = 0;
  14   1      }


MODULE INFORMATION:   STATIC OVERLAYABLE
   CODE SIZE        =     23    ----
   CONSTANT SIZE    =   ----    ----
   XDATA SIZE       =   ----    ----
   PDATA SIZE       =   ----    ----
   DATA SIZE        =   ----    ----
   IDATA SIZE       =   ----    ----
   BIT SIZE         =   ----    ----
END OF MODULE INFORMATION.


C51 COMPILATION COMPLETE.  0 WARNING(S),  0 ERROR(S)
