C51 COMPILER V9.60.0.0   MAIN                                                              06/15/2024 12:55:49 PAGE 1   


C51 COMPILER V9.60.0.0, COMPILATION OF MODULE MAIN
OBJECT MODULE PLACED IN .\Objects\main.obj
COMPILER INVOKED BY: D:\Program Files\Keil_v5\C51\BIN\C51.EXE main.c OPTIMIZE(8,SPEED) BROWSE DEBUG OBJECTEXTEND PRINT(.
                    -\Listings\main.lst) TABS(2) OBJECT(.\Objects\main.obj)

line level    source

   1          #include <REGX52.H>
   2          
   3          /**
   4            * @brief ڳʼ
   5            * @param  
   6            * @retval 
   7            */
   8          void Uart_Init()  //4800bps@11.0592MHz
   9          {
  10   1        SCON=0x50;   //ʽ1   REN1 /ֹݽյĿλ   REN1
  11   1        PCON |= 0x80;  //ʼӱ  
  12   1        
  13   1        //öʱ1 ģʽ 8λԶװ
  14   1        TMOD&=0x0F;
  15   1        TMOD|=0x20;  //ģʽ
  16   1        TL1 = 0xF4;   //趨ʱֵ
  17   1        TH1 = 0xF4;   //趨ʱװֵ
  18   1        
  19   1        ET1=0;   //ÿж ʱǲ
  20   1        TR1=1;   //ʱ1
  21   1        
  22   1        //ɺʹж
  23   1        ES=1;
  24   1        EA=1;
  25   1      }
  26          
  27          /**
  28            * @brief ڷһλֽ
  29            * @param  Byte Ҫ͵ֽ
  30            * @retval 
  31            */
  32          void Uart_SendByte(unsigned char Byte)
  33          {
  34   1        SBUF=Byte;   //򻺴д
  35   1        while(TI==0);   //жϱ־λ ⵽˼ĴTIλ Ϊ0 ͱʾδ  ִб
             -TIλ
  36   1        //TIΪ1 ͱʾSUBFѾ  ִ佫TIλ
  37   1        TI=0;
  38   1      }
  39          
  40          void main()
  41          {
  42   1        Uart_Init();
  43   1        
  44   1        while(1)
  45   1        {
  46   2          
  47   2        }
  48   1      }
  49          void Uart_Routine() interrupt 4
  50          {
  51   1        if(RI==1)   //յ ɺ ж ǽж  
  52   1          //Ҳж
  53   1        {
C51 COMPILER V9.60.0.0   MAIN                                                              06/15/2024 12:55:49 PAGE 2   

  54   2          P2=SBUF;  //SUBFжȡ
  55   2          Uart_SendByte(SBUF);
  56   2          RI=0;
  57   2        }
  58   1      }
  59          
  60          
  61          


MODULE INFORMATION:   STATIC OVERLAYABLE
   CODE SIZE        =     65    ----
   CONSTANT SIZE    =   ----    ----
   XDATA SIZE       =   ----    ----
   PDATA SIZE       =   ----    ----
   DATA SIZE        =   ----    ----
   IDATA SIZE       =   ----    ----
   BIT SIZE         =   ----    ----
END OF MODULE INFORMATION.


C51 COMPILATION COMPLETE.  0 WARNING(S),  0 ERROR(S)
