C51 COMPILER V9.54   MAIN                                                                  03/28/2024 15:33:18 PAGE 1   


C51 COMPILER V9.54, COMPILATION OF MODULE MAIN
OBJECT MODULE PLACED IN .\Objects\main.obj
COMPILER INVOKED BY: D:\keil5\C51\BIN\C51.EXE main.c LARGE OPTIMIZE(8,SPEED) BROWSE DEBUG OBJECTEXTEND PRINT(.\Listings\
                    -main.lst) TABS(2) OBJECT(.\Objects\main.obj)

line level    source

   1          
   2          #include<reg51.h>
   3             #include<stdio.h>
   4             #include<intrins.h>
   5             #include<absacc.h>
   6             #define uchar unsigned char
   7             #define uint unsighed int
   8             uchar VAR=0xFE;
   9             unsigned char flag=0;
  10             void delay(int n)//延时函数
  11             {
  12   1         int i,j;
  13   1         for(i=n;i>0;i--)
  14   1         {
  15   2         for(j=28;j>0;j--);
  16   2         }
  17   1         }
  18          
  19          void INT_0(void) interrupt 0//定时器函数
  20          {
  21   1        delay(20);
  22   1        flag=1;
  23   1        IE0=0;
  24   1      }
  25          uchar D1[6]={0x89,0x86,0xC7,0xC7,0xC0,0xFF};//hello
  26           
  27          uchar C[6]={0xDF,0xEF,0xF7,0xFB,0xFD,0xFE};
  28          int i;
  29          int j;
  30          uchar temp;//临时变量
  31             void main()
  32          {
  33   1           IT0=1;//下降沿触发
  34   1        EA=1;
  35   1        EX0=1; 
  36   1            while(1)
  37   1          {  
  38   2              if(flag==1)//标志位置1
  39   2          {
  40   3             
  41   3            flag=0;
  42   3            temp=D1[5];
  43   3            for(j=5;j>0;j--)//HELLO平移
  44   3            {
  45   4              D1[j]=D1[j-1];
  46   4             
  47   4            }
  48   3             D1[0]= temp;
  49   3          }
  50   2          for(i=0;i<6;i++)//循环显示
  51   2            {
  52   3              
  53   3              P0=D1[i];
  54   3              P1=C[i];
C51 COMPILER V9.54   MAIN                                                                  03/28/2024 15:33:18 PAGE 2   

  55   3              delay(1);
  56   3              P0=0xFF;
  57   3              delay(9);
  58   3            }
  59   2          }
  60   1        }
  61               
  62           
  63          
  64          
  65          
  66           


MODULE INFORMATION:   STATIC OVERLAYABLE
   CODE SIZE        =    262    ----
   CONSTANT SIZE    =   ----    ----
   XDATA SIZE       =     19    ----
   PDATA SIZE       =   ----    ----
   DATA SIZE        =   ----    ----
   IDATA SIZE       =   ----    ----
   BIT SIZE         =   ----    ----
END OF MODULE INFORMATION.


C51 COMPILATION COMPLETE.  0 WARNING(S),  0 ERROR(S)
