C51 COMPILER V9.60.0.0   MAIN                                                              06/15/2024 02:07:15 PAGE 1   


C51 COMPILER V9.60.0.0, COMPILATION OF MODULE MAIN
OBJECT MODULE PLACED IN .\Objects\main.obj
COMPILER INVOKED BY: D:\Program Files\Keil_v5\C51\BIN\C51.EXE main.c OPTIMIZE(8,SPEED) BROWSE DEBUG OBJECTEXTEND PRINT(.
                    -\Listings\main.lst) TABS(2) OBJECT(.\Objects\main.obj)

line level    source

   1          #include <REGX52.H>
   2          #include <INTRINS.H>
   3          
   4          void Delay200us(void) //@12.000MHz
   5          {
   6   1        unsigned char data i;
   7   1      
   8   1        _nop_();
   9   1        i = 97;
  10   1        while (--i);
  11   1      }
  12          
  13          
  14          
  15          void main()
  16          {
  17   1        while(1)
  18   1        {
  19   2          P2_1=0; //1111 1110
  20   2          Delay200us();
  21   2          P2_1=1; //1111 1111
  22   2          Delay200us();
  23   2        }
  24   1      }


MODULE INFORMATION:   STATIC OVERLAYABLE
   CODE SIZE        =     18    ----
   CONSTANT SIZE    =   ----    ----
   XDATA SIZE       =   ----    ----
   PDATA SIZE       =   ----    ----
   DATA SIZE        =   ----    ----
   IDATA SIZE       =   ----    ----
   BIT SIZE         =   ----    ----
END OF MODULE INFORMATION.


C51 COMPILATION COMPLETE.  0 WARNING(S),  0 ERROR(S)
