C51 COMPILER V9.60.0.0   MAIN                                                              06/21/2024 16:07:30 PAGE 1   


C51 COMPILER V9.60.0.0, COMPILATION OF MODULE MAIN
OBJECT MODULE PLACED IN .\Objects\main.obj
COMPILER INVOKED BY: D:\Program Files\Keil_v5\C51\BIN\C51.EXE main.c OPTIMIZE(8,SPEED) BROWSE DEBUG OBJECTEXTEND PRINT(.
                    -\Listings\main.lst) TABS(2) OBJECT(.\Objects\main.obj)

line level    source

   1          #include <REGX52.H>
   2          #include "Delay.h"
   3          #include "UART.h"
   4          
   5          unsigned char Sec;
   6          
   7          void main()
   8          {
   9   1        UART_Init();      //串口初始化
  10   1        while(1)
  11   1        {
  12   2          UART_SendByte(Sec); //串口发送一个字节
  13   2          Sec++;        //Sec自增
  14   2          Delay(1000);    //延时1秒
  15   2        }
  16   1      }


MODULE INFORMATION:   STATIC OVERLAYABLE
   CODE SIZE        =     19    ----
   CONSTANT SIZE    =   ----    ----
   XDATA SIZE       =   ----    ----
   PDATA SIZE       =   ----    ----
   DATA SIZE        =      1    ----
   IDATA SIZE       =   ----    ----
   BIT SIZE         =   ----    ----
END OF MODULE INFORMATION.


C51 COMPILATION COMPLETE.  0 WARNING(S),  0 ERROR(S)
