C51 COMPILER V9.60.0.0   TIMER0                                                            07/06/2024 20:56:04 PAGE 1   


C51 COMPILER V9.60.0.0, COMPILATION OF MODULE TIMER0
OBJECT MODULE PLACED IN .\Objects\Timer0.obj
COMPILER INVOKED BY: D:\Program Files\Keil_v5\C51\BIN\C51.EXE Timer0.c OPTIMIZE(8,SPEED) BROWSE DEBUG OBJECTEXTEND PRINT
                    -(.\Listings\Timer0.lst) TABS(2) OBJECT(.\Objects\Timer0.obj)

line level    source

   1          #include <REG52.H>
   2          
   3          /**
   4            * @brief  定时器0初始化，100us@12.000MHz
   5            * @param  无
   6            * @retval 无
   7            */
   8          
   9          
  10          void Timer0Init(void)   //100微秒@11.0592MHz
  11          {
  12   1        TMOD &= 0xF0;     //设置定时器模式
  13   1        TMOD |= 0x01;     //设置定时器模式
  14   1        TL0 = 0xA4;       //设置定时初始值
  15   1        TH0 = 0xFF;       //设置定时初始值
  16   1        PT0 = 1;
  17   1      }
  18          
  19          void Timer1Init(void)   //20毫秒@11.0592MHz
  20          {
  21   1        TMOD &= 0x0F;     //设置定时器模式
  22   1        TMOD |= 0x10;     //设置定时器模式
  23   1        TL1 = 0x00;       //设置定时初始值
  24   1        TH1 = 0xDC;
  25   1        TR1 = 1;        //定时器1开始计时
  26   1        PT1 = 0;
  27   1      }
  28          
  29          /*定时器中断函数模板
  30          void Timer0_Routine() interrupt 1
  31          {
  32            static unsigned int T0Count;
  33            TL0 = 0x9C;   //设置定时初值
  34            TH0 = 0xFF;   //设置定时初值
  35            T0Count++;
  36            if(T0Count>=1000)
  37            {
  38              T0Count=0;
  39              
  40            }
  41          }
  42          */


MODULE INFORMATION:   STATIC OVERLAYABLE
   CODE SIZE        =     32    ----
   CONSTANT SIZE    =   ----    ----
   XDATA SIZE       =   ----    ----
   PDATA SIZE       =   ----    ----
   DATA SIZE        =   ----    ----
   IDATA SIZE       =   ----    ----
   BIT SIZE         =   ----    ----
END OF MODULE INFORMATION.


C51 COMPILATION COMPLETE.  0 WARNING(S),  0 ERROR(S)
