C51 COMPILER V9.54   MAIN                                                                  03/28/2024 15:13:33 PAGE 1   


C51 COMPILER V9.54, COMPILATION OF MODULE MAIN
OBJECT MODULE PLACED IN .\Objects\main.obj
COMPILER INVOKED BY: D:\keil5\C51\BIN\C51.EXE main.c LARGE OPTIMIZE(8,SPEED) BROWSE DEBUG OBJECTEXTEND PRINT(.\Listings\
                    -main.lst) TABS(2) OBJECT(.\Objects\main.obj)

line level    source

   1          
   2          #include<reg51.h>
   3             #include<stdio.h>
   4             #include<intrins.h>
   5             #include<absacc.h>
   6             #define uchar unsigned char
   7             #define uint unsighed int
   8             uchar VAR=0xFE;
   9             unsigned char flag=0;
  10             void delay(int n)//延时函数
  11             {
  12   1         int i,j;
  13   1         for(i=n;i>0;i--)
  14   1         {
  15   2         for(j=28;j>0;j--);
  16   2         }
  17   1         }
  18          void INT_0(void) interrupt 0//定时器函数
  19          {
  20   1        delay(20);
  21   1        flag=1;
  22   1        IE0=0;
  23   1      }
  24          uchar D[6]={0x80,0xFF,0xFF,0xFF,0xFF,0xFF};//hello
  25          uchar C[6]={0xDF,0xEF,0xF7,0xFB,0xFD,0xFE};
  26          int i;
  27             void main()
  28          {
  29   1           IT0=1;
  30   1        EA=1;
  31   1        EX0=1;
  32   1            while(1)
  33   1          {
  34   2            if(flag==1)//，按键按下，标志位置1
  35   2          {      
  36   3            flag=0;//标志位置0
  37   3            VAR=_crol_(VAR,1);
  38   3            P1=C[i%6];//赋给P1的二进制数字循环左移
  39   3            P0=0x80;//P0控制显示数字8
  40   3            delay(20);
  41   3            i++;     
  42   3            }
  43   2          }
  44   1          }
  45               
  46           
  47          
  48          
  49          
  50           


MODULE INFORMATION:   STATIC OVERLAYABLE
   CODE SIZE        =    169    ----
C51 COMPILER V9.54   MAIN                                                                  03/28/2024 15:13:33 PAGE 2   

   CONSTANT SIZE    =   ----    ----
   XDATA SIZE       =     16    ----
   PDATA SIZE       =   ----    ----
   DATA SIZE        =   ----    ----
   IDATA SIZE       =   ----    ----
   BIT SIZE         =   ----    ----
END OF MODULE INFORMATION.


C51 COMPILATION COMPLETE.  0 WARNING(S),  0 ERROR(S)
