C51 COMPILER V9.60.0.0   MAIN                                                              06/19/2024 00:17:35 PAGE 1   


C51 COMPILER V9.60.0.0, COMPILATION OF MODULE MAIN
OBJECT MODULE PLACED IN .\Objects\main.obj
COMPILER INVOKED BY: D:\Program Files\Keil_v5\C51\BIN\C51.EXE main.c OPTIMIZE(8,SPEED) BROWSE DEBUG OBJECTEXTEND PRINT(.
                    -\Listings\main.lst) TABS(2) OBJECT(.\Objects\main.obj)

line level    source

   1          #include <REGX52.H>
   2          #include<all.h>
   3          void ws2812_allot()
   4          {
   5   1          u8 i,j;
   6   1          for(i=0;i<WSCOUNT;i++)
   7   1            for(j=0;j<3;j++)
   8   1            {
   9   2              if(j==1)
  10   2              WS2812_BUffer[i][j]=50;
  11   2              else
  12   2              WS2812_BUffer[i][j]=0;
  13   2            }
  14   1      }
  15          void main()
  16          {
  17   1          while(1)
  18   1          { 
  19   2              ws2812_allot();
  20   2              WS2812_Ser();
  21   2          }
  22   1      }


MODULE INFORMATION:   STATIC OVERLAYABLE
   CODE SIZE        =     69    ----
   CONSTANT SIZE    =   ----    ----
   XDATA SIZE       =   ----    ----
   PDATA SIZE       =   ----    ----
   DATA SIZE        =   ----    ----
   IDATA SIZE       =   ----    ----
   BIT SIZE         =   ----    ----
END OF MODULE INFORMATION.


C51 COMPILATION COMPLETE.  0 WARNING(S),  0 ERROR(S)
