C51 COMPILER V9.60.0.0   MAIN                                                              01/20/2023 14:23:09 PAGE 1   


C51 COMPILER V9.60.0.0, COMPILATION OF MODULE MAIN
OBJECT MODULE PLACED IN .\Objects\main.obj
COMPILER INVOKED BY: D:\Keil_v5\C51\BIN\C51.EXE main.c OPTIMIZE(8,SPEED) BROWSE DEBUG OBJECTEXTEND PRINT(.\Listings\main
                    -.lst) OBJECT(.\Objects\main.obj)

line level    source

   1          #include <REGX52.H>
   2          
   3          //数码管段码表
   4          unsigned char NixieTable[]={0x3F,0x06,0x5B,0x4F,0x66,0x6D,0x7D,0x07,0x7F,0x6F};
   5          
   6          //延时子函数
   7          void Delayms(unsigned int xms)
   8          {
   9   1              unsigned char i, j;
  10   1              while(xms--)
  11   1              {
  12   2                      i = 2;
  13   2                      j = 239;
  14   2                      do
  15   2                      {
  16   3                              while (--j);
  17   3                      } while (--i);
  18   2              }
  19   1      }
  20          
  21          //数码管显示子函数
  22          void Nixie(unsigned char Location,Number)
  23          {
  24   1              switch(Location)                //位码输出
  25   1              {
  26   2                      case 1:P2_4=1;P2_3=1;P2_2=1;break;
  27   2                      case 2:P2_4=1;P2_3=1;P2_2=0;break;
  28   2                      case 3:P2_4=1;P2_3=0;P2_2=1;break;
  29   2                      case 4:P2_4=1;P2_3=0;P2_2=0;break;
  30   2                      case 5:P2_4=0;P2_3=1;P2_2=1;break;
  31   2                      case 6:P2_4=0;P2_3=1;P2_2=0;break;
  32   2                      case 7:P2_4=0;P2_3=0;P2_2=1;break;
  33   2                      case 8:P2_4=0;P2_3=0;P2_2=0;break;
  34   2              }
  35   1              P0=NixieTable[Number];  //段码输出
  36   1              Delayms(1);                             //显示一段时间
  37   1              P0=0x00;                                //段码清0，消影
  38   1      }
  39          
  40          void main()
  41          {
  42   1              while(1)
  43   1              {
  44   2                      Nixie(1,1);             //在数码管的第1位置显示1
  45   2      
  46   2                      Nixie(2,2);             //在数码管的第2位置显示2
  47   2      
  48   2                      Nixie(3,3);             //在数码管的第3位置显示3
  49   2      
  50   2              }
  51   1      }


MODULE INFORMATION:   STATIC OVERLAYABLE
C51 COMPILER V9.60.0.0   MAIN                                                              01/20/2023 14:23:09 PAGE 2   

   CODE SIZE        =    159    ----
   CONSTANT SIZE    =   ----    ----
   XDATA SIZE       =   ----    ----
   PDATA SIZE       =   ----    ----
   DATA SIZE        =     10    ----
   IDATA SIZE       =   ----    ----
   BIT SIZE         =   ----    ----
END OF MODULE INFORMATION.


C51 COMPILATION COMPLETE.  0 WARNING(S),  0 ERROR(S)
