C51 COMPILER V9.60.0.0   KEY                                                               07/07/2024 00:35:45 PAGE 1   


C51 COMPILER V9.60.0.0, COMPILATION OF MODULE KEY
OBJECT MODULE PLACED IN .\Objects\Key.obj
COMPILER INVOKED BY: D:\Program Files\Keil_v5\C51\BIN\C51.EXE Key.c OPTIMIZE(8,SPEED) BROWSE DEBUG OBJECTEXTEND PRINT(.\
                    -Listings\Key.lst) TABS(2) OBJECT(.\Objects\Key.obj)

line level    source

   1          #include <REGX52.H>
   2          
   3          
   4          void Delay(unsigned int xms)
   5          {
   6   1        unsigned char i, j;
   7   1        while(xms--)
   8   1        {
   9   2          i = 2;
  10   2          j = 239;
  11   2          do
  12   2          {
  13   3            while (--j);
  14   3          } while (--i);
  15   2        }
  16   1      }
  17          
  18          
  19          /**
  20            * @brief  获取独立按键键码
  21            * @param  无
  22            * @retval 按下按键的键码，范围：0~4，无按键按下时返回值为0
  23            */
  24          unsigned char Key()
  25          {
  26   1        unsigned char KeyNumber=0;
  27   1        
  28   1        if(P1_4==0){Delay(20);while(P1_4==0);Delay(20);KeyNumber=1;}//set
  29   1        if(P1_5==0){Delay(20);while(P1_5==0);Delay(20);KeyNumber=2;}
  30   1        if(P1_6==0){Delay(20);while(P1_6==0);Delay(20);KeyNumber=3;}
  31   1        if(P1_7==0){Delay(20);while(P1_7==0);Delay(20);KeyNumber=4;}
  32   1        return KeyNumber;
  33   1      }


MODULE INFORMATION:   STATIC OVERLAYABLE
   CODE SIZE        =     89    ----
   CONSTANT SIZE    =   ----    ----
   XDATA SIZE       =   ----    ----
   PDATA SIZE       =   ----    ----
   DATA SIZE        =   ----    ----
   IDATA SIZE       =   ----    ----
   BIT SIZE         =   ----    ----
END OF MODULE INFORMATION.


C51 COMPILATION COMPLETE.  0 WARNING(S),  0 ERROR(S)
