C51 COMPILER V9.54   MAIN                                                                  03/28/2024 15:09:51 PAGE 1   


C51 COMPILER V9.54, COMPILATION OF MODULE MAIN
OBJECT MODULE PLACED IN .\Objects\main.obj
COMPILER INVOKED BY: D:\keil5\C51\BIN\C51.EXE main.c LARGE OPTIMIZE(8,SPEED) BROWSE DEBUG OBJECTEXTEND PRINT(.\Listings\
                    -main.lst) TABS(2) OBJECT(.\Objects\main.obj)

line level    source

   1          
   2          #include<reg51.h>
   3             #include<stdio.h>
   4             #include<intrins.h>
   5             #include<absacc.h>
   6             #define uchar unsigned char
   7             #define uint unsighed int
   8             uchar VAR=0xFE;
   9             unsigned char flag=0;
  10             void delay(int n)//延时函数
  11             {
  12   1         int i,j;
  13   1         for(i=n;i>0;i--)
  14   1         {
  15   2         for(j=28;j>0;j--);
  16   2         }
  17   1         }
  18          
  19          void INT_0(void) interrupt 0//定时器函数
  20          {
  21   1        delay(20);
  22   1        flag=1;
  23   1        IE0=0;
  24   1      }
  25             
  26             void main()
  27          {
  28   1           IT0=1;
  29   1        EA=1;
  30   1        EX0=1;
  31   1            while(1)
  32   1          {
  33   2           
  34   2            if(flag==1)//标志位置1
  35   2          {
  36   3            flag=0;
  37   3            VAR=_crol_(VAR,1);//循环左移
  38   3          P1=VAR;                         
  39   3          delay(1000);
  40   3          }
  41   2          }
  42   1           
  43   1       }
  44          
  45          
  46          
  47           


MODULE INFORMATION:   STATIC OVERLAYABLE
   CODE SIZE        =    124    ----
   CONSTANT SIZE    =   ----    ----
   XDATA SIZE       =      2    ----
   PDATA SIZE       =   ----    ----
C51 COMPILER V9.54   MAIN                                                                  03/28/2024 15:09:51 PAGE 2   

   DATA SIZE        =   ----    ----
   IDATA SIZE       =   ----    ----
   BIT SIZE         =   ----    ----
END OF MODULE INFORMATION.


C51 COMPILATION COMPLETE.  0 WARNING(S),  0 ERROR(S)
