C51 COMPILER V9.60.0.0   MAIN                                                              07/06/2024 14:45:24 PAGE 1   


C51 COMPILER V9.60.0.0, COMPILATION OF MODULE MAIN
OBJECT MODULE PLACED IN .\Objects\main.obj
COMPILER INVOKED BY: D:\Program Files\Keil_v5\C51\BIN\C51.EXE main.c OPTIMIZE(8,SPEED) BROWSE DEBUG OBJECTEXTEND PRINT(.
                    -\Listings\main.lst) TABS(2) OBJECT(.\Objects\main.obj)

line level    source

   1          #include <REGX52.H>
   2          
   3          //数码管段码表
   4          unsigned char NixieTable[]={0x3F,0x06,0x5B,0x4F,0x66,0x6D,0x7D,0xFF,0x7F,0x6F};
   5          unsigned char NixieTable1[]={0x76,0x79,0x38,0x3F};//H E L O
   6          
   7          ////延时子函数
   8          void Delayms(unsigned int xms)
   9          {
  10   1        unsigned char i, j;
  11   1        while(xms--)
  12   1        {
  13   2          i = 2;
  14   2          j = 239;
  15   2          do
  16   2          {
  17   3            while (--j);
  18   3          } while (--i);
  19   2        }
  20   1      }
  21          
  22          //数码管显示子函数
  23          void Nixie(unsigned char Location,Number)
  24          {
  25   1        switch(Location)    
  26   1        {
  27   2          case 8:P2_4=1;P2_3=1;P2_2=1;break;
  28   2          case 7:P2_4=1;P2_3=1;P2_2=0;break;
  29   2          case 6:P2_4=1;P2_3=0;P2_2=1;break;
  30   2          case 5:P2_4=1;P2_3=0;P2_2=0;break;
  31   2          case 4:P2_4=0;P2_3=1;P2_2=1;break;
  32   2          case 3:P2_4=0;P2_3=1;P2_2=0;break;
  33   2          case 2:P2_4=0;P2_3=0;P2_2=1;break;
  34   2          case 1:P2_4=0;P2_3=0;P2_2=0;break;
  35   2        }
  36   1        P0=NixieTable[Number];
  37   1        Delayms(1);       
  38   1        P0=0x00;        
  39   1      }
  40          
  41          void main()
  42          {
  43   1      //  P2_4=1;P2_3=1;P2_2=0;
  44   1      //  P0=0x66;
  45   1      //  P0=0xFF;
  46   1      //  P0=0x66;
  47   1        while(1)
  48   1        {
  49   2      
  50   2        Nixie(1,4); 
  51   2        Nixie(5,9);   
  52   2        Nixie(3,6);   
  53   2      //  Nixie(1,2); 
  54   2      //  Nixie(8,2);   
C51 COMPILER V9.60.0.0   MAIN                                                              07/06/2024 14:45:24 PAGE 2   

  55   2      //  Delayms(550);
  56   2      //    
  57   2      //  Nixie(2,0); 
  58   2      //  Nixie(3,1);   
  59   2      //  Nixie(4,2);   
  60   2      //  Nixie(5,2); 
  61   2      //  Nixie(6,3); 
  62   2      //Delayms(550);
  63   2      
  64   2      
  65   2      //    
  66   2      //  Nixie(3,0); 
  67   2      //  Nixie(4,1);   
  68   2      //  Nixie(5,2);   
  69   2      //  Nixie(6,2); 
  70   2      //  Nixie(7,3); 
  71   2      
  72   2      //Delayms(550);
  73   2      //    
  74   2      //  Nixie(4,0); 
  75   2      //  Nixie(5,1);   
  76   2      //  Nixie(6,2);   
  77   2      //  Nixie(7,2); 
  78   2      //  Nixie(8,3); 
  79   2      //  
  80   2      //  Delayms(550);
  81   2      //    
  82   2      //  Nixie(5,0); 
  83   2      //  Nixie(6,1);   
  84   2      //  Nixie(7,2);   
  85   2      //  Nixie(8,2); 
  86   2      //  Nixie(1,3); 
  87   2      //  
  88   2      //  Delayms(550);
  89   2      //    
  90   2      //  Nixie(6,0); 
  91   2      //  Nixie(7,1);   
  92   2      //  Nixie(8,2);   
  93   2      //  Nixie(1,2); 
  94   2      //  Nixie(2,3); 
  95   2      //  
  96   2      //  Delayms(550);
  97   2      //    
  98   2      //  Nixie(7,0); 
  99   2      //  Nixie(8,1);   
 100   2      //  Nixie(1,2);   
 101   2      //  Nixie(2,2); 
 102   2      //  Nixie(3,3); 
 103   2      //  
 104   2      //  
 105   2      //  Delayms(550); 
 106   2      //  Nixie(8,0); 
 107   2      //  Nixie(1,1);   
 108   2      //  Nixie(2,2);   
 109   2      //  Nixie(3,2); 
 110   2      //  Nixie(4,3); 
 111   2      //  Delayms(550);
 112   2        
 113   2          
 114   2        
 115   2      //    Nixie(1,4);   //在数码管的第1位置显示1
 116   2      //    Delayms(300);
C51 COMPILER V9.60.0.0   MAIN                                                              07/06/2024 14:45:24 PAGE 3   

 117   2      //    Nixie(2,4);   
 118   2      //    Delayms(300);
 119   2      //    Nixie(3,4);   
 120   2      //    Delayms(300);
 121   2      //    Nixie(4,4);   
 122   2      //    Delayms(300);
 123   2      //    Nixie(5,4);   
 124   2      //    Delayms(300);
 125   2      //    Nixie(6,4);   
 126   2      //    Delayms(300);
 127   2      //    Nixie(7,4);   
 128   2      //    Delayms(300);
 129   2      //    Nixie(8,4);   
 130   2      //    Delayms(300);
 131   2        }
 132   1      }


MODULE INFORMATION:   STATIC OVERLAYABLE
   CODE SIZE        =    159    ----
   CONSTANT SIZE    =   ----    ----
   XDATA SIZE       =   ----    ----
   PDATA SIZE       =   ----    ----
   DATA SIZE        =     14    ----
   IDATA SIZE       =   ----    ----
   BIT SIZE         =   ----    ----
END OF MODULE INFORMATION.


C51 COMPILATION COMPLETE.  0 WARNING(S),  0 ERROR(S)
