Analysis & Synthesis report for py_1810_6
Thu Jun 13 16:49:47 2024
Quartus Prime Version 18.1.0 Build 625 09/12/2018 SJ Lite Edition


---------------------
; Table of Contents ;
---------------------
  1. Legal Notice
  2. Analysis & Synthesis Summary
  3. Analysis & Synthesis Settings
  4. Parallel Compilation
  5. Analysis & Synthesis Source Files Read
  6. Analysis & Synthesis Resource Usage Summary
  7. Analysis & Synthesis Resource Utilization by Entity
  8. User-Specified and Inferred Latches
  9. General Register Statistics
 10. Post-Synthesis Netlist Statistics for Top Partition
 11. Elapsed Time Per Partition
 12. Analysis & Synthesis Messages
 13. Analysis & Synthesis Suppressed Messages



----------------
; Legal Notice ;
----------------
Copyright (C) 2018  Intel Corporation. All rights reserved.
Your use of Intel Corporation's design tools, logic functions 
and other software and tools, and its AMPP partner logic 
functions, and any output files from any of the foregoing 
(including device programming or simulation files), and any 
associated documentation or information are expressly subject 
to the terms and conditions of the Intel Program License 
Subscription Agreement, the Intel Quartus Prime License Agreement,
the Intel FPGA IP License Agreement, or other applicable license
agreement, including, without limitation, that your use is for
the sole purpose of programming logic devices manufactured by
Intel and sold by Intel or its authorized distributors.  Please
refer to the applicable agreement for further details.



+----------------------------------------------------------------------------------+
; Analysis & Synthesis Summary                                                     ;
+------------------------------------+---------------------------------------------+
; Analysis & Synthesis Status        ; Successful - Thu Jun 13 16:49:47 2024       ;
; Quartus Prime Version              ; 18.1.0 Build 625 09/12/2018 SJ Lite Edition ;
; Revision Name                      ; py_1810_6                                   ;
; Top-level Entity Name              ; py_1810_6                                   ;
; Family                             ; Cyclone IV E                                ;
; Total logic elements               ; 36                                          ;
;     Total combinational functions  ; 34                                          ;
;     Dedicated logic registers      ; 20                                          ;
; Total registers                    ; 20                                          ;
; Total pins                         ; 23                                          ;
; Total virtual pins                 ; 0                                           ;
; Total memory bits                  ; 0                                           ;
; Embedded Multiplier 9-bit elements ; 0                                           ;
; Total PLLs                         ; 0                                           ;
+------------------------------------+---------------------------------------------+


+------------------------------------------------------------------------------------------------------------+
; Analysis & Synthesis Settings                                                                              ;
+------------------------------------------------------------------+--------------------+--------------------+
; Option                                                           ; Setting            ; Default Value      ;
+------------------------------------------------------------------+--------------------+--------------------+
; Device                                                           ; EP4CE6E22C8        ;                    ;
; Top-level entity name                                            ; py_1810_6          ; py_1810_6          ;
; Family name                                                      ; Cyclone IV E       ; Cyclone V          ;
; Use smart compilation                                            ; Off                ; Off                ;
; Enable parallel Assembler and Timing Analyzer during compilation ; On                 ; On                 ;
; Enable compact report table                                      ; Off                ; Off                ;
; Restructure Multiplexers                                         ; Auto               ; Auto               ;
; Create Debugging Nodes for IP Cores                              ; Off                ; Off                ;
; Preserve fewer node names                                        ; On                 ; On                 ;
; Intel FPGA IP Evaluation Mode                                    ; Enable             ; Enable             ;
; Verilog Version                                                  ; Verilog_2001       ; Verilog_2001       ;
; VHDL Version                                                     ; VHDL_1993          ; VHDL_1993          ;
; State Machine Processing                                         ; Auto               ; Auto               ;
; Safe State Machine                                               ; Off                ; Off                ;
; Extract Verilog State Machines                                   ; On                 ; On                 ;
; Extract VHDL State Machines                                      ; On                 ; On                 ;
; Ignore Verilog initial constructs                                ; Off                ; Off                ;
; Iteration limit for constant Verilog loops                       ; 5000               ; 5000               ;
; Iteration limit for non-constant Verilog loops                   ; 250                ; 250                ;
; Add Pass-Through Logic to Inferred RAMs                          ; On                 ; On                 ;
; Infer RAMs from Raw Logic                                        ; On                 ; On                 ;
; Parallel Synthesis                                               ; On                 ; On                 ;
; DSP Block Balancing                                              ; Auto               ; Auto               ;
; NOT Gate Push-Back                                               ; On                 ; On                 ;
; Power-Up Don't Care                                              ; On                 ; On                 ;
; Remove Redundant Logic Cells                                     ; Off                ; Off                ;
; Remove Duplicate Registers                                       ; On                 ; On                 ;
; Ignore CARRY Buffers                                             ; Off                ; Off                ;
; Ignore CASCADE Buffers                                           ; Off                ; Off                ;
; Ignore GLOBAL Buffers                                            ; Off                ; Off                ;
; Ignore ROW GLOBAL Buffers                                        ; Off                ; Off                ;
; Ignore LCELL Buffers                                             ; Off                ; Off                ;
; Ignore SOFT Buffers                                              ; On                 ; On                 ;
; Limit AHDL Integers to 32 Bits                                   ; Off                ; Off                ;
; Optimization Technique                                           ; Balanced           ; Balanced           ;
; Carry Chain Length                                               ; 70                 ; 70                 ;
; Auto Carry Chains                                                ; On                 ; On                 ;
; Auto Open-Drain Pins                                             ; On                 ; On                 ;
; Perform WYSIWYG Primitive Resynthesis                            ; Off                ; Off                ;
; Auto ROM Replacement                                             ; On                 ; On                 ;
; Auto RAM Replacement                                             ; On                 ; On                 ;
; Auto DSP Block Replacement                                       ; On                 ; On                 ;
; Auto Shift Register Replacement                                  ; Auto               ; Auto               ;
; Allow Shift Register Merging across Hierarchies                  ; Auto               ; Auto               ;
; Auto Clock Enable Replacement                                    ; On                 ; On                 ;
; Strict RAM Replacement                                           ; Off                ; Off                ;
; Allow Synchronous Control Signals                                ; On                 ; On                 ;
; Force Use of Synchronous Clear Signals                           ; Off                ; Off                ;
; Auto RAM Block Balancing                                         ; On                 ; On                 ;
; Auto RAM to Logic Cell Conversion                                ; Off                ; Off                ;
; Auto Resource Sharing                                            ; Off                ; Off                ;
; Allow Any RAM Size For Recognition                               ; Off                ; Off                ;
; Allow Any ROM Size For Recognition                               ; Off                ; Off                ;
; Allow Any Shift Register Size For Recognition                    ; Off                ; Off                ;
; Use LogicLock Constraints during Resource Balancing              ; On                 ; On                 ;
; Ignore translate_off and synthesis_off directives                ; Off                ; Off                ;
; Timing-Driven Synthesis                                          ; On                 ; On                 ;
; Report Parameter Settings                                        ; On                 ; On                 ;
; Report Source Assignments                                        ; On                 ; On                 ;
; Report Connectivity Checks                                       ; On                 ; On                 ;
; Ignore Maximum Fan-Out Assignments                               ; Off                ; Off                ;
; Synchronization Register Chain Length                            ; 2                  ; 2                  ;
; Power Optimization During Synthesis                              ; Normal compilation ; Normal compilation ;
; HDL message level                                                ; Level2             ; Level2             ;
; Suppress Register Optimization Related Messages                  ; Off                ; Off                ;
; Number of Removed Registers Reported in Synthesis Report         ; 5000               ; 5000               ;
; Number of Swept Nodes Reported in Synthesis Report               ; 5000               ; 5000               ;
; Number of Inverted Registers Reported in Synthesis Report        ; 100                ; 100                ;
; Clock MUX Protection                                             ; On                 ; On                 ;
; Auto Gated Clock Conversion                                      ; Off                ; Off                ;
; Block Design Naming                                              ; Auto               ; Auto               ;
; SDC constraint protection                                        ; Off                ; Off                ;
; Synthesis Effort                                                 ; Auto               ; Auto               ;
; Shift Register Replacement - Allow Asynchronous Clear Signal     ; On                 ; On                 ;
; Pre-Mapping Resynthesis Optimization                             ; Off                ; Off                ;
; Analysis & Synthesis Message Level                               ; Medium             ; Medium             ;
; Disable Register Merging Across Hierarchies                      ; Auto               ; Auto               ;
; Resource Aware Inference For Block RAM                           ; On                 ; On                 ;
+------------------------------------------------------------------+--------------------+--------------------+


+------------------------------------------+
; Parallel Compilation                     ;
+----------------------------+-------------+
; Processors                 ; Number      ;
+----------------------------+-------------+
; Number detected on machine ; 16          ;
; Maximum allowed            ; 16          ;
;                            ;             ;
; Average used               ; 1.00        ;
; Maximum used               ; 16          ;
;                            ;             ;
; Usage by Processor         ; % Time Used ;
;     Processor 1            ; 100.0%      ;
;     Processors 2-16        ;   0.0%      ;
+----------------------------+-------------+


+----------------------------------------------------------------------------------------------------------------------------------------+
; Analysis & Synthesis Source Files Read                                                                                                 ;
+----------------------------------+-----------------+------------------------+------------------------------------------------+---------+
; File Name with User-Entered Path ; Used in Netlist ; File Type              ; File Name with Absolute Path                   ; Library ;
+----------------------------------+-----------------+------------------------+------------------------------------------------+---------+
; py_1810_6.v                      ; yes             ; User Verilog HDL File  ; E:/Quartusexperiment/code6/code6/py_1810_6.v   ;         ;
; py_1810_6_1.v                    ; yes             ; User Verilog HDL File  ; E:/Quartusexperiment/code6/code6/py_1810_6_1.v ;         ;
; py_1810_6_2.v                    ; yes             ; User Verilog HDL File  ; E:/Quartusexperiment/code6/code6/py_1810_6_2.v ;         ;
; py_1810_6_3.v                    ; yes             ; User Verilog HDL File  ; E:/Quartusexperiment/code6/code6/py_1810_6_3.v ;         ;
; py_1810_6_4.v                    ; yes             ; User Verilog HDL File  ; E:/Quartusexperiment/code6/code6/py_1810_6_4.v ;         ;
; py_1810_6_5.v                    ; yes             ; User Verilog HDL File  ; E:/Quartusexperiment/code6/code6/py_1810_6_5.v ;         ;
+----------------------------------+-----------------+------------------------+------------------------------------------------+---------+


+------------------------------------------------------------+
; Analysis & Synthesis Resource Usage Summary                ;
+---------------------------------------------+--------------+
; Resource                                    ; Usage        ;
+---------------------------------------------+--------------+
; Estimated Total logic elements              ; 36           ;
;                                             ;              ;
; Total combinational functions               ; 34           ;
; Logic element usage by number of LUT inputs ;              ;
;     -- 4 input functions                    ; 11           ;
;     -- 3 input functions                    ; 2            ;
;     -- <=2 input functions                  ; 21           ;
;                                             ;              ;
; Logic elements by mode                      ;              ;
;     -- normal mode                          ; 20           ;
;     -- arithmetic mode                      ; 14           ;
;                                             ;              ;
; Total registers                             ; 20           ;
;     -- Dedicated logic registers            ; 20           ;
;     -- I/O registers                        ; 0            ;
;                                             ;              ;
; I/O pins                                    ; 23           ;
;                                             ;              ;
; Embedded Multiplier 9-bit elements          ; 0            ;
;                                             ;              ;
; Maximum fan-out node                        ; clk_in~input ;
; Maximum fan-out                             ; 16           ;
; Total fan-out                               ; 171          ;
; Average fan-out                             ; 1.71         ;
+---------------------------------------------+--------------+


+---------------------------------------------------------------------------------------------------------------------------------------------------------------------------------------------------------------+
; Analysis & Synthesis Resource Utilization by Entity                                                                                                                                                           ;
+----------------------------+---------------------+---------------------------+-------------+--------------+---------+-----------+------+--------------+--------------------------+-------------+--------------+
; Compilation Hierarchy Node ; Combinational ALUTs ; Dedicated Logic Registers ; Memory Bits ; DSP Elements ; DSP 9x9 ; DSP 18x18 ; Pins ; Virtual Pins ; Full Hierarchy Name      ; Entity Name ; Library Name ;
+----------------------------+---------------------+---------------------------+-------------+--------------+---------+-----------+------+--------------+--------------------------+-------------+--------------+
; |py_1810_6                 ; 34 (0)              ; 20 (0)                    ; 0           ; 0            ; 0       ; 0         ; 23   ; 0            ; |py_1810_6               ; py_1810_6   ; work         ;
;    |py_1810_6_1:a|         ; 26 (26)             ; 16 (16)                   ; 0           ; 0            ; 0       ; 0         ; 0    ; 0            ; |py_1810_6|py_1810_6_1:a ; py_1810_6_1 ; work         ;
;    |py_1810_6_2:b|         ; 2 (2)               ; 4 (4)                     ; 0           ; 0            ; 0       ; 0         ; 0    ; 0            ; |py_1810_6|py_1810_6_2:b ; py_1810_6_2 ; work         ;
;    |py_1810_6_3:c|         ; 3 (3)               ; 0 (0)                     ; 0           ; 0            ; 0       ; 0         ; 0    ; 0            ; |py_1810_6|py_1810_6_3:c ; py_1810_6_3 ; work         ;
;    |py_1810_6_4:d|         ; 2 (2)               ; 0 (0)                     ; 0           ; 0            ; 0       ; 0         ; 0    ; 0            ; |py_1810_6|py_1810_6_4:d ; py_1810_6_4 ; work         ;
;    |py_1810_6_5:e|         ; 1 (1)               ; 0 (0)                     ; 0           ; 0            ; 0       ; 0         ; 0    ; 0            ; |py_1810_6|py_1810_6_5:e ; py_1810_6_5 ; work         ;
+----------------------------+---------------------+---------------------------+-------------+--------------+---------+-----------+------+--------------+--------------------------+-------------+--------------+
Note: For table entries with two numbers listed, the numbers in parentheses indicate the number of resources of the given type used by the specific entity alone. The numbers listed outside of parentheses indicate the total resources of the given type used by the specific entity and all of its sub-entities in the hierarchy.


+---------------------------------------------------------------------------------------------------+
; User-Specified and Inferred Latches                                                               ;
+----------------------------------------------------+---------------------+------------------------+
; Latch Name                                         ; Latch Enable Signal ; Free of Timing Hazards ;
+----------------------------------------------------+---------------------+------------------------+
; py_1810_6_3:c|data[0]                              ; py_1810_6_3:c|Mux2  ; yes                    ;
; py_1810_6_3:c|data[1]                              ; py_1810_6_3:c|Mux2  ; yes                    ;
; py_1810_6_3:c|data[2]                              ; py_1810_6_3:c|Mux2  ; yes                    ;
; py_1810_6_3:c|data[3]                              ; py_1810_6_3:c|Mux2  ; yes                    ;
; Number of user-specified and inferred latches = 4  ;                     ;                        ;
+----------------------------------------------------+---------------------+------------------------+
Note: All latches listed above may not be present at the end of synthesis due to various synthesis optimizations.


+------------------------------------------------------+
; General Register Statistics                          ;
+----------------------------------------------+-------+
; Statistic                                    ; Value ;
+----------------------------------------------+-------+
; Total registers                              ; 20    ;
; Number of registers using Synchronous Clear  ; 0     ;
; Number of registers using Synchronous Load   ; 0     ;
; Number of registers using Asynchronous Clear ; 0     ;
; Number of registers using Asynchronous Load  ; 0     ;
; Number of registers using Clock Enable       ; 0     ;
; Number of registers using Preset             ; 0     ;
+----------------------------------------------+-------+


+-----------------------------------------------------+
; Post-Synthesis Netlist Statistics for Top Partition ;
+-----------------------+-----------------------------+
; Type                  ; Count                       ;
+-----------------------+-----------------------------+
; boundary_port         ; 23                          ;
; cycloneiii_ff         ; 20                          ;
;     plain             ; 20                          ;
; cycloneiii_lcell_comb ; 38                          ;
;     arith             ; 14                          ;
;         2 data inputs ; 14                          ;
;     normal            ; 24                          ;
;         0 data inputs ; 1                           ;
;         1 data inputs ; 4                           ;
;         2 data inputs ; 6                           ;
;         3 data inputs ; 2                           ;
;         4 data inputs ; 11                          ;
;                       ;                             ;
; Max LUT depth         ; 3.40                        ;
; Average LUT depth     ; 2.43                        ;
+-----------------------+-----------------------------+


+-------------------------------+
; Elapsed Time Per Partition    ;
+----------------+--------------+
; Partition Name ; Elapsed Time ;
+----------------+--------------+
; Top            ; 00:00:00     ;
+----------------+--------------+


+-------------------------------+
; Analysis & Synthesis Messages ;
+-------------------------------+
Info: *******************************************************************
Info: Running Quartus Prime Analysis & Synthesis
    Info: Version 18.1.0 Build 625 09/12/2018 SJ Lite Edition
    Info: Processing started: Thu Jun 13 16:49:39 2024
Info: Command: quartus_map --read_settings_files=on --write_settings_files=off py_1810_6 -c py_1810_6
Warning (18236): Number of processors has not been specified which may cause overloading on shared machines.  Set the global assignment NUM_PARALLEL_PROCESSORS in your QSF to an appropriate value for best performance.
Info (20030): Parallel compilation is enabled and will use 16 of the 16 processors detected
Info (12021): Found 1 design units, including 1 entities, in source file py_1810_6.v
    Info (12023): Found entity 1: py_1810_6 File: E:/Quartusexperiment/code6/code6/py_1810_6.v Line: 1
Warning (12019): Can't analyze file -- file Verilog2.v is missing
Warning (12019): Can't analyze file -- file Verilog3.v is missing
Warning (12019): Can't analyze file -- file Verilog4.v is missing
Info (12021): Found 1 design units, including 1 entities, in source file py_1810_6_1.v
    Info (12023): Found entity 1: py_1810_6_1 File: E:/Quartusexperiment/code6/code6/py_1810_6_1.v Line: 1
Info (12021): Found 1 design units, including 1 entities, in source file py_1810_6_2.v
    Info (12023): Found entity 1: py_1810_6_2 File: E:/Quartusexperiment/code6/code6/py_1810_6_2.v Line: 1
Info (12021): Found 1 design units, including 1 entities, in source file py_1810_6_3.v
    Info (12023): Found entity 1: py_1810_6_3 File: E:/Quartusexperiment/code6/code6/py_1810_6_3.v Line: 1
Info (12021): Found 1 design units, including 1 entities, in source file py_1810_6_4.v
    Info (12023): Found entity 1: py_1810_6_4 File: E:/Quartusexperiment/code6/code6/py_1810_6_4.v Line: 1
Info (12021): Found 1 design units, including 1 entities, in source file py_1810_6_5.v
    Info (12023): Found entity 1: py_1810_6_5 File: E:/Quartusexperiment/code6/code6/py_1810_6_5.v Line: 1
Info (12021): Found 1 design units, including 1 entities, in source file py_1810_6_test.v
    Info (12023): Found entity 1: py_1810_6_test File: E:/Quartusexperiment/code6/code6/py_1810_6_test.v Line: 2
Info (12127): Elaborating entity "py_1810_6" for the top level hierarchy
Info (12128): Elaborating entity "py_1810_6_1" for hierarchy "py_1810_6_1:a" File: E:/Quartusexperiment/code6/code6/py_1810_6.v Line: 8
Warning (10230): Verilog HDL assignment warning at py_1810_6_1.v(19): truncated value with size 32 to match size of target (15) File: E:/Quartusexperiment/code6/code6/py_1810_6_1.v Line: 19
Info (12128): Elaborating entity "py_1810_6_2" for hierarchy "py_1810_6_2:b" File: E:/Quartusexperiment/code6/code6/py_1810_6.v Line: 9
Warning (10230): Verilog HDL assignment warning at py_1810_6_2.v(19): truncated value with size 32 to match size of target (2) File: E:/Quartusexperiment/code6/code6/py_1810_6_2.v Line: 19
Info (12128): Elaborating entity "py_1810_6_3" for hierarchy "py_1810_6_3:c" File: E:/Quartusexperiment/code6/code6/py_1810_6.v Line: 10
Warning (10270): Verilog HDL Case Statement warning at py_1810_6_3.v(6): incomplete case statement has no default case item File: E:/Quartusexperiment/code6/code6/py_1810_6_3.v Line: 6
Warning (10240): Verilog HDL Always Construct warning at py_1810_6_3.v(4): inferring latch(es) for variable "data", which holds its previous value in one or more paths through the always construct File: E:/Quartusexperiment/code6/code6/py_1810_6_3.v Line: 4
Info (10041): Inferred latch for "data[0]" at py_1810_6_3.v(4) File: E:/Quartusexperiment/code6/code6/py_1810_6_3.v Line: 4
Info (10041): Inferred latch for "data[1]" at py_1810_6_3.v(4) File: E:/Quartusexperiment/code6/code6/py_1810_6_3.v Line: 4
Info (10041): Inferred latch for "data[2]" at py_1810_6_3.v(4) File: E:/Quartusexperiment/code6/code6/py_1810_6_3.v Line: 4
Info (10041): Inferred latch for "data[3]" at py_1810_6_3.v(4) File: E:/Quartusexperiment/code6/code6/py_1810_6_3.v Line: 4
Info (12128): Elaborating entity "py_1810_6_5" for hierarchy "py_1810_6_5:e" File: E:/Quartusexperiment/code6/code6/py_1810_6.v Line: 11
Info (12128): Elaborating entity "py_1810_6_4" for hierarchy "py_1810_6_4:d" File: E:/Quartusexperiment/code6/code6/py_1810_6.v Line: 12
Info (13025): Duplicate LATCH primitives merged into single LATCH primitive
    Info (13026): Duplicate LATCH primitive "py_1810_6_3:c|data[2]" merged with LATCH primitive "py_1810_6_3:c|data[0]" File: E:/Quartusexperiment/code6/code6/py_1810_6_3.v Line: 4
    Info (13026): Duplicate LATCH primitive "py_1810_6_3:c|data[1]" merged with LATCH primitive "py_1810_6_3:c|data[0]" File: E:/Quartusexperiment/code6/code6/py_1810_6_3.v Line: 4
Warning (13012): Latch py_1810_6_3:c|data[0] has unsafe behavior File: E:/Quartusexperiment/code6/code6/py_1810_6_3.v Line: 4
    Warning (13013): Ports D and ENA on the latch are fed by the same signal py_1810_6_2:b|SEL[1] File: E:/Quartusexperiment/code6/code6/py_1810_6_2.v Line: 10
Warning (13012): Latch py_1810_6_3:c|data[3] has unsafe behavior File: E:/Quartusexperiment/code6/code6/py_1810_6_3.v Line: 4
    Warning (13013): Ports D and ENA on the latch are fed by the same signal py_1810_6_2:b|SEL[0] File: E:/Quartusexperiment/code6/code6/py_1810_6_2.v Line: 10
Warning (13024): Output pins are stuck at VCC or GND
    Warning (13410): Pin "DIG[3]" is stuck at GND File: E:/Quartusexperiment/code6/code6/py_1810_6.v Line: 6
    Warning (13410): Pin "DIG[4]" is stuck at GND File: E:/Quartusexperiment/code6/code6/py_1810_6.v Line: 6
    Warning (13410): Pin "DIG[5]" is stuck at GND File: E:/Quartusexperiment/code6/code6/py_1810_6.v Line: 6
    Warning (13410): Pin "DIG[6]" is stuck at GND File: E:/Quartusexperiment/code6/code6/py_1810_6.v Line: 6
    Warning (13410): Pin "DIG[7]" is stuck at GND File: E:/Quartusexperiment/code6/code6/py_1810_6.v Line: 6
Info (286030): Timing-Driven Synthesis is running
Info (144001): Generated suppressed messages file E:/Quartusexperiment/code6/code6/output_files/py_1810_6.map.smsg
Info (16010): Generating hard_block partition "hard_block:auto_generated_inst"
    Info (16011): Adding 0 node(s), including 0 DDIO, 0 PLL, 0 transceiver and 0 LCELL
Info (21057): Implemented 59 device resources after synthesis - the final resource count might be different
    Info (21058): Implemented 1 input pins
    Info (21059): Implemented 22 output pins
    Info (21061): Implemented 36 logic cells
Info: Quartus Prime Analysis & Synthesis was successful. 0 errors, 18 warnings
    Info: Peak virtual memory: 4838 megabytes
    Info: Processing ended: Thu Jun 13 16:49:47 2024
    Info: Elapsed time: 00:00:08
    Info: Total CPU time (on all processors): 00:00:05


+------------------------------------------+
; Analysis & Synthesis Suppressed Messages ;
+------------------------------------------+
The suppressed messages can be found in E:/Quartusexperiment/code6/code6/output_files/py_1810_6.map.smsg.


