C51 COMPILER V9.60.0.0   MAIN                                                              03/29/2024 18:14:40 PAGE 1   


C51 COMPILER V9.60.0.0, COMPILATION OF MODULE MAIN
OBJECT MODULE PLACED IN .\Objects\main.obj
COMPILER INVOKED BY: D:\Keil_v5\C51\BIN\C51.EXE main.c OPTIMIZE(8,SPEED) BROWSE DEBUG OBJECTEXTEND PRINT(.\Listings\main
                    -.lst) OBJECT(.\Objects\main.obj)

line level    source

   1          
   2          #include <reg51.h>  
   3            
   4          //500HZ
   5          //  TL0 = 0x66;         //设置定时初值
   6          //  TH0 = 0xFC;         //设置定时初值
   7          //1KHz
   8          //      TL0 = 0x33;             //设置定时初值
   9          //      TH0 = 0xFE;
  10          //10KHz
  11          //TL0 = 0xD7;           //设置定时初值
  12          //TH0 = 0xFD;
  13          //100KHz
  14          //TL0 = 0xC9;           //设置定时初值
  15          //TH0 = 0xFF;           //设置定时初值
  16            
  17          sbit buzzer = P1^0;  
  18            
  19           
  20              void Timer0Init(void)               //1毫秒@11.0592MHz
  21          {
  22   1              
  23   1              TMOD &= 0xF0;           //设置定时器模式
  24   1              TMOD |= 0x01;           //设置定时器模式
  25   1              TL0 = 0x66;             //设置定时初值
  26   1              TH0 = 0xFC;             //设置定时初值
  27   1              TF0 = 0;                //清除TF0标志
  28   1              TR0 = 1;                //定时器0开始计时
  29   1      }
  30            
  31          
  32            
  33          
  34          void main() {  
  35   1          Timer0Init();  
  36   1          while (1) {  
  37   2              
  38   2          }  
  39   1      }
  40          
  41          void Timer0_ISR() interrupt 1 {  
  42   1          static unsigned char state = 0;  
  43   1          TL0 = 0x66;         //设置定时初值
  44   1              TH0 = 0xFC;             //设置定时初值
  45   1          state = ~state;   
  46   1          buzzer = state;   
  47   1      }  
  48            


MODULE INFORMATION:   STATIC OVERLAYABLE
   CODE SIZE        =     46    ----
   CONSTANT SIZE    =   ----    ----
   XDATA SIZE       =   ----    ----
C51 COMPILER V9.60.0.0   MAIN                                                              03/29/2024 18:14:40 PAGE 2   

   PDATA SIZE       =   ----    ----
   DATA SIZE        =      1    ----
   IDATA SIZE       =   ----    ----
   BIT SIZE         =   ----    ----
END OF MODULE INFORMATION.


C51 COMPILATION COMPLETE.  0 WARNING(S),  0 ERROR(S)
