C51 COMPILER V9.60.0.0   BLUETOOTH                                                         07/07/2024 03:01:11 PAGE 1   


C51 COMPILER V9.60.0.0, COMPILATION OF MODULE BLUETOOTH
OBJECT MODULE PLACED IN .\Objects\BlueTooth.obj
COMPILER INVOKED BY: D:\Program Files\Keil_v5\C51\BIN\C51.EXE BlueTooth.c OPTIMIZE(8,SPEED) BROWSE DEBUG OBJECTEXTEND PR
                    -INT(.\Listings\BlueTooth.lst) TABS(2) OBJECT(.\Objects\BlueTooth.obj)

line level    source

   1          #include <REGX52.H>
   2          
   3          
   4          
   5          
   6          #define RELOAD_COUNT 0xFA //宏定义波特率发生器的载入值 9600
   7          
   8          //配置蓝牙串口
   9          //void UART_Init(void)
  10          //{
  11          //  SCON=0X50;      //设置为工作方式1
  12          //  TMOD=0X20;      //设置计数器工作方式2
  13          //  PCON=0X80;      //波特率加倍
  14          //  TH1=RELOAD_COUNT; //计数器初始值设置
  15          //  TL1=TH1;
  16          //  ES=1;       //打开接收中断
  17          //  EA=1;       //打开总中断
  18          //  TR1=1;        //打开计数器
  19          //}
  20          
  21          
  22          
  23          void UART_Init(void)  //4800bps@12.000MHz
  24          {
  25   1        SCON=0x50;   //方式1   REN置1 允许/禁止数据接收的控制位  允许接收 REN置1
  26   1        PCON |= 0x80;  //波特率加倍  
  27   1        
  28   1        //配置定时器1 模式二 8位自动重装
  29   1        TMOD&=0x0F;
  30   1        TMOD|=0x20;  //模式二
  31   1        TL1 = 0xF4;   //设定定时初值
  32   1        TH1 = 0xF4;   //设定定时器重装值
  33   1        
  34   1        ET1=0;   //不用开启中断 定时器在这里的作用是产生波特率
  35   1        TR1=1;   //启动定时器1
  36   1        
  37   1        //接收数据完成后就触发中断
  38   1        ES=1;
  39   1        EA=1;
  40   1      }
  41          
  42          
  43          void UART_SendByte(unsigned char Byte)
  44          {
  45   1        SBUF=Byte;  //向缓存器中写入内容
  46   1        while(TI==0);  
  47   1      
  48   1        TI=0;
  49   1      }
  50          


MODULE INFORMATION:   STATIC OVERLAYABLE
   CODE SIZE        =     35    ----
C51 COMPILER V9.60.0.0   BLUETOOTH                                                         07/07/2024 03:01:11 PAGE 2   

   CONSTANT SIZE    =   ----    ----
   XDATA SIZE       =   ----    ----
   PDATA SIZE       =   ----    ----
   DATA SIZE        =   ----    ----
   IDATA SIZE       =   ----    ----
   BIT SIZE         =   ----    ----
END OF MODULE INFORMATION.


C51 COMPILATION COMPLETE.  0 WARNING(S),  0 ERROR(S)
