C51 COMPILER V9.60.0.0   DHT11                                                             07/07/2024 03:01:11 PAGE 1   


C51 COMPILER V9.60.0.0, COMPILATION OF MODULE DHT11
OBJECT MODULE PLACED IN .\Objects\DHT11.obj
COMPILER INVOKED BY: D:\Program Files\Keil_v5\C51\BIN\C51.EXE DHT11.c OPTIMIZE(8,SPEED) BROWSE DEBUG OBJECTEXTEND PRINT(
                    -.\Listings\DHT11.lst) TABS(2) OBJECT(.\Objects\DHT11.obj)

line level    source

   1          #include "reg52.H"
   2          #include "intrins.h"
   3          #include <math.h>
   4          
   5          
   6          sbit  Data=P2^4;
   7          unsigned char  hum;//湿度
   8          unsigned char  tem;//温度
   9          
  10          
  11          void Delay1s(unsigned char t)   //@12.0000MHz
  12          {
  13   1        unsigned char i, j;
  14   1        while(t--)
  15   1          {
  16   2          _nop_();
  17   2          i = 2;
  18   2          j = 239;
  19   2          do
  20   2          {
  21   3            while (--j);
  22   3          } while (--i);
  23   2        }
  24   1      }
  25          
  26          void DHT11_Init(void)
  27          {
  28   1        Data = 1;
  29   1        Delay1s(1000);
  30   1      }
  31          
  32          
  33          
  34          void Delay10us()    //@11.0592MHz
  35          {
  36   1        unsigned char i;
  37   1      
  38   1        i = 2;
  39   1        while (--i);
  40   1      }
  41          
  42          void Delay30us()    //@11.0592MHz
  43          {
  44   1        unsigned char i;
  45   1      
  46   1        i = 11;
  47   1        while (--i);
  48   1      }
  49          
  50          void Delay40us()    //@11.0592MHz
  51          {
  52   1        unsigned char i;
  53   1      
  54   1        _nop_();
C51 COMPILER V9.60.0.0   DHT11                                                             07/07/2024 03:01:11 PAGE 2   

  55   1        i = 15;
  56   1        while (--i);
  57   1      }
  58          
  59          void Delay80us()    //@11.0592MHz
  60          {
  61   1        unsigned char i;
  62   1      
  63   1        i = 34;
  64   1        while (--i);
  65   1      }
  66          
  67          
  68          void Delay30ms()    //@11.0592MHz
  69          {
  70   1        unsigned char i, j;
  71   1      
  72   1        i = 54;
  73   1        j = 199;
  74   1        do
  75   1        {
  76   2          while (--j);
  77   2        } while (--i);
  78   1      }
  79          
  80          void DHT11_start()
  81          {
  82   1        Data = 1;
  83   1        Delay10us();
  84   1        Data = 0;
  85   1        Delay30ms();
  86   1        Data = 1;
  87   1        Delay30us();
  88   1      }
  89          
  90          unsigned char DHT11_rec_byte()      //接收一个字节
  91          {
  92   1        unsigned char i,dat = 0;
  93   1        for( i = 0; i<8;i++)
  94   1        {
  95   2          while(Data == 0);
  96   2          Delay40us();
  97   2          dat <<= 1;
  98   2          if(Data == 1)
  99   2            dat += 1;
 100   2          while(Data == 1);
 101   2        }
 102   1        return dat;
 103   1      }
 104          
 105          void DHT11_receive()      //接收40位的数据
 106          {
 107   1          unsigned char R_H,R_L,T_H,T_L,RH,RL,TH,TL,revise;
 108   1        DHT11_start();
 109   1        if(Data == 0)
 110   1        {
 111   2          while(Data == 0);
 112   2          while(Data == 1);
 113   2          R_H=DHT11_rec_byte();    //接收湿度高八位
 114   2              R_L=DHT11_rec_byte();    //接收湿度低八位
 115   2              T_H=DHT11_rec_byte();    //接收温度高八位
 116   2              T_L=DHT11_rec_byte();    //接收温度低八位
C51 COMPILER V9.60.0.0   DHT11                                                             07/07/2024 03:01:11 PAGE 3   

 117   2              revise=DHT11_rec_byte(); //接收校正位
 118   2          Delay30us();Delay30us();
 119   2          if((R_H+R_L+T_H+T_L)==revise)      //校正
 120   2          {
 121   3            RH=R_H;
 122   3            RL=R_L;
 123   3            TH=T_H;
 124   3            TL=T_L;
 125   3          }
 126   2          hum = RH;//湿度
 127   2          tem = TH;//温度
 128   2        }
 129   1      }


MODULE INFORMATION:   STATIC OVERLAYABLE
   CODE SIZE        =    201    ----
   CONSTANT SIZE    =   ----    ----
   XDATA SIZE       =   ----    ----
   PDATA SIZE       =   ----    ----
   DATA SIZE        =      2       6
   IDATA SIZE       =   ----    ----
   BIT SIZE         =   ----    ----
END OF MODULE INFORMATION.


C51 COMPILATION COMPLETE.  0 WARNING(S),  0 ERROR(S)
