C51 COMPILER V9.60.0.0   MAIN                                                              07/05/2024 15:22:03 PAGE 1   


C51 COMPILER V9.60.0.0, COMPILATION OF MODULE MAIN
OBJECT MODULE PLACED IN .\Objects\main.obj
COMPILER INVOKED BY: D:\Program Files\Keil_v5\C51\BIN\C51.EXE main.c OPTIMIZE(8,SPEED) BROWSE DEBUG OBJECTEXTEND PRINT(.
                    -\Listings\main.lst) TABS(2) OBJECT(.\Objects\main.obj)

line level    source

   1          
   2          #include <reg51.h>  
   3            
   4           
   5          sbit buzzer = P1^0;  
   6            
   7          void Timer0Init(void)   //400微秒@11.0592MHz
   8          {
   9   1        TMOD &= 0xF0;   //设置定时器模式
  10   1        TMOD |= 0x01;   //设置定时器模式
  11   1        TL0 = 0x8F;   //设置定时初值
  12   1        TH0 = 0xFE;   //设置定时初值
  13   1        TF0 = 0;    //清除TF0标志
  14   1        TR0 = 1;    //定时器0开始计时
  15   1        ET0=1;
  16   1        EA=1;
  17   1        PT0=0;
  18   1      }
  19           void main() {  
  20   1          Timer0Init();  
  21   1      
  22   1          while (1) {  
  23   2              
  24   2          }  
  25   1      }
  26          
  27          
  28          int T0Count=0;
  29          
  30          void Timer0_ISR() interrupt 1 {  
  31   1             
  32   1        T0Count++;
  33   1          TL0 = 0x8F;   //设置定时初值
  34   1        TH0 = 0xFE;   //设置定时初值
  35   1        if(T0Count%5==0){
  36   2          buzzer = 1; 
  37   2        }else buzzer = 0; 
  38   1            
  39   1      }  
  40           
  41          


MODULE INFORMATION:   STATIC OVERLAYABLE
   CODE SIZE        =     99    ----
   CONSTANT SIZE    =   ----    ----
   XDATA SIZE       =   ----    ----
   PDATA SIZE       =   ----    ----
   DATA SIZE        =      2    ----
   IDATA SIZE       =   ----    ----
   BIT SIZE         =   ----    ----
END OF MODULE INFORMATION.


C51 COMPILATION COMPLETE.  0 WARNING(S),  0 ERROR(S)
