C51 COMPILER V9.60.0.0   NIXIE                                                             04/28/2024 19:06:11 PAGE 1   


C51 COMPILER V9.60.0.0, COMPILATION OF MODULE NIXIE
OBJECT MODULE PLACED IN .\Objects\Nixie.obj
COMPILER INVOKED BY: D:\Keil_v5\C51\BIN\C51.EXE Nixie.c OPTIMIZE(8,SPEED) BROWSE DEBUG OBJECTEXTEND PRINT(.\Listings\Nix
                    -ie.lst) OBJECT(.\Objects\Nixie.obj)

line level    source

   1          #include <REGX52.H>
   2          #include "Delay.h"
   3          #include "Nixie.h"
   4          
   5          //数码管显示缓存区
   6          unsigned char Nixie_Buf[9]={0,10,10,10,10,10,10,10,10};
   7          unsigned char Nixie_Buf1[9];
   8          
   9          //数码管段码表
  10          unsigned char NixieTable[]={0x3F,0x06,0x5B,0x4F,0x66,0x6D,0x7D,0x07,0x7F,0x6F,0x00,0x40,0xBF,0x86,0xDB,0xC
             -F,0xE6,0xED,0xFD,0x87,0x8F,0xEF,0x00,0xC0};
  11          unsigned char NixieTable1[]={0xBF,0x86,0xDB,0xCF,0xE6,0xED,0xFD,0x87,0x8F,0xEF,0x00,0xC0};
  12          //P0口输出
  13          
  14          /**
  15            * @brief  设置显示缓存区
  16            * @param  Location 要设置的位置，范围：1~8
  17            * @param  Number 要设置的数字，范围：段码表索引范围
  18            * @retval 无
  19            */
  20          void Nixie_SetBuf(unsigned char Location,Number)
  21          {
  22   1              Nixie_Buf[Location]=Number;
  23   1      }
  24          void Nixie_SetBuf1(unsigned char Location,Number)
  25          {
  26   1              Nixie_Buf1[Location]=Number;
  27   1      }
  28          
  29          /**
  30            * @brief  数码管扫描显示
  31            * @param  Location 要显示的位置，范围：1~8
  32            * @param  Number 要显示的数字，范围：段码表索引范围
  33            * @retval 无
  34            */
  35          void Nixie_Scan(unsigned char Location,Number)
  36          {
  37   1              P0=0x00;                                //段码清0，消影
  38   1              switch(Location)                //位码输出
  39   1              {
  40   2                      case 1:P2_4=1;P2_3=1;P2_2=1;break;
  41   2                      case 2:P2_4=1;P2_3=1;P2_2=0;break;
  42   2                      case 3:P2_4=1;P2_3=0;P2_2=1;break;
  43   2                      case 4:P2_4=1;P2_3=0;P2_2=0;break;
  44   2                      case 5:P2_4=0;P2_3=1;P2_2=1;break;
  45   2                      case 6:P2_4=0;P2_3=1;P2_2=0;break;
  46   2                      case 7:P2_4=0;P2_3=0;P2_2=1;break;
  47   2                      case 8:P2_4=0;P2_3=0;P2_2=0;break;
  48   2              }
  49   1              P0=NixieTable[Number];  //段码输出
  50   1      //      P0=0x00;                                //段码清0，消影
  51   1      }
  52          
  53          /**
C51 COMPILER V9.60.0.0   NIXIE                                                             04/28/2024 19:06:11 PAGE 2   

  54            * @brief  数码管扫描显示
  55            * @param  Location 要显示的位置，范围：1~8
  56            * @param  Number 要显示的数字，范围：段码表索引范围
  57            * @retval 无
  58            */
  59          void Nixie_Scan1(unsigned char Location,Number)
  60          {
  61   1              P0=0x00;                                //段码清0，消影
  62   1              switch(Location)                //位码输出
  63   1              {
  64   2                      case 1:P2_4=1;P2_3=1;P2_2=1;break;
  65   2                      case 2:P2_4=1;P2_3=1;P2_2=0;break;
  66   2                      case 3:P2_4=1;P2_3=0;P2_2=1;break;
  67   2                      case 4:P2_4=1;P2_3=0;P2_2=0;break;
  68   2                      case 5:P2_4=0;P2_3=1;P2_2=1;break;
  69   2                      case 6:P2_4=0;P2_3=1;P2_2=0;break;
  70   2                      case 7:P2_4=0;P2_3=0;P2_2=1;break;
  71   2                      case 8:P2_4=0;P2_3=0;P2_2=0;break;
  72   2              }
  73   1              P0=NixieTable1[Number]; //段码输出
  74   1      }
  75          
  76          /**
  77            * @brief  数码管驱动函数，在中断中调用
  78            * @param  无
  79            * @retval 无
  80            */
  81          void Nixie_Loop(void)
  82          {
  83   1              static unsigned char i=1;
  84   1              Nixie_Scan(i,Nixie_Buf[i]);
  85   1              i++;
  86   1              if(i>=9){i=1;}
  87   1      }
  88          
  89          void Nixie_Loop1(void)
  90          {
  91   1              static unsigned char i=1;
  92   1              Nixie_Scan1(3,Nixie_Buf1[i]);
  93   1              i++;
  94   1              if(i>=9){i=1;}
  95   1      }


MODULE INFORMATION:   STATIC OVERLAYABLE
   CODE SIZE        =    284    ----
   CONSTANT SIZE    =   ----    ----
   XDATA SIZE       =   ----    ----
   PDATA SIZE       =   ----    ----
   DATA SIZE        =     56    ----
   IDATA SIZE       =   ----    ----
   BIT SIZE         =   ----    ----
END OF MODULE INFORMATION.


C51 COMPILATION COMPLETE.  0 WARNING(S),  0 ERROR(S)
