C51 COMPILER V9.60.0.0   XPT2046                                                           04/28/2024 19:06:11 PAGE 1   


C51 COMPILER V9.60.0.0, COMPILATION OF MODULE XPT2046
OBJECT MODULE PLACED IN .\Objects\XPT2046.obj
COMPILER INVOKED BY: D:\Keil_v5\C51\BIN\C51.EXE XPT2046.c OPTIMIZE(8,SPEED) BROWSE DEBUG OBJECTEXTEND PRINT(.\Listings\X
                    -PT2046.lst) OBJECT(.\Objects\XPT2046.obj)

line level    source

   1          #include <REGX52.H>
   2          #include <INTRINS.H>
   3          #include "XPT2046.h"
   4          
   5          //引脚定义
   6          sbit XPY2046_DIN=P3^4;
   7          sbit XPY2046_CS=P3^5;
   8          sbit XPY2046_DCLK=P3^6;
   9          sbit XPY2046_DOUT=P3^7;
  10          
  11          /**
  12            * @brief  ZPT2046读取AD值
  13            * @param  Command 命令字，范围：头文件内定义的宏，结尾的数字表示转换的位数
  14            * @retval AD转换后的数字量，范围：8位为0~255，12位为0~4095
  15            */
  16          unsigned int XPT2046_ReadAD(unsigned char Command)
  17          {
  18   1              unsigned char i;
  19   1              unsigned int Data=0;
  20   1              XPY2046_DCLK=0;
  21   1              XPY2046_CS=0;
  22   1              for(i=0;i<8;i++)
  23   1              {
  24   2                      XPY2046_DIN=Command&(0x80>>i);
  25   2                      XPY2046_DCLK=1;
  26   2                      XPY2046_DCLK=0;
  27   2              }
  28   1              for(i=0;i<16;i++)
  29   1              {
  30   2                      XPY2046_DCLK=1;
  31   2                      XPY2046_DCLK=0;
  32   2                      if(XPY2046_DOUT){Data|=(0x8000>>i);}
  33   2              }
  34   1              XPY2046_CS=1;
  35   1              return Data>>4;
  36   1      }


MODULE INFORMATION:   STATIC OVERLAYABLE
   CODE SIZE        =    118    ----
   CONSTANT SIZE    =   ----    ----
   XDATA SIZE       =   ----    ----
   PDATA SIZE       =   ----    ----
   DATA SIZE        =   ----       2
   IDATA SIZE       =   ----    ----
   BIT SIZE         =   ----    ----
END OF MODULE INFORMATION.


C51 COMPILATION COMPLETE.  0 WARNING(S),  0 ERROR(S)
