Analysis & Synthesis report for wys_1780_chap_6_1
Thu May 09 13:30:48 2024
Quartus Prime Version 18.1.0 Build 625 09/12/2018 SJ Lite Edition


---------------------
; Table of Contents ;
---------------------
  1. Legal Notice
  2. Analysis & Synthesis Summary
  3. Analysis & Synthesis Settings
  4. Parallel Compilation
  5. Analysis & Synthesis Source Files Read
  6. Analysis & Synthesis Resource Usage Summary
  7. Analysis & Synthesis Resource Utilization by Entity
  8. Registers Removed During Synthesis
  9. General Register Statistics
 10. Port Connectivity Checks: "wys_1780_chap_6_2:comb_3"
 11. Post-Synthesis Netlist Statistics for Top Partition
 12. Elapsed Time Per Partition
 13. Analysis & Synthesis Messages
 14. Analysis & Synthesis Suppressed Messages



----------------
; Legal Notice ;
----------------
Copyright (C) 2018  Intel Corporation. All rights reserved.
Your use of Intel Corporation's design tools, logic functions 
and other software and tools, and its AMPP partner logic 
functions, and any output files from any of the foregoing 
(including device programming or simulation files), and any 
associated documentation or information are expressly subject 
to the terms and conditions of the Intel Program License 
Subscription Agreement, the Intel Quartus Prime License Agreement,
the Intel FPGA IP License Agreement, or other applicable license
agreement, including, without limitation, that your use is for
the sole purpose of programming logic devices manufactured by
Intel and sold by Intel or its authorized distributors.  Please
refer to the applicable agreement for further details.



+----------------------------------------------------------------------------------+
; Analysis & Synthesis Summary                                                     ;
+------------------------------------+---------------------------------------------+
; Analysis & Synthesis Status        ; Successful - Thu May 09 13:30:48 2024       ;
; Quartus Prime Version              ; 18.1.0 Build 625 09/12/2018 SJ Lite Edition ;
; Revision Name                      ; wys_1780_chap_6_1                           ;
; Top-level Entity Name              ; wys_1780_chap_6_1                           ;
; Family                             ; Cyclone IV E                                ;
; Total logic elements               ; 0                                           ;
;     Total combinational functions  ; 0                                           ;
;     Dedicated logic registers      ; 0                                           ;
; Total registers                    ; 0                                           ;
; Total pins                         ; 18                                          ;
; Total virtual pins                 ; 0                                           ;
; Total memory bits                  ; 0                                           ;
; Embedded Multiplier 9-bit elements ; 0                                           ;
; Total PLLs                         ; 0                                           ;
+------------------------------------+---------------------------------------------+


+------------------------------------------------------------------------------------------------------------+
; Analysis & Synthesis Settings                                                                              ;
+------------------------------------------------------------------+--------------------+--------------------+
; Option                                                           ; Setting            ; Default Value      ;
+------------------------------------------------------------------+--------------------+--------------------+
; Device                                                           ; EP4CE6E22C8        ;                    ;
; Top-level entity name                                            ; wys_1780_chap_6_1  ; wys_1780_chap_6_1  ;
; Family name                                                      ; Cyclone IV E       ; Cyclone V          ;
; Use smart compilation                                            ; Off                ; Off                ;
; Enable parallel Assembler and Timing Analyzer during compilation ; On                 ; On                 ;
; Enable compact report table                                      ; Off                ; Off                ;
; Restructure Multiplexers                                         ; Auto               ; Auto               ;
; Create Debugging Nodes for IP Cores                              ; Off                ; Off                ;
; Preserve fewer node names                                        ; On                 ; On                 ;
; Intel FPGA IP Evaluation Mode                                    ; Enable             ; Enable             ;
; Verilog Version                                                  ; Verilog_2001       ; Verilog_2001       ;
; VHDL Version                                                     ; VHDL_1993          ; VHDL_1993          ;
; State Machine Processing                                         ; Auto               ; Auto               ;
; Safe State Machine                                               ; Off                ; Off                ;
; Extract Verilog State Machines                                   ; On                 ; On                 ;
; Extract VHDL State Machines                                      ; On                 ; On                 ;
; Ignore Verilog initial constructs                                ; Off                ; Off                ;
; Iteration limit for constant Verilog loops                       ; 5000               ; 5000               ;
; Iteration limit for non-constant Verilog loops                   ; 250                ; 250                ;
; Add Pass-Through Logic to Inferred RAMs                          ; On                 ; On                 ;
; Infer RAMs from Raw Logic                                        ; On                 ; On                 ;
; Parallel Synthesis                                               ; On                 ; On                 ;
; DSP Block Balancing                                              ; Auto               ; Auto               ;
; NOT Gate Push-Back                                               ; On                 ; On                 ;
; Power-Up Don't Care                                              ; On                 ; On                 ;
; Remove Redundant Logic Cells                                     ; Off                ; Off                ;
; Remove Duplicate Registers                                       ; On                 ; On                 ;
; Ignore CARRY Buffers                                             ; Off                ; Off                ;
; Ignore CASCADE Buffers                                           ; Off                ; Off                ;
; Ignore GLOBAL Buffers                                            ; Off                ; Off                ;
; Ignore ROW GLOBAL Buffers                                        ; Off                ; Off                ;
; Ignore LCELL Buffers                                             ; Off                ; Off                ;
; Ignore SOFT Buffers                                              ; On                 ; On                 ;
; Limit AHDL Integers to 32 Bits                                   ; Off                ; Off                ;
; Optimization Technique                                           ; Balanced           ; Balanced           ;
; Carry Chain Length                                               ; 70                 ; 70                 ;
; Auto Carry Chains                                                ; On                 ; On                 ;
; Auto Open-Drain Pins                                             ; On                 ; On                 ;
; Perform WYSIWYG Primitive Resynthesis                            ; Off                ; Off                ;
; Auto ROM Replacement                                             ; On                 ; On                 ;
; Auto RAM Replacement                                             ; On                 ; On                 ;
; Auto DSP Block Replacement                                       ; On                 ; On                 ;
; Auto Shift Register Replacement                                  ; Auto               ; Auto               ;
; Allow Shift Register Merging across Hierarchies                  ; Auto               ; Auto               ;
; Auto Clock Enable Replacement                                    ; On                 ; On                 ;
; Strict RAM Replacement                                           ; Off                ; Off                ;
; Allow Synchronous Control Signals                                ; On                 ; On                 ;
; Force Use of Synchronous Clear Signals                           ; Off                ; Off                ;
; Auto RAM Block Balancing                                         ; On                 ; On                 ;
; Auto RAM to Logic Cell Conversion                                ; Off                ; Off                ;
; Auto Resource Sharing                                            ; Off                ; Off                ;
; Allow Any RAM Size For Recognition                               ; Off                ; Off                ;
; Allow Any ROM Size For Recognition                               ; Off                ; Off                ;
; Allow Any Shift Register Size For Recognition                    ; Off                ; Off                ;
; Use LogicLock Constraints during Resource Balancing              ; On                 ; On                 ;
; Ignore translate_off and synthesis_off directives                ; Off                ; Off                ;
; Timing-Driven Synthesis                                          ; On                 ; On                 ;
; Report Parameter Settings                                        ; On                 ; On                 ;
; Report Source Assignments                                        ; On                 ; On                 ;
; Report Connectivity Checks                                       ; On                 ; On                 ;
; Ignore Maximum Fan-Out Assignments                               ; Off                ; Off                ;
; Synchronization Register Chain Length                            ; 2                  ; 2                  ;
; Power Optimization During Synthesis                              ; Normal compilation ; Normal compilation ;
; HDL message level                                                ; Level2             ; Level2             ;
; Suppress Register Optimization Related Messages                  ; Off                ; Off                ;
; Number of Removed Registers Reported in Synthesis Report         ; 5000               ; 5000               ;
; Number of Swept Nodes Reported in Synthesis Report               ; 5000               ; 5000               ;
; Number of Inverted Registers Reported in Synthesis Report        ; 100                ; 100                ;
; Clock MUX Protection                                             ; On                 ; On                 ;
; Auto Gated Clock Conversion                                      ; Off                ; Off                ;
; Block Design Naming                                              ; Auto               ; Auto               ;
; SDC constraint protection                                        ; Off                ; Off                ;
; Synthesis Effort                                                 ; Auto               ; Auto               ;
; Shift Register Replacement - Allow Asynchronous Clear Signal     ; On                 ; On                 ;
; Pre-Mapping Resynthesis Optimization                             ; Off                ; Off                ;
; Analysis & Synthesis Message Level                               ; Medium             ; Medium             ;
; Disable Register Merging Across Hierarchies                      ; Auto               ; Auto               ;
; Resource Aware Inference For Block RAM                           ; On                 ; On                 ;
+------------------------------------------------------------------+--------------------+--------------------+


+------------------------------------------+
; Parallel Compilation                     ;
+----------------------------+-------------+
; Processors                 ; Number      ;
+----------------------------+-------------+
; Number detected on machine ; 8           ;
; Maximum allowed            ; 4           ;
;                            ;             ;
; Average used               ; 1.00        ;
; Maximum used               ; 1           ;
;                            ;             ;
; Usage by Processor         ; % Time Used ;
;     Processor 1            ; 100.0%      ;
+----------------------------+-------------+


+----------------------------------------------------------------------------------------------------------------------------------------------------+
; Analysis & Synthesis Source Files Read                                                                                                             ;
+----------------------------------+-----------------+------------------------+------------------------------------------------------------+---------+
; File Name with User-Entered Path ; Used in Netlist ; File Type              ; File Name with Absolute Path                               ; Library ;
+----------------------------------+-----------------+------------------------+------------------------------------------------------------+---------+
; wys_1780_chap_6_1.v              ; yes             ; User Verilog HDL File  ; E:/Quartusexperiment/wys_1780_chap_6_1/wys_1780_chap_6_1.v ;         ;
; wys_1780_chap_6_2.v              ; yes             ; User Verilog HDL File  ; E:/Quartusexperiment/wys_1780_chap_6_1/wys_1780_chap_6_2.v ;         ;
; wys_1780_chap_6_3.v              ; yes             ; User Verilog HDL File  ; E:/Quartusexperiment/wys_1780_chap_6_1/wys_1780_chap_6_3.v ;         ;
; wys_1780_chap_6_4.v              ; yes             ; User Verilog HDL File  ; E:/Quartusexperiment/wys_1780_chap_6_1/wys_1780_chap_6_4.v ;         ;
; wys_1780_chap_6_5.v              ; yes             ; User Verilog HDL File  ; E:/Quartusexperiment/wys_1780_chap_6_1/wys_1780_chap_6_5.v ;         ;
; wys_1780_chap_6_6.v              ; yes             ; User Verilog HDL File  ; E:/Quartusexperiment/wys_1780_chap_6_1/wys_1780_chap_6_6.v ;         ;
+----------------------------------+-----------------+------------------------+------------------------------------------------------------+---------+


+------------------------------------------------------+
; Analysis & Synthesis Resource Usage Summary          ;
+---------------------------------------------+--------+
; Resource                                    ; Usage  ;
+---------------------------------------------+--------+
;                                             ;        ;
; Total combinational functions               ; 0      ;
; Logic element usage by number of LUT inputs ;        ;
;     -- 4 input functions                    ; 0      ;
;     -- 3 input functions                    ; 0      ;
;     -- <=2 input functions                  ; 0      ;
;                                             ;        ;
; Logic elements by mode                      ;        ;
;     -- normal mode                          ; 0      ;
;     -- arithmetic mode                      ; 0      ;
;                                             ;        ;
; Total registers                             ; 0      ;
;     -- Dedicated logic registers            ; 0      ;
;     -- I/O registers                        ; 0      ;
;                                             ;        ;
; I/O pins                                    ; 18     ;
;                                             ;        ;
; Embedded Multiplier 9-bit elements          ; 0      ;
;                                             ;        ;
; Maximum fan-out node                        ; clk_in ;
; Maximum fan-out                             ; 1      ;
; Total fan-out                               ; 18     ;
; Average fan-out                             ; 0.50   ;
+---------------------------------------------+--------+


+----------------------------------------------------------------------------------------------------------------------------------------------------------------------------------------------------------------+
; Analysis & Synthesis Resource Utilization by Entity                                                                                                                                                            ;
+----------------------------+---------------------+---------------------------+-------------+--------------+---------+-----------+------+--------------+---------------------+-------------------+--------------+
; Compilation Hierarchy Node ; Combinational ALUTs ; Dedicated Logic Registers ; Memory Bits ; DSP Elements ; DSP 9x9 ; DSP 18x18 ; Pins ; Virtual Pins ; Full Hierarchy Name ; Entity Name       ; Library Name ;
+----------------------------+---------------------+---------------------------+-------------+--------------+---------+-----------+------+--------------+---------------------+-------------------+--------------+
; |wys_1780_chap_6_1         ; 0 (0)               ; 0 (0)                     ; 0           ; 0            ; 0       ; 0         ; 18   ; 0            ; |wys_1780_chap_6_1  ; wys_1780_chap_6_1 ; work         ;
+----------------------------+---------------------+---------------------------+-------------+--------------+---------+-----------+------+--------------+---------------------+-------------------+--------------+
Note: For table entries with two numbers listed, the numbers in parentheses indicate the number of resources of the given type used by the specific entity alone. The numbers listed outside of parentheses indicate the total resources of the given type used by the specific entity and all of its sub-entities in the hierarchy.


+------------------------------------------------------------------------------+
; Registers Removed During Synthesis                                           ;
+---------------------------------------+--------------------------------------+
; Register name                         ; Reason for Removal                   ;
+---------------------------------------+--------------------------------------+
; wys_1780_chap_6_3:comb_4|SEL[0,1]     ; Stuck at GND due to stuck port clock ;
; wys_1780_chap_6_3:comb_4|counter[0,1] ; Stuck at GND due to stuck port clock ;
; Total Number of Removed Registers = 4 ;                                      ;
+---------------------------------------+--------------------------------------+


+------------------------------------------------------+
; General Register Statistics                          ;
+----------------------------------------------+-------+
; Statistic                                    ; Value ;
+----------------------------------------------+-------+
; Total registers                              ; 0     ;
; Number of registers using Synchronous Clear  ; 0     ;
; Number of registers using Synchronous Load   ; 0     ;
; Number of registers using Asynchronous Clear ; 0     ;
; Number of registers using Asynchronous Load  ; 0     ;
; Number of registers using Clock Enable       ; 0     ;
; Number of registers using Preset             ; 0     ;
+----------------------------------------------+-------+


+--------------------------------------------------------------------------------------------------------------------+
; Port Connectivity Checks: "wys_1780_chap_6_2:comb_3"                                                               ;
+----------+--------+----------+-------------------------------------------------------------------------------------+
; Port     ; Type   ; Severity ; Details                                                                             ;
+----------+--------+----------+-------------------------------------------------------------------------------------+
; clk_1kHz ; Output ; Info     ; Connected to dangling logic. Logic that only feeds a dangling port will be removed. ;
+----------+--------+----------+-------------------------------------------------------------------------------------+


+-----------------------------------------------------+
; Post-Synthesis Netlist Statistics for Top Partition ;
+-----------------------+-----------------------------+
; Type                  ; Count                       ;
+-----------------------+-----------------------------+
; boundary_port         ; 18                          ;
; cycloneiii_lcell_comb ; 2                           ;
;     normal            ; 2                           ;
;         0 data inputs ; 2                           ;
;                       ;                             ;
; Max LUT depth         ; 0.00                        ;
; Average LUT depth     ; 0.00                        ;
+-----------------------+-----------------------------+


+-------------------------------+
; Elapsed Time Per Partition    ;
+----------------+--------------+
; Partition Name ; Elapsed Time ;
+----------------+--------------+
; Top            ; 00:00:00     ;
+----------------+--------------+


+-------------------------------+
; Analysis & Synthesis Messages ;
+-------------------------------+
Info: *******************************************************************
Info: Running Quartus Prime Analysis & Synthesis
    Info: Version 18.1.0 Build 625 09/12/2018 SJ Lite Edition
    Info: Processing started: Thu May 09 13:30:38 2024
Info: Command: quartus_map --read_settings_files=on --write_settings_files=off wys_1780_chap_6_1 -c wys_1780_chap_6_1
Warning (18236): Number of processors has not been specified which may cause overloading on shared machines.  Set the global assignment NUM_PARALLEL_PROCESSORS in your QSF to an appropriate value for best performance.
Info (20030): Parallel compilation is enabled and will use 4 of the 4 processors detected
Info (12021): Found 1 design units, including 1 entities, in source file wys_1780_chap_6_1.v
    Info (12023): Found entity 1: wys_1780_chap_6_1 File: E:/Quartusexperiment/wys_1780_chap_6_1/wys_1780_chap_6_1.v Line: 1
Info (12021): Found 1 design units, including 1 entities, in source file wys_1780_chap_6_2.v
    Info (12023): Found entity 1: wys_1780_chap_6_2 File: E:/Quartusexperiment/wys_1780_chap_6_1/wys_1780_chap_6_2.v Line: 1
Info (12021): Found 1 design units, including 1 entities, in source file wys_1780_chap_6_3.v
    Info (12023): Found entity 1: wys_1780_chap_6_3 File: E:/Quartusexperiment/wys_1780_chap_6_1/wys_1780_chap_6_3.v Line: 1
Info (12021): Found 1 design units, including 1 entities, in source file wys_1780_chap_6_4.v
    Info (12023): Found entity 1: wys_1780_chap_6_4 File: E:/Quartusexperiment/wys_1780_chap_6_1/wys_1780_chap_6_4.v Line: 1
Info (12021): Found 1 design units, including 1 entities, in source file wys_1780_chap_6_5.v
    Info (12023): Found entity 1: wys_1780_chap_6_5 File: E:/Quartusexperiment/wys_1780_chap_6_1/wys_1780_chap_6_5.v Line: 1
Info (12021): Found 1 design units, including 1 entities, in source file wys_1780_chap_6_6.v
    Info (12023): Found entity 1: wys_1780_chap_6_6 File: E:/Quartusexperiment/wys_1780_chap_6_1/wys_1780_chap_6_6.v Line: 1
Info (12021): Found 1 design units, including 1 entities, in source file wys_1780_chap_6_1_vlg_tst.v
    Info (12023): Found entity 1: wys_1780_chap_6_vlg_tst File: E:/Quartusexperiment/wys_1780_chap_6_1/wys_1780_chap_6_1_vlg_tst.v Line: 2
Warning (10236): Verilog HDL Implicit Net warning at wys_1780_chap_6_1.v(8): created implicit net for "c1k_in" File: E:/Quartusexperiment/wys_1780_chap_6_1/wys_1780_chap_6_1.v Line: 8
Warning (10236): Verilog HDL Implicit Net warning at wys_1780_chap_6_1.v(8): created implicit net for "c1k_1kHz" File: E:/Quartusexperiment/wys_1780_chap_6_1/wys_1780_chap_6_1.v Line: 8
Critical Warning (10846): Verilog HDL Instantiation warning at wys_1780_chap_6_1.v(8): instance has no name File: E:/Quartusexperiment/wys_1780_chap_6_1/wys_1780_chap_6_1.v Line: 8
Critical Warning (10846): Verilog HDL Instantiation warning at wys_1780_chap_6_1.v(9): instance has no name File: E:/Quartusexperiment/wys_1780_chap_6_1/wys_1780_chap_6_1.v Line: 9
Critical Warning (10846): Verilog HDL Instantiation warning at wys_1780_chap_6_1.v(10): instance has no name File: E:/Quartusexperiment/wys_1780_chap_6_1/wys_1780_chap_6_1.v Line: 10
Critical Warning (10846): Verilog HDL Instantiation warning at wys_1780_chap_6_1.v(11): instance has no name File: E:/Quartusexperiment/wys_1780_chap_6_1/wys_1780_chap_6_1.v Line: 11
Critical Warning (10846): Verilog HDL Instantiation warning at wys_1780_chap_6_1.v(12): instance has no name File: E:/Quartusexperiment/wys_1780_chap_6_1/wys_1780_chap_6_1.v Line: 12
Info (12127): Elaborating entity "wys_1780_chap_6_1" for the top level hierarchy
Info (12128): Elaborating entity "wys_1780_chap_6_2" for hierarchy "wys_1780_chap_6_2:comb_3" File: E:/Quartusexperiment/wys_1780_chap_6_1/wys_1780_chap_6_1.v Line: 8
Warning (10230): Verilog HDL assignment warning at wys_1780_chap_6_2.v(18): truncated value with size 32 to match size of target (15) File: E:/Quartusexperiment/wys_1780_chap_6_1/wys_1780_chap_6_2.v Line: 18
Info (12128): Elaborating entity "wys_1780_chap_6_3" for hierarchy "wys_1780_chap_6_3:comb_4" File: E:/Quartusexperiment/wys_1780_chap_6_1/wys_1780_chap_6_1.v Line: 9
Warning (10230): Verilog HDL assignment warning at wys_1780_chap_6_3.v(21): truncated value with size 32 to match size of target (2) File: E:/Quartusexperiment/wys_1780_chap_6_1/wys_1780_chap_6_3.v Line: 21
Info (12128): Elaborating entity "wys_1780_chap_6_4" for hierarchy "wys_1780_chap_6_4:comb_5" File: E:/Quartusexperiment/wys_1780_chap_6_1/wys_1780_chap_6_1.v Line: 10
Warning (10270): Verilog HDL Case Statement warning at wys_1780_chap_6_4.v(6): incomplete case statement has no default case item File: E:/Quartusexperiment/wys_1780_chap_6_1/wys_1780_chap_6_4.v Line: 6
Warning (10240): Verilog HDL Always Construct warning at wys_1780_chap_6_4.v(4): inferring latch(es) for variable "data", which holds its previous value in one or more paths through the always construct File: E:/Quartusexperiment/wys_1780_chap_6_1/wys_1780_chap_6_4.v Line: 4
Info (10041): Inferred latch for "data[0]" at wys_1780_chap_6_4.v(4) File: E:/Quartusexperiment/wys_1780_chap_6_1/wys_1780_chap_6_4.v Line: 4
Info (10041): Inferred latch for "data[1]" at wys_1780_chap_6_4.v(4) File: E:/Quartusexperiment/wys_1780_chap_6_1/wys_1780_chap_6_4.v Line: 4
Info (10041): Inferred latch for "data[2]" at wys_1780_chap_6_4.v(4) File: E:/Quartusexperiment/wys_1780_chap_6_1/wys_1780_chap_6_4.v Line: 4
Info (10041): Inferred latch for "data[3]" at wys_1780_chap_6_4.v(4) File: E:/Quartusexperiment/wys_1780_chap_6_1/wys_1780_chap_6_4.v Line: 4
Info (12128): Elaborating entity "wys_1780_chap_6_5" for hierarchy "wys_1780_chap_6_5:comb_6" File: E:/Quartusexperiment/wys_1780_chap_6_1/wys_1780_chap_6_1.v Line: 11
Info (12128): Elaborating entity "wys_1780_chap_6_6" for hierarchy "wys_1780_chap_6_6:comb_7" File: E:/Quartusexperiment/wys_1780_chap_6_1/wys_1780_chap_6_1.v Line: 12
Warning (13024): Output pins are stuck at VCC or GND
    Warning (13410): Pin "clk_1kHz" is stuck at GND File: E:/Quartusexperiment/wys_1780_chap_6_1/wys_1780_chap_6_1.v Line: 3
    Warning (13410): Pin "DIG[1]" is stuck at VCC File: E:/Quartusexperiment/wys_1780_chap_6_1/wys_1780_chap_6_1.v Line: 6
    Warning (13410): Pin "DIG[2]" is stuck at GND File: E:/Quartusexperiment/wys_1780_chap_6_1/wys_1780_chap_6_1.v Line: 6
    Warning (13410): Pin "DIG[3]" is stuck at GND File: E:/Quartusexperiment/wys_1780_chap_6_1/wys_1780_chap_6_1.v Line: 6
    Warning (13410): Pin "SEL[0]" is stuck at GND File: E:/Quartusexperiment/wys_1780_chap_6_1/wys_1780_chap_6_1.v Line: 4
    Warning (13410): Pin "SEL[1]" is stuck at GND File: E:/Quartusexperiment/wys_1780_chap_6_1/wys_1780_chap_6_1.v Line: 4
    Warning (13410): Pin "data[0]" is stuck at VCC File: E:/Quartusexperiment/wys_1780_chap_6_1/wys_1780_chap_6_1.v Line: 5
    Warning (13410): Pin "data[1]" is stuck at GND File: E:/Quartusexperiment/wys_1780_chap_6_1/wys_1780_chap_6_1.v Line: 5
    Warning (13410): Pin "data[2]" is stuck at GND File: E:/Quartusexperiment/wys_1780_chap_6_1/wys_1780_chap_6_1.v Line: 5
    Warning (13410): Pin "data[3]" is stuck at GND File: E:/Quartusexperiment/wys_1780_chap_6_1/wys_1780_chap_6_1.v Line: 5
    Warning (13410): Pin "SEG[0]" is stuck at GND File: E:/Quartusexperiment/wys_1780_chap_6_1/wys_1780_chap_6_1.v Line: 7
    Warning (13410): Pin "SEG[1]" is stuck at GND File: E:/Quartusexperiment/wys_1780_chap_6_1/wys_1780_chap_6_1.v Line: 7
    Warning (13410): Pin "SEG[2]" is stuck at GND File: E:/Quartusexperiment/wys_1780_chap_6_1/wys_1780_chap_6_1.v Line: 7
    Warning (13410): Pin "SEG[3]" is stuck at GND File: E:/Quartusexperiment/wys_1780_chap_6_1/wys_1780_chap_6_1.v Line: 7
    Warning (13410): Pin "SEG[4]" is stuck at VCC File: E:/Quartusexperiment/wys_1780_chap_6_1/wys_1780_chap_6_1.v Line: 7
    Warning (13410): Pin "SEG[5]" is stuck at VCC File: E:/Quartusexperiment/wys_1780_chap_6_1/wys_1780_chap_6_1.v Line: 7
    Warning (13410): Pin "SEG[6]" is stuck at GND File: E:/Quartusexperiment/wys_1780_chap_6_1/wys_1780_chap_6_1.v Line: 7
Info (144001): Generated suppressed messages file E:/Quartusexperiment/wys_1780_chap_6_1/output_files/wys_1780_chap_6_1.map.smsg
Info (16010): Generating hard_block partition "hard_block:auto_generated_inst"
    Info (16011): Adding 0 node(s), including 0 DDIO, 0 PLL, 0 transceiver and 0 LCELL
Warning (21074): Design contains 1 input pin(s) that do not drive logic
    Warning (15610): No output dependent on input pin "clk_in" File: E:/Quartusexperiment/wys_1780_chap_6_1/wys_1780_chap_6_1.v Line: 2
Info (21057): Implemented 18 device resources after synthesis - the final resource count might be different
    Info (21058): Implemented 1 input pins
    Info (21059): Implemented 17 output pins
Info: Quartus Prime Analysis & Synthesis was successful. 0 errors, 32 warnings
    Info: Peak virtual memory: 4736 megabytes
    Info: Processing ended: Thu May 09 13:30:48 2024
    Info: Elapsed time: 00:00:10
    Info: Total CPU time (on all processors): 00:00:05


+------------------------------------------+
; Analysis & Synthesis Suppressed Messages ;
+------------------------------------------+
The suppressed messages can be found in E:/Quartusexperiment/wys_1780_chap_6_1/output_files/wys_1780_chap_6_1.map.smsg.


