Analysis & Synthesis report for sdsheji
Thu Jun 13 01:22:52 2024
Quartus Prime Version 18.1.0 Build 625 09/12/2018 SJ Lite Edition


---------------------
; Table of Contents ;
---------------------
  1. Legal Notice
  2. Analysis & Synthesis Summary
  3. Analysis & Synthesis Settings
  4. Parallel Compilation
  5. Analysis & Synthesis Source Files Read
  6. Analysis & Synthesis Resource Usage Summary
  7. Analysis & Synthesis Resource Utilization by Entity
  8. State Machine - |sdsheji|state2
  9. State Machine - |sdsheji|temp
 10. State Machine - |sdsheji|change
 11. State Machine - |sdsheji|sum
 12. State Machine - |sdsheji|state1
 13. Registers Removed During Synthesis
 14. General Register Statistics
 15. Multiplexer Restructuring Statistics (Restructuring Performed)
 16. Parameter Settings for User Entity Instance: Top-level Entity: |sdsheji
 17. Post-Synthesis Netlist Statistics for Top Partition
 18. Elapsed Time Per Partition
 19. Analysis & Synthesis Messages



----------------
; Legal Notice ;
----------------
Copyright (C) 2018  Intel Corporation. All rights reserved.
Your use of Intel Corporation's design tools, logic functions 
and other software and tools, and its AMPP partner logic 
functions, and any output files from any of the foregoing 
(including device programming or simulation files), and any 
associated documentation or information are expressly subject 
to the terms and conditions of the Intel Program License 
Subscription Agreement, the Intel Quartus Prime License Agreement,
the Intel FPGA IP License Agreement, or other applicable license
agreement, including, without limitation, that your use is for
the sole purpose of programming logic devices manufactured by
Intel and sold by Intel or its authorized distributors.  Please
refer to the applicable agreement for further details.



+----------------------------------------------------------------------------------+
; Analysis & Synthesis Summary                                                     ;
+------------------------------------+---------------------------------------------+
; Analysis & Synthesis Status        ; Successful - Thu Jun 13 01:22:52 2024       ;
; Quartus Prime Version              ; 18.1.0 Build 625 09/12/2018 SJ Lite Edition ;
; Revision Name                      ; sdsheji                                     ;
; Top-level Entity Name              ; sdsheji                                     ;
; Family                             ; Cyclone IV E                                ;
; Total logic elements               ; 45                                          ;
;     Total combinational functions  ; 33                                          ;
;     Dedicated logic registers      ; 27                                          ;
; Total registers                    ; 27                                          ;
; Total pins                         ; 22                                          ;
; Total virtual pins                 ; 0                                           ;
; Total memory bits                  ; 0                                           ;
; Embedded Multiplier 9-bit elements ; 0                                           ;
; Total PLLs                         ; 0                                           ;
+------------------------------------+---------------------------------------------+


+------------------------------------------------------------------------------------------------------------+
; Analysis & Synthesis Settings                                                                              ;
+------------------------------------------------------------------+--------------------+--------------------+
; Option                                                           ; Setting            ; Default Value      ;
+------------------------------------------------------------------+--------------------+--------------------+
; Device                                                           ; EP4CE6E22C8        ;                    ;
; Top-level entity name                                            ; sdsheji            ; sdsheji            ;
; Family name                                                      ; Cyclone IV E       ; Cyclone V          ;
; Use smart compilation                                            ; Off                ; Off                ;
; Enable parallel Assembler and Timing Analyzer during compilation ; On                 ; On                 ;
; Enable compact report table                                      ; Off                ; Off                ;
; Restructure Multiplexers                                         ; Auto               ; Auto               ;
; Create Debugging Nodes for IP Cores                              ; Off                ; Off                ;
; Preserve fewer node names                                        ; On                 ; On                 ;
; Intel FPGA IP Evaluation Mode                                    ; Enable             ; Enable             ;
; Verilog Version                                                  ; Verilog_2001       ; Verilog_2001       ;
; VHDL Version                                                     ; VHDL_1993          ; VHDL_1993          ;
; State Machine Processing                                         ; Auto               ; Auto               ;
; Safe State Machine                                               ; Off                ; Off                ;
; Extract Verilog State Machines                                   ; On                 ; On                 ;
; Extract VHDL State Machines                                      ; On                 ; On                 ;
; Ignore Verilog initial constructs                                ; Off                ; Off                ;
; Iteration limit for constant Verilog loops                       ; 5000               ; 5000               ;
; Iteration limit for non-constant Verilog loops                   ; 250                ; 250                ;
; Add Pass-Through Logic to Inferred RAMs                          ; On                 ; On                 ;
; Infer RAMs from Raw Logic                                        ; On                 ; On                 ;
; Parallel Synthesis                                               ; On                 ; On                 ;
; DSP Block Balancing                                              ; Auto               ; Auto               ;
; NOT Gate Push-Back                                               ; On                 ; On                 ;
; Power-Up Don't Care                                              ; On                 ; On                 ;
; Remove Redundant Logic Cells                                     ; Off                ; Off                ;
; Remove Duplicate Registers                                       ; On                 ; On                 ;
; Ignore CARRY Buffers                                             ; Off                ; Off                ;
; Ignore CASCADE Buffers                                           ; Off                ; Off                ;
; Ignore GLOBAL Buffers                                            ; Off                ; Off                ;
; Ignore ROW GLOBAL Buffers                                        ; Off                ; Off                ;
; Ignore LCELL Buffers                                             ; Off                ; Off                ;
; Ignore SOFT Buffers                                              ; On                 ; On                 ;
; Limit AHDL Integers to 32 Bits                                   ; Off                ; Off                ;
; Optimization Technique                                           ; Balanced           ; Balanced           ;
; Carry Chain Length                                               ; 70                 ; 70                 ;
; Auto Carry Chains                                                ; On                 ; On                 ;
; Auto Open-Drain Pins                                             ; On                 ; On                 ;
; Perform WYSIWYG Primitive Resynthesis                            ; Off                ; Off                ;
; Auto ROM Replacement                                             ; On                 ; On                 ;
; Auto RAM Replacement                                             ; On                 ; On                 ;
; Auto DSP Block Replacement                                       ; On                 ; On                 ;
; Auto Shift Register Replacement                                  ; Auto               ; Auto               ;
; Allow Shift Register Merging across Hierarchies                  ; Auto               ; Auto               ;
; Auto Clock Enable Replacement                                    ; On                 ; On                 ;
; Strict RAM Replacement                                           ; Off                ; Off                ;
; Allow Synchronous Control Signals                                ; On                 ; On                 ;
; Force Use of Synchronous Clear Signals                           ; Off                ; Off                ;
; Auto RAM Block Balancing                                         ; On                 ; On                 ;
; Auto RAM to Logic Cell Conversion                                ; Off                ; Off                ;
; Auto Resource Sharing                                            ; Off                ; Off                ;
; Allow Any RAM Size For Recognition                               ; Off                ; Off                ;
; Allow Any ROM Size For Recognition                               ; Off                ; Off                ;
; Allow Any Shift Register Size For Recognition                    ; Off                ; Off                ;
; Use LogicLock Constraints during Resource Balancing              ; On                 ; On                 ;
; Ignore translate_off and synthesis_off directives                ; Off                ; Off                ;
; Timing-Driven Synthesis                                          ; On                 ; On                 ;
; Report Parameter Settings                                        ; On                 ; On                 ;
; Report Source Assignments                                        ; On                 ; On                 ;
; Report Connectivity Checks                                       ; On                 ; On                 ;
; Ignore Maximum Fan-Out Assignments                               ; Off                ; Off                ;
; Synchronization Register Chain Length                            ; 2                  ; 2                  ;
; Power Optimization During Synthesis                              ; Normal compilation ; Normal compilation ;
; HDL message level                                                ; Level2             ; Level2             ;
; Suppress Register Optimization Related Messages                  ; Off                ; Off                ;
; Number of Removed Registers Reported in Synthesis Report         ; 5000               ; 5000               ;
; Number of Swept Nodes Reported in Synthesis Report               ; 5000               ; 5000               ;
; Number of Inverted Registers Reported in Synthesis Report        ; 100                ; 100                ;
; Clock MUX Protection                                             ; On                 ; On                 ;
; Auto Gated Clock Conversion                                      ; Off                ; Off                ;
; Block Design Naming                                              ; Auto               ; Auto               ;
; SDC constraint protection                                        ; Off                ; Off                ;
; Synthesis Effort                                                 ; Auto               ; Auto               ;
; Shift Register Replacement - Allow Asynchronous Clear Signal     ; On                 ; On                 ;
; Pre-Mapping Resynthesis Optimization                             ; Off                ; Off                ;
; Analysis & Synthesis Message Level                               ; Medium             ; Medium             ;
; Disable Register Merging Across Hierarchies                      ; Auto               ; Auto               ;
; Resource Aware Inference For Block RAM                           ; On                 ; On                 ;
+------------------------------------------------------------------+--------------------+--------------------+


+------------------------------------------+
; Parallel Compilation                     ;
+----------------------------+-------------+
; Processors                 ; Number      ;
+----------------------------+-------------+
; Number detected on machine ; 16          ;
; Maximum allowed            ; 16          ;
;                            ;             ;
; Average used               ; 1.00        ;
; Maximum used               ; 16          ;
;                            ;             ;
; Usage by Processor         ; % Time Used ;
;     Processor 1            ; 100.0%      ;
;     Processors 2-16        ;   0.0%      ;
+----------------------------+-------------+


+---------------------------------------------------------------------------------------------------------------------------------+
; Analysis & Synthesis Source Files Read                                                                                          ;
+----------------------------------+-----------------+------------------------+-----------------------------------------+---------+
; File Name with User-Entered Path ; Used in Netlist ; File Type              ; File Name with Absolute Path            ; Library ;
+----------------------------------+-----------------+------------------------+-----------------------------------------+---------+
; sdsheji.v                        ; yes             ; User Verilog HDL File  ; E:/Quartusexperiment/0yinliao/sdsheji.v ;         ;
+----------------------------------+-----------------+------------------------+-----------------------------------------+---------+


+---------------------------------------------------------+
; Analysis & Synthesis Resource Usage Summary             ;
+---------------------------------------------+-----------+
; Resource                                    ; Usage     ;
+---------------------------------------------+-----------+
; Estimated Total logic elements              ; 45        ;
;                                             ;           ;
; Total combinational functions               ; 33        ;
; Logic element usage by number of LUT inputs ;           ;
;     -- 4 input functions                    ; 9         ;
;     -- 3 input functions                    ; 9         ;
;     -- <=2 input functions                  ; 15        ;
;                                             ;           ;
; Logic elements by mode                      ;           ;
;     -- normal mode                          ; 33        ;
;     -- arithmetic mode                      ; 0         ;
;                                             ;           ;
; Total registers                             ; 27        ;
;     -- Dedicated logic registers            ; 27        ;
;     -- I/O registers                        ; 0         ;
;                                             ;           ;
; I/O pins                                    ; 22        ;
;                                             ;           ;
; Embedded Multiplier 9-bit elements          ; 0         ;
;                                             ;           ;
; Maximum fan-out node                        ; clk~input ;
; Maximum fan-out                             ; 27        ;
; Total fan-out                               ; 204       ;
; Average fan-out                             ; 1.96      ;
+---------------------------------------------+-----------+


+----------------------------------------------------------------------------------------------------------------------------------------------------------------------------------------------------------+
; Analysis & Synthesis Resource Utilization by Entity                                                                                                                                                      ;
+----------------------------+---------------------+---------------------------+-------------+--------------+---------+-----------+------+--------------+---------------------+-------------+--------------+
; Compilation Hierarchy Node ; Combinational ALUTs ; Dedicated Logic Registers ; Memory Bits ; DSP Elements ; DSP 9x9 ; DSP 18x18 ; Pins ; Virtual Pins ; Full Hierarchy Name ; Entity Name ; Library Name ;
+----------------------------+---------------------+---------------------------+-------------+--------------+---------+-----------+------+--------------+---------------------+-------------+--------------+
; |sdsheji                   ; 33 (33)             ; 27 (27)                   ; 0           ; 0            ; 0       ; 0         ; 22   ; 0            ; |sdsheji            ; sdsheji     ; work         ;
+----------------------------+---------------------+---------------------------+-------------+--------------+---------+-----------+------+--------------+---------------------+-------------+--------------+
Note: For table entries with two numbers listed, the numbers in parentheses indicate the number of resources of the given type used by the specific entity alone. The numbers listed outside of parentheses indicate the total resources of the given type used by the specific entity and all of its sub-entities in the hierarchy.


Encoding Type:  One-Hot
+---------------------------------------------------------------------+
; State Machine - |sdsheji|state2                                     ;
+-------------+-------------+-------------+-------------+-------------+
; Name        ; state2.0011 ; state2.0010 ; state2.0001 ; state2.0000 ;
+-------------+-------------+-------------+-------------+-------------+
; state2.0000 ; 0           ; 0           ; 0           ; 0           ;
; state2.0001 ; 0           ; 0           ; 1           ; 1           ;
; state2.0010 ; 0           ; 1           ; 0           ; 1           ;
; state2.0011 ; 1           ; 0           ; 0           ; 1           ;
+-------------+-------------+-------------+-------------+-------------+


Encoding Type:  One-Hot
+----------------------------------------------------------------+
; State Machine - |sdsheji|temp                                  ;
+------------+------------+------------+------------+------------+
; Name       ; temp.00001 ; temp.00000 ; temp.00101 ; temp.00010 ;
+------------+------------+------------+------------+------------+
; temp.00000 ; 0          ; 0          ; 0          ; 0          ;
; temp.00001 ; 1          ; 1          ; 0          ; 0          ;
; temp.00010 ; 0          ; 1          ; 0          ; 1          ;
; temp.00101 ; 0          ; 1          ; 1          ; 0          ;
+------------+------------+------------+------------+------------+


Encoding Type:  One-Hot
+---------------------------------+
; State Machine - |sdsheji|change ;
+--------------+------------------+
; Name         ; change.00101     ;
+--------------+------------------+
; change.00000 ; 0                ;
; change.00101 ; 1                ;
+--------------+------------------+


Encoding Type:  One-Hot
+-----------------------------------------------------------------------+
; State Machine - |sdsheji|sum                                          ;
+-----------+-----------+-----------+-----------+-----------+-----------+
; Name      ; sum.01111 ; sum.01010 ; sum.00101 ; sum.00000 ; sum.10100 ;
+-----------+-----------+-----------+-----------+-----------+-----------+
; sum.00000 ; 0         ; 0         ; 0         ; 0         ; 0         ;
; sum.00101 ; 0         ; 0         ; 1         ; 1         ; 0         ;
; sum.01010 ; 0         ; 1         ; 0         ; 1         ; 0         ;
; sum.01111 ; 1         ; 0         ; 0         ; 1         ; 0         ;
; sum.10100 ; 0         ; 0         ; 0         ; 1         ; 1         ;
+-----------+-----------+-----------+-----------+-----------+-----------+


Encoding Type:  One-Hot
+-----------------------------------------------------------------------------+
; State Machine - |sdsheji|state1                                             ;
+--------------+-----------+-----------+-----------+--------------+-----------+
; Name         ; state1.s3 ; state1.s2 ; state1.s1 ; state1.00000 ; state1.s4 ;
+--------------+-----------+-----------+-----------+--------------+-----------+
; state1.00000 ; 0         ; 0         ; 0         ; 0            ; 0         ;
; state1.s1    ; 0         ; 0         ; 1         ; 1            ; 0         ;
; state1.s2    ; 0         ; 1         ; 0         ; 1            ; 0         ;
; state1.s3    ; 1         ; 0         ; 0         ; 1            ; 0         ;
; state1.s4    ; 0         ; 0         ; 0         ; 1            ; 1         ;
+--------------+-----------+-----------+-----------+--------------+-----------+


+---------------------------------------------------------------------------------+
; Registers Removed During Synthesis                                              ;
+----------------------------------------+----------------------------------------+
; Register name                          ; Reason for Removal                     ;
+----------------------------------------+----------------------------------------+
; seg[7]~reg0                            ; Stuck at GND due to stuck port data_in ;
; seg[6]~reg0                            ; Stuck at GND due to stuck port data_in ;
; seg[3]~reg0                            ; Stuck at GND due to stuck port data_in ;
; seg[2]~reg0                            ; Stuck at GND due to stuck port data_in ;
; state2~2                               ; Lost fanout                            ;
; state2~3                               ; Lost fanout                            ;
; state2~4                               ; Lost fanout                            ;
; state2~5                               ; Lost fanout                            ;
; temp~2                                 ; Lost fanout                            ;
; temp~5                                 ; Lost fanout                            ;
; temp~6                                 ; Lost fanout                            ;
; change~5                               ; Lost fanout                            ;
; change~6                               ; Lost fanout                            ;
; change~7                               ; Lost fanout                            ;
; change~8                               ; Lost fanout                            ;
; sum~4                                  ; Lost fanout                            ;
; sum~5                                  ; Lost fanout                            ;
; sum~6                                  ; Lost fanout                            ;
; sum~7                                  ; Lost fanout                            ;
; state1~5                               ; Lost fanout                            ;
; state1~6                               ; Lost fanout                            ;
; state1~8                               ; Lost fanout                            ;
; state1~9                               ; Lost fanout                            ;
; sum.10100                              ; Lost fanout                            ;
; Total Number of Removed Registers = 24 ;                                        ;
+----------------------------------------+----------------------------------------+


+------------------------------------------------------+
; General Register Statistics                          ;
+----------------------------------------------+-------+
; Statistic                                    ; Value ;
+----------------------------------------------+-------+
; Total registers                              ; 27    ;
; Number of registers using Synchronous Clear  ; 0     ;
; Number of registers using Synchronous Load   ; 0     ;
; Number of registers using Asynchronous Clear ; 14    ;
; Number of registers using Asynchronous Load  ; 0     ;
; Number of registers using Clock Enable       ; 11    ;
; Number of registers using Preset             ; 0     ;
+----------------------------------------------+-------+


+------------------------------------------------------------------------------------------------------------------------------------------+
; Multiplexer Restructuring Statistics (Restructuring Performed)                                                                           ;
+--------------------+-----------+---------------+----------------------+------------------------+------------+----------------------------+
; Multiplexer Inputs ; Bus Width ; Baseline Area ; Area if Restructured ; Saving if Restructured ; Registered ; Example Multiplexer Output ;
+--------------------+-----------+---------------+----------------------+------------------------+------------+----------------------------+
; 3:1                ; 2 bits    ; 4 LEs         ; 2 LEs                ; 2 LEs                  ; No         ; |sdsheji|temp              ;
+--------------------+-----------+---------------+----------------------+------------------------+------------+----------------------------+


+-------------------------------------------------------------------------+
; Parameter Settings for User Entity Instance: Top-level Entity: |sdsheji ;
+----------------+-------+------------------------------------------------+
; Parameter Name ; Value ; Type                                           ;
+----------------+-------+------------------------------------------------+
; s0             ; 000   ; Unsigned Binary                                ;
; s1             ; 001   ; Unsigned Binary                                ;
; s2             ; 010   ; Unsigned Binary                                ;
; s3             ; 011   ; Unsigned Binary                                ;
; s4             ; 100   ; Unsigned Binary                                ;
+----------------+-------+------------------------------------------------+
Note: In order to hide this table in the UI and the text report file, please set the "Show Parameter Settings in Synthesis Report" option in "Analysis and Synthesis Settings -> More Settings" to "Off".


+-----------------------------------------------------+
; Post-Synthesis Netlist Statistics for Top Partition ;
+-----------------------+-----------------------------+
; Type                  ; Count                       ;
+-----------------------+-----------------------------+
; boundary_port         ; 22                          ;
; cycloneiii_ff         ; 27                          ;
;     CLR               ; 3                           ;
;     ENA CLR           ; 11                          ;
;     plain             ; 13                          ;
; cycloneiii_lcell_comb ; 38                          ;
;     normal            ; 38                          ;
;         0 data inputs ; 1                           ;
;         1 data inputs ; 7                           ;
;         2 data inputs ; 12                          ;
;         3 data inputs ; 9                           ;
;         4 data inputs ; 9                           ;
;                       ;                             ;
; Max LUT depth         ; 4.00                        ;
; Average LUT depth     ; 1.99                        ;
+-----------------------+-----------------------------+


+-------------------------------+
; Elapsed Time Per Partition    ;
+----------------+--------------+
; Partition Name ; Elapsed Time ;
+----------------+--------------+
; Top            ; 00:00:00     ;
+----------------+--------------+


+-------------------------------+
; Analysis & Synthesis Messages ;
+-------------------------------+
Info: *******************************************************************
Info: Running Quartus Prime Analysis & Synthesis
    Info: Version 18.1.0 Build 625 09/12/2018 SJ Lite Edition
    Info: Processing started: Thu Jun 13 01:22:43 2024
Info: Command: quartus_map --read_settings_files=on --write_settings_files=off sdsheji -c sdsheji
Warning (18236): Number of processors has not been specified which may cause overloading on shared machines.  Set the global assignment NUM_PARALLEL_PROCESSORS in your QSF to an appropriate value for best performance.
Info (20030): Parallel compilation is enabled and will use 16 of the 16 processors detected
Info (12021): Found 1 design units, including 1 entities, in source file t_sdsheji.v
    Info (12023): Found entity 1: T_sdsheji File: E:/Quartusexperiment/0yinliao/T_sdsheji.v Line: 2
Info (12021): Found 1 design units, including 1 entities, in source file sdsheji.v
    Info (12023): Found entity 1: sdsheji File: E:/Quartusexperiment/0yinliao/sdsheji.v Line: 1
Warning (10227): Verilog HDL Port Declaration warning at sdsheji.v(7): data type declaration for "seg" declares packed dimensions but the port declaration declaration does not File: E:/Quartusexperiment/0yinliao/sdsheji.v Line: 7
Info (10499): HDL info at sdsheji.v(5): see declaration for object "seg" File: E:/Quartusexperiment/0yinliao/sdsheji.v Line: 5
Warning (10227): Verilog HDL Port Declaration warning at sdsheji.v(8): data type declaration for "out" declares packed dimensions but the port declaration declaration does not File: E:/Quartusexperiment/0yinliao/sdsheji.v Line: 8
Info (10499): HDL info at sdsheji.v(6): see declaration for object "out" File: E:/Quartusexperiment/0yinliao/sdsheji.v Line: 6
Info (12127): Elaborating entity "sdsheji" for the top level hierarchy
Warning (13004): Presettable and clearable registers converted to equivalent circuits with latches. Registers power-up to an undefined state, and DEVCLRn places the registers in an undefined state.
    Warning (13310): Register "j" is converted into an equivalent circuit using register "j~_emulated" and latch "j~1" File: E:/Quartusexperiment/0yinliao/sdsheji.v Line: 15
    Warning (13310): Register "k" is converted into an equivalent circuit using register "k~_emulated" and latch "k~1" File: E:/Quartusexperiment/0yinliao/sdsheji.v Line: 15
Warning (13024): Output pins are stuck at VCC or GND
    Warning (13410): Pin "seg[2]" is stuck at GND File: E:/Quartusexperiment/0yinliao/sdsheji.v Line: 75
    Warning (13410): Pin "seg[3]" is stuck at GND File: E:/Quartusexperiment/0yinliao/sdsheji.v Line: 75
    Warning (13410): Pin "seg[6]" is stuck at GND File: E:/Quartusexperiment/0yinliao/sdsheji.v Line: 75
    Warning (13410): Pin "seg[7]" is stuck at GND File: E:/Quartusexperiment/0yinliao/sdsheji.v Line: 75
Info (286030): Timing-Driven Synthesis is running
Info (17049): 20 registers lost all their fanouts during netlist optimizations.
Info (16010): Generating hard_block partition "hard_block:auto_generated_inst"
    Info (16011): Adding 0 node(s), including 0 DDIO, 0 PLL, 0 transceiver and 0 LCELL
Info (21057): Implemented 68 device resources after synthesis - the final resource count might be different
    Info (21058): Implemented 4 input pins
    Info (21059): Implemented 18 output pins
    Info (21061): Implemented 46 logic cells
Info: Quartus Prime Analysis & Synthesis was successful. 0 errors, 11 warnings
    Info: Peak virtual memory: 4835 megabytes
    Info: Processing ended: Thu Jun 13 01:22:52 2024
    Info: Elapsed time: 00:00:09
    Info: Total CPU time (on all processors): 00:00:05


