Flow report for wys_1780_1
Tue Jun 04 23:54:06 2024
Quartus Prime Version 18.1.0 Build 625 09/12/2018 SJ Lite Edition


---------------------
; Table of Contents ;
---------------------
  1. Legal Notice
  2. Flow Summary
  3. Flow Settings
  4. Flow Non-Default Global Settings
  5. Flow Elapsed Time
  6. Flow OS Summary
  7. Flow Log
  8. Flow Messages
  9. Flow Suppressed Messages



----------------
; Legal Notice ;
----------------
Copyright (C) 2018  Intel Corporation. All rights reserved.
Your use of Intel Corporation's design tools, logic functions 
and other software and tools, and its AMPP partner logic 
functions, and any output files from any of the foregoing 
(including device programming or simulation files), and any 
associated documentation or information are expressly subject 
to the terms and conditions of the Intel Program License 
Subscription Agreement, the Intel Quartus Prime License Agreement,
the Intel FPGA IP License Agreement, or other applicable license
agreement, including, without limitation, that your use is for
the sole purpose of programming logic devices manufactured by
Intel and sold by Intel or its authorized distributors.  Please
refer to the applicable agreement for further details.



+----------------------------------------------------------------------------------+
; Flow Summary                                                                     ;
+------------------------------------+---------------------------------------------+
; Flow Status                        ; Successful - Tue Jun 04 23:54:06 2024       ;
; Quartus Prime Version              ; 18.1.0 Build 625 09/12/2018 SJ Lite Edition ;
; Revision Name                      ; wys_1780_1                                  ;
; Top-level Entity Name              ; wys_1780_1                                  ;
; Family                             ; Cyclone IV E                                ;
; Device                             ; EP4CE6E22C8                                 ;
; Timing Models                      ; Final                                       ;
; Total logic elements               ; 7 / 6,272 ( < 1 % )                         ;
;     Total combinational functions  ; 7 / 6,272 ( < 1 % )                         ;
;     Dedicated logic registers      ; 0 / 6,272 ( 0 % )                           ;
; Total registers                    ; 0                                           ;
; Total pins                         ; 13 / 92 ( 14 % )                            ;
; Total virtual pins                 ; 0                                           ;
; Total memory bits                  ; 0 / 276,480 ( 0 % )                         ;
; Embedded Multiplier 9-bit elements ; 0 / 30 ( 0 % )                              ;
; Total PLLs                         ; 0 / 2 ( 0 % )                               ;
+------------------------------------+---------------------------------------------+


+-----------------------------------------+
; Flow Settings                           ;
+-------------------+---------------------+
; Option            ; Setting             ;
+-------------------+---------------------+
; Start date & time ; 03/21/2024 21:04:47 ;
; Main task         ; Compilation         ;
; Revision Name     ; wys_1780_1          ;
+-------------------+---------------------+


+-------------------------------------------------------------------------------------------------------------------------+
; Flow Non-Default Global Settings                                                                                        ;
+-------------------------------------+----------------------------------------+---------------+-------------+------------+
; Assignment Name                     ; Value                                  ; Default Value ; Entity Name ; Section Id ;
+-------------------------------------+----------------------------------------+---------------+-------------+------------+
; COMPILER_SIGNATURE_ID               ; 1095587383027.171102628616632          ; --            ; --          ; --         ;
; MAX_CORE_JUNCTION_TEMP              ; 85                                     ; --            ; --          ; --         ;
; MIN_CORE_JUNCTION_TEMP              ; 0                                      ; --            ; --          ; --         ;
; NOMINAL_CORE_SUPPLY_VOLTAGE         ; 1.2V                                   ; --            ; --          ; --         ;
; PARTITION_COLOR                     ; -- (Not supported for targeted family) ; --            ; --          ; Top        ;
; PARTITION_FITTER_PRESERVATION_LEVEL ; -- (Not supported for targeted family) ; --            ; --          ; Top        ;
; PARTITION_NETLIST_TYPE              ; -- (Not supported for targeted family) ; --            ; --          ; Top        ;
; PROJECT_OUTPUT_DIRECTORY            ; output_files                           ; --            ; --          ; --         ;
+-------------------------------------+----------------------------------------+---------------+-------------+------------+


+--------------------------------------------------------------------------------------------------------------------------+
; Flow Elapsed Time                                                                                                        ;
+----------------------+--------------+-------------------------+---------------------+------------------------------------+
; Module Name          ; Elapsed Time ; Average Processors Used ; Peak Virtual Memory ; Total CPU Time (on all processors) ;
+----------------------+--------------+-------------------------+---------------------+------------------------------------+
; Analysis & Synthesis ; 00:00:11     ; 1.0                     ; 4750 MB             ; 00:00:06                           ;
; Fitter               ; 00:00:03     ; 1.0                     ; 5485 MB             ; 00:00:01                           ;
; Assembler            ; 00:00:01     ; 1.0                     ; 4669 MB             ; 00:00:00                           ;
; Timing Analyzer      ; 00:00:02     ; 1.0                     ; 4750 MB             ; 00:00:00                           ;
; EDA Netlist Writer   ; 00:00:01     ; 1.0                     ; 4620 MB             ; 00:00:00                           ;
; EDA Netlist Writer   ; 00:00:01     ; 1.0                     ; 4622 MB             ; 00:00:01                           ;
; MIF/HEX Update       ; 00:00:00     ; 1.0                     ; 4690 MB             ; 00:00:00                           ;
; EDA Netlist Writer   ; 00:00:01     ; 1.0                     ; 4620 MB             ; 00:00:01                           ;
; Total                ; 00:00:20     ; --                      ; --                  ; 00:00:09                           ;
+----------------------+--------------+-------------------------+---------------------+------------------------------------+


+------------------------------------------------------------------------------------+
; Flow OS Summary                                                                    ;
+----------------------+------------------+------------+------------+----------------+
; Module Name          ; Machine Hostname ; OS Name    ; OS Version ; Processor type ;
+----------------------+------------------+------------+------------+----------------+
; Analysis & Synthesis ; LAPTOP-C0412TAM  ; Windows 10 ; 10.0       ; x86_64         ;
; Fitter               ; LAPTOP-C0412TAM  ; Windows 10 ; 10.0       ; x86_64         ;
; Assembler            ; LAPTOP-C0412TAM  ; Windows 10 ; 10.0       ; x86_64         ;
; Timing Analyzer      ; LAPTOP-C0412TAM  ; Windows 10 ; 10.0       ; x86_64         ;
; EDA Netlist Writer   ; LAPTOP-C0412TAM  ; Windows 10 ; 10.0       ; x86_64         ;
; EDA Netlist Writer   ; LAPTOP-98I59L97  ; Windows 10 ; 10.0       ; x86_64         ;
; MIF/HEX Update       ; LAPTOP-98I59L97  ; Windows 10 ; 10.0       ; x86_64         ;
; EDA Netlist Writer   ; LAPTOP-98I59L97  ; Windows 10 ; 10.0       ; x86_64         ;
+----------------------+------------------+------------+------------+----------------+


------------
; Flow Log ;
------------
quartus_map --read_settings_files=on --write_settings_files=off wys_1780_1 -c wys_1780_1
quartus_fit --read_settings_files=off --write_settings_files=off wys_1780_1 -c wys_1780_1
quartus_asm --read_settings_files=off --write_settings_files=off wys_1780_1 -c wys_1780_1
quartus_sta wys_1780_1 -c wys_1780_1
quartus_eda --gen_testbench --tool=modelsim_oem --format=verilog --write_settings_files=off wys_1780_1 -c wys_1780_1 --vector_source=D:/???¡ì???¡§???¡ì?¨¦2??¡ì?¨¦??¡ì???|¡§??/???¡ì??t??/?¡ìoy|¡§??/?¡ìoy|¡§???¡ìo|¡§???¡ì|/Waveform.vwf --testbench_file=E:/Quartusexperiment/wys_1780_1/simulation/qsim/D:/???¡ì???¡§???¡ì?¨¦2??¡ì?¨¦??¡ì???|¡§??/???¡ì??t??/?¡ìoy|¡§??/?¡ìoy|¡§???¡ìo|¡§???¡ì|/Waveform.vwf.vt
quartus_eda --read_settings_files=on --write_settings_files=off wys_1780_1 -c wys_1780_1 --gen_testbench
quartus_cdb wys_1780_1 -c wys_1780_1 --update_mif
quartus_eda --read_settings_files=on --write_settings_files=off wys_1780_1 -c wys_1780_1 --gen_testbench



