C51 COMPILER V9.60.0.0   MAIN                                                              07/06/2024 14:37:00 PAGE 1   


C51 COMPILER V9.60.0.0, COMPILATION OF MODULE MAIN
OBJECT MODULE PLACED IN .\Objects\main.obj
COMPILER INVOKED BY: D:\Program Files\Keil_v5\C51\BIN\C51.EXE main.c OPTIMIZE(8,SPEED) BROWSE DEBUG OBJECTEXTEND PRINT(.
                    -\Listings\main.lst) TABS(2) OBJECT(.\Objects\main.obj)

line level    source

   1          #include <REGX51.H>
   2          unsigned int count = 0;
   3          unsigned int number = 0;
   4          unsigned char NixieTable[]={0x3F,0x06,0x5B,
   5          0x4F,0x66,0x6D,0x7D,0x07,0x7F,0x6F};
   6          void Timer0_Isr(void) interrupt 1
   7          {
   8   1        static unsigned int count_1 = 0;
   9   1        TL0 = 0x18;       //设置定时初始值
  10   1        TH0 = 0xFC;       //设置定时初始值
  11   1        P1_0=~P1_0;
  12   1        count_1++;
  13   1        if(count_1>=1000){
  14   2          number = count;
  15   2          count = 0;
  16   2          count_1=0;
  17   2        }
  18   1      }
  19          
  20          void Timer0_Init(void)    //1毫秒@12.000MHz
  21          {
  22   1        
  23   1        TMOD &= 0xF0;     //设置定时器模式
  24   1        TMOD |= 0x01;     //设置定时器模式
  25   1        TL0 = 0x18;       //设置定时初始值
  26   1        TH0 = 0xFC;       //设置定时初始值
  27   1        TF0 = 0;        //清除TF0标志
  28   1        TR0 = 1;        //定时器0开始计时
  29   1        ET0 = 1;        //使能定时器0中断
  30   1        EA = 1;
  31   1      }
  32          void Int0_Init(){
  33   1        IT0 = 1; // 边沿触发方式（下降沿) 
  34   1        EX0 = 1;
  35   1        EA = 1;
  36   1      }
  37          
  38          void INTCounts() interrupt 0{
  39   1        count++;
  40   1      }
  41          
  42          void Delay(unsigned int xms)
  43          {
  44   1        unsigned char i, j;
  45   1        while(xms--)
  46   1        {
  47   2          i = 2;
  48   2          j = 239;
  49   2          do
  50   2          {
  51   3            while (--j);
  52   3          } while (--i);
  53   2        }
  54   1      }
C51 COMPILER V9.60.0.0   MAIN                                                              07/06/2024 14:37:00 PAGE 2   

  55          //数码管显示子函数
  56          void Nixie(unsigned char Location,Number)
  57          {
  58   1        switch(Location){
  59   2          case 1:P2_4=0;P2_3=0;P2_2=0;break;
  60   2          case 2:P2_4=0;P2_3=0;P2_2=1;break;
  61   2          case 3:P2_4=0;P2_3=1;P2_2=0;break;
  62   2          case 4:P2_4=0;P2_3=1;P2_2=1;break;     
  63   2          case 5:P2_4=1;P2_3=0;P2_2=0;break;
  64   2          case 6:P2_4=1;P2_3=0;P2_2=1;break;    
  65   2          case 7:P2_4=1;P2_3=1;P2_2=0;break;
  66   2          case 8:P2_4=1;P2_3=1;P2_2=1;break;
  67   2        }
  68   1        P0=NixieTable[Number];  //段码输出
  69   1        Delay(1);       //显示一段时间
  70   1        P0=0x00;        //段码清0，消影
  71   1      }
  72          void main(){
  73   1        Timer0_Init();
  74   1        Int0_Init();
  75   1        while(1){
  76   2          Nixie(1,number /100);
  77   2          Nixie(2,number %100/10);
  78   2          Nixie(3,number %10);
  79   2          
  80   2        }
  81   1      }


MODULE INFORMATION:   STATIC OVERLAYABLE
   CODE SIZE        =    300    ----
   CONSTANT SIZE    =   ----    ----
   XDATA SIZE       =   ----    ----
   PDATA SIZE       =   ----    ----
   DATA SIZE        =     16    ----
   IDATA SIZE       =   ----    ----
   BIT SIZE         =   ----    ----
END OF MODULE INFORMATION.


C51 COMPILATION COMPLETE.  0 WARNING(S),  0 ERROR(S)
