C51 COMPILER V9.60.0.0   MAIN                                                              03/29/2024 16:49:33 PAGE 1   


C51 COMPILER V9.60.0.0, COMPILATION OF MODULE MAIN
OBJECT MODULE PLACED IN .\Objects\main.obj
COMPILER INVOKED BY: D:\Keil_v5\C51\BIN\C51.EXE main.c OPTIMIZE(8,SPEED) BROWSE DEBUG OBJECTEXTEND PRINT(.\Listings\main
                    -.lst) OBJECT(.\Objects\main.obj)

line level    source

   1          
   2          #include <reg51.h>  
   3            
   4          #define FOSC 11059200L  // 晶振频率  
   5          #define TIMER0_RELOAD_VALUE 60928  // 定时器重载值  
   6            
   7          sbit buzzer = P1^0;  
   8            
   9          void Timer0_Init() {  
  10   1          TMOD &= 0xF0;   
  11   1          TMOD |= 0x01;  
  12   1              TH0=237;
  13   1              TL0=176;
  14   1          ET0 = 1;   
  15   1          EA = 1;   
  16   1          TR0 = 1;   
  17   1      }  
  18            
  19          
  20          void main() {  
  21   1          Timer0_Init();  
  22   1          while (1) {  
  23   2              
  24   2          }  
  25   1      }
  26          
  27          void Timer0_ISR() interrupt 1 {  
  28   1          static unsigned char state = 0;  
  29   1          TH0=237;
  30   1              TL0=176;
  31   1          state = ~state;   
  32   1          buzzer = state;   
  33   1      }  
  34            


MODULE INFORMATION:   STATIC OVERLAYABLE
   CODE SIZE        =     48    ----
   CONSTANT SIZE    =   ----    ----
   XDATA SIZE       =   ----    ----
   PDATA SIZE       =   ----    ----
   DATA SIZE        =      1    ----
   IDATA SIZE       =   ----    ----
   BIT SIZE         =   ----    ----
END OF MODULE INFORMATION.


C51 COMPILATION COMPLETE.  0 WARNING(S),  0 ERROR(S)
