C51 COMPILER V9.00   DOWNLOAD                                                              04/17/2019 17:41:10 PAGE 1   


C51 COMPILER V9.00, COMPILATION OF MODULE DOWNLOAD
OBJECT MODULE PLACED IN ..\Objects\Download.obj
COMPILER INVOKED BY: D:\keil_v5\C51\BIN\C51.EXE ..\C_AND_H\Download.c OPTIMIZE(8,SPEED) BROWSE INCDIR(..\C_AND_H) DEBUG 
                    -OBJECTEXTEND PRINT(..\Listing\Download.lst) TABS(2) OBJECT(..\Objects\Download.obj)

line level    source

   1          #include "all.h"//
   2          /*
   3          u8 uart_ser_n;//计数变量
   4          void uart_ser() interrupt 4
   5          { 
   6              RI=0;        //清空接收标志位
   7              if(SBUF==0x7f)  //STC下载指令0X7F
   8              { 
   9                  uart_ser_n++;   //判断位自加
  10                  if(uart_ser_n==10) //如果收到10次0X7F
  11                  {
  12                      uart_ser_n=0;   //判断位清0
  13                      IAP_CONTR=0xE0;//复位命令  
  14                  }
  15              }
  16              else
  17              {
  18                  uart_ser_n=0; 
  19              }
  20          } 
  21          void UartInit(void) 
  22          {
  23              SCON=0x50;  //8位数据，可变波特率
  24              AUXR|=0x04;  //定时器2
  25              T2L=(65536-(FOSC/4/BAUD));     //低
  26              T2H=(65536-(FOSC/4/BAUD))>>8;  //高
  27              AUXR|=0x01;  //串口1选择定时器2为波特率发生器
  28              AUXR|=0x10;  //启动定时器2
  29              EA=1;       //打开总中断
  30              ES=1;       //打开串口中断
  31          }
  32          */


MODULE INFORMATION:   STATIC OVERLAYABLE
   CODE SIZE        =   ----    ----
   CONSTANT SIZE    =   ----    ----
   XDATA SIZE       =   ----    ----
   PDATA SIZE       =   ----    ----
   DATA SIZE        =   ----    ----
   IDATA SIZE       =   ----    ----
   BIT SIZE         =   ----    ----
END OF MODULE INFORMATION.


C51 COMPILATION COMPLETE.  0 WARNING(S),  0 ERROR(S)
