C51 COMPILER V9.00   EEPROM_DRIVE                                                          08/08/2019 21:13:31 PAGE 1   


C51 COMPILER V9.00, COMPILATION OF MODULE EEPROM_DRIVE
OBJECT MODULE PLACED IN ..\Objects\EEPROM_Drive.obj
COMPILER INVOKED BY: D:\keil_v5\C51\BIN\C51.EXE ..\C_AND_H\EEPROM_Drive.c OPTIMIZE(8,SPEED) BROWSE INCDIR(..\C_AND_H) DE
                    -BUG OBJECTEXTEND PRINT(..\Listing\EEPROM_Drive.lst) TABS(2) OBJECT(..\Objects\EEPROM_Drive.obj)

line level    source

   1          #include"all.h"
   2          //EEPROM擦除 底层驱动 按照地址 擦除整个扇区
   3          void EEPROM_Wipe512_Drive(u8 byte)
   4          {
   5   1          IAP_ADDRL=byte;//从地址000H
   6   1          IAP_ADDRH=byte;
   7   1          IAP_CONTR=0X81;
   8   1          IAP_CMD=0X03;
   9   1          IAP_TRIG=0X5A;//写入特殊指令
  10   1          IAP_TRIG=0XA5;//写入特殊指令
  11   1      }
  12          void EEPROM_Write_Byte_Drive(u8 address,u8 byte)
  13          {
  14   1        IAP_DATA=byte;
  15   1        IAP_ADDRH=0;
  16   1        IAP_ADDRL=address;
  17   1        IAP_CONTR=0X81;
  18   1        IAP_CMD=0X02;
  19   1        IAP_TRIG=0X5A;//写入特殊指令
  20   1        IAP_TRIG=0XA5;//写入特殊指令
  21   1      }
  22          u8 EEPROM_Read_Byte_Drive(u8 address)
  23          {
  24   1        u8 byte;
  25   1        IAP_ADDRH=0;
  26   1        IAP_ADDRL=address;
  27   1        IAP_CONTR=0X81;
  28   1        IAP_CMD=0X01;
  29   1        IAP_TRIG=0X5A;//写入特殊指令
  30   1        IAP_TRIG=0XA5;//写入特殊指令
  31   1        byte=IAP_DATA;
  32   1        return byte;
  33   1      }


MODULE INFORMATION:   STATIC OVERLAYABLE
   CODE SIZE        =     57    ----
   CONSTANT SIZE    =   ----    ----
   XDATA SIZE       =   ----    ----
   PDATA SIZE       =   ----    ----
   DATA SIZE        =   ----    ----
   IDATA SIZE       =   ----    ----
   BIT SIZE         =   ----    ----
END OF MODULE INFORMATION.


C51 COMPILATION COMPLETE.  0 WARNING(S),  0 ERROR(S)
