C51 COMPILER V9.00   COLOR_CHANGE                                                          08/08/2019 21:13:31 PAGE 1   


C51 COMPILER V9.00, COMPILATION OF MODULE COLOR_CHANGE
OBJECT MODULE PLACED IN ..\Objects\Color_Change.obj
COMPILER INVOKED BY: D:\keil_v5\C51\BIN\C51.EXE ..\C_AND_H\Color_Change.c OPTIMIZE(8,SPEED) BROWSE INCDIR(..\C_AND_H) DE
                    -BUG OBJECTEXTEND PRINT(..\Listing\Color_Change.lst) TABS(2) OBJECT(..\Objects\Color_Change.obj)

line level    source

   1          #include"all.h"
   2          /*WS505050*/
   3          /*
   4          指令1：WS++xx+xx+xx+xx 10位 (x为自然数)为了降低亮度，所以取值最大99
   5          指令2：menu+ws       6位 显示菜单
   6          指令3：wsne+xx       6位 00<=xx<=29
   7          指令4：light+x       6位 1<=x<=9  亮度衰减值
   8          */
   9          /*
  10          ________________________________________
  11          ____________________________________________
  12          |编号| 12345678|长度| 可变数据    |内容
  13          | 1  | menu    | 4  |******     |显示菜单
  14          | 2  | wsxx    | 4  |xx(00-59)  |60种色彩，60灯同色
  15          | 3  | lightx  | 6  | x(1-50)   |亮度除数
  16          | 4  | save    | 4  |******     |保存当前亮度，移动，颜色
  17          | 5  | left
  18          | 5  | righ
  19          | 5  | stop    | 4  |move_Flag  |改变移动方向
  20          | 6  | speedxx | 7  |xx(01-20)  |改变移动速度
  21          | 7  | vsxxxxxx| 8  |
  22          编号7
  23          功能：改变60个LED数据
  24          指令：DATA-mwxx-mwxx-mwxx-END
  25          */
  26          u8 xdata Uart_8_Data[8];
  27          u8 xdata move_Flag=0;
  28          u8 xdata speed;
  29          //******保存8位数据******//
  30          void Copy_Data()
  31          {
  32   1          u8 i;
  33   1          if(con>=8)
  34   1          {
  35   2              for(i=con-8;i<con;i++)
  36   2              Uart_8_Data[i-con+8]=receiv[i];
  37   2          }
  38   1      }
  39          //******数据转换******//
  40          u8 ABCDEF(u8 Dat)
  41          {
  42   1          if('0'<=Dat&&Dat<='9')
  43   1            return Dat-'0';
  44   1          else
  45   1            return Dat-'A'+10;
  46   1      }
  47          //******数据保存******//
  48          void Data_save()
  49          {
  50   1          u8 i,j;
  51   1          EEPROM_Wipe512_Drive(0);
  52   1          for(j=0;j<36;j++)
  53   1          {
  54   2              for(i=0;i<3;i++)
C51 COMPILER V9.00   COLOR_CHANGE                                                          08/08/2019 21:13:31 PAGE 2   

  55   2              {
  56   3                EEPROM_Write_Byte_Drive(3*j+i,WS2812_BUffer[j][i]);
  57   3              }
  58   2          }
  59   1          EEPROM_Write_Byte_Drive(180,light);
  60   1          EEPROM_Write_Byte_Drive(181,move_Flag);
  61   1          EEPROM_Write_Byte_Drive(182,speed);
  62   1          
  63   1      }
  64          //******串口数据指令******//
  65          void Change_Dat()
  66          {
  67   1          u8 xdata shu[4],color;
  68   1          u8 i,j; 
  69   1          Copy_Data();
  70   1      /*
  71   1      编号1
  72   1      功能：显示菜单，显示60位
  73   1      指令：menu
  74   1      */
  75   1      if(Uart_8_Data[4]=='m'&&Uart_8_Data[5]=='e'&&Uart_8_Data[6]=='n'&&Uart_8_Data[7]=='u')
  76   1      {
  77   2          for(j=0;j<36;j++)
  78   2          {
  79   3              WS2812_BUffer[j][0]=WS2812_menu[j][1];
  80   3              WS2812_BUffer[j][1]=WS2812_menu[j][0];
  81   3              WS2812_BUffer[j][2]=WS2812_menu[j][2];
  82   3          }
  83   2      }
  84   1      /*
  85   1      编号2
  86   1      功能：60灯珠同色  
  87   1      指令：ws00-ws59     
  88   1      */
  89   1      else if(Uart_8_Data[4]=='w'&&Uart_8_Data[5]=='s')
  90   1      {
  91   2          for(i=0;i<2;i++)//两个数据
  92   2          shu[i]=ABCDEF(Uart_8_Data[6+i]);
  93   2          color=shu[0]*10+shu[1];
  94   2          WS2812_BUffer[0][1]=WS2812_menu[color][0];
  95   2          WS2812_BUffer[0][0]=WS2812_menu[color][1];
  96   2          WS2812_BUffer[0][2]=WS2812_menu[color][2];
  97   2      
  98   2          for(j=1;j<36;j++)////////////////
  99   2          {
 100   3              for(i=0;i<3;i++)
 101   3              {
 102   4                  WS2812_BUffer[j][i]=WS2812_BUffer[0][i];
 103   4              }
 104   3          }
 105   2      }
 106   1      /*
 107   1      编号3
 108   1      功能：亮度
 109   1      指令：light1
 110   1      */      
 111   1      else if(Uart_8_Data[0]=='l'&&Uart_8_Data[1]=='i'&&Uart_8_Data[2]=='g'&&Uart_8_Data[3]=='h'&&Uart_8_Data[4]
             -=='t')
 112   1      {
 113   2        light=ABCDEF(Uart_8_Data[5]);
 114   2      }
 115   1      /*
C51 COMPILER V9.00   COLOR_CHANGE                                                          08/08/2019 21:13:31 PAGE 3   

 116   1      编号4
 117   1      功能：保存数据
 118   1      指令：save    
 119   1      */
 120   1      else if(Uart_8_Data[4]=='s'&&Uart_8_Data[5]=='a'&&Uart_8_Data[6]=='v'&&Uart_8_Data[7]=='e')
 121   1      {
 122   2          Data_save();
 123   2      }
 124   1      /*
 125   1      编号5
 126   1      功能：移动
 127   1      指令：left-righ-stop
 128   1      */
 129   1      else if(Uart_8_Data[4]=='l'&&Uart_8_Data[5]=='e'&&Uart_8_Data[6]=='f'&&Uart_8_Data[7]=='t')
 130   1            move_Flag=1;
 131   1      else if(Uart_8_Data[4]=='r'&&Uart_8_Data[5]=='i'&&Uart_8_Data[6]=='g'&&Uart_8_Data[7]=='h')
 132   1            move_Flag=2;
 133   1      else if(Uart_8_Data[4]=='s'&&Uart_8_Data[5]=='t'&&Uart_8_Data[6]=='o'&&Uart_8_Data[7]=='p')
 134   1            move_Flag=0;
 135   1      /*
 136   1      编号6
 137   1      功能：改变移动速度
 138   1      指令：speedxx
 139   1      */
 140   1      else if(Uart_8_Data[1]=='s'&&Uart_8_Data[2]=='p'&&Uart_8_Data[3]=='e'&&Uart_8_Data[4]=='e'&&Uart_8_Data[5]
             -=='d')
 141   1      {
 142   2        speed=ABCDEF(Uart_8_Data[6])*10+ABCDEF(Uart_8_Data[7]);
 143   2      }
 144   1      /*
 145   1      编号7
 146   1      功能：输入显示数据
 147   1      指令：vs505050
 148   1      */
 149   1      else if(Uart_8_Data[0]=='v'&&Uart_8_Data[1]=='s')
 150   1      {
 151   2          WS2812_BUffer[0][1]=ABCDEF(Uart_8_Data[2])*10+ABCDEF(Uart_8_Data[3]);
 152   2          WS2812_BUffer[0][0]=ABCDEF(Uart_8_Data[4])*10+ABCDEF(Uart_8_Data[5]);
 153   2          WS2812_BUffer[0][2]=ABCDEF(Uart_8_Data[6])*10+ABCDEF(Uart_8_Data[7]);
 154   2      
 155   2          for(j=1;j<36;j++)////////////////
 156   2          {
 157   3              for(i=0;i<3;i++)
 158   3              {
 159   4                  WS2812_BUffer[j][i]=WS2812_BUffer[0][i];
 160   4              }
 161   3          }
 162   2      }
 163   1      
 164   1      
 165   1      }
 166          /*
 167          编号7
 168          功能：改变60个LED数据
 169          指令：DATA-mwxx-mwxx-mwxx-END
 170          */
 171          void Data_get()
 172          {
 173   1          static bit flag=0;
 174   1          static u8 xdata cnt=0;
 175   1          u8 color;
 176   1          if(Uart_8_Data[4]=='D'&&Uart_8_Data[5]=='A'&&Uart_8_Data[6]=='T'&&Uart_8_Data[7]=='A')
C51 COMPILER V9.00   COLOR_CHANGE                                                          08/08/2019 21:13:31 PAGE 4   

 177   1          {
 178   2            flag=1;
 179   2            cnt=0;
 180   2            move_Flag=0;
 181   2          }
 182   1          if(Uart_8_Data[5]=='E'&&Uart_8_Data[6]=='N'&&Uart_8_Data[7]=='D')
 183   1          {
 184   2            flag=0;
 185   2            cnt=0;  
 186   2          }
 187   1          if(flag)
 188   1          {
 189   2            if(Uart_8_Data[4]=='m'&&Uart_8_Data[5]=='w')
 190   2            {
 191   3                color=ABCDEF(Uart_8_Data[6])*10+ABCDEF(Uart_8_Data[7]); 
 192   3                  
 193   3                WS2812_BUffer[cnt][1]=WS2812_menu[color][0];
 194   3                WS2812_BUffer[cnt][0]=WS2812_menu[color][1];
 195   3                WS2812_BUffer[cnt][2]=WS2812_menu[color][2];
 196   3                cnt++;
 197   3            }
 198   2            color=0;
 199   2            if(cnt>35)
 200   2            flag=0;
 201   2          }
 202   1      }


MODULE INFORMATION:   STATIC OVERLAYABLE
   CODE SIZE        =   1088    ----
   CONSTANT SIZE    =   ----    ----
   XDATA SIZE       =     11       5
   PDATA SIZE       =   ----    ----
   DATA SIZE        =   ----       4
   IDATA SIZE       =   ----    ----
   BIT SIZE         =      1    ----
END OF MODULE INFORMATION.


C51 COMPILATION COMPLETE.  0 WARNING(S),  0 ERROR(S)
