C51 COMPILER V9.00   MAIN                                                                  10/02/2019 07:36:20 PAGE 1   


C51 COMPILER V9.00, COMPILATION OF MODULE MAIN
OBJECT MODULE PLACED IN ..\Objects\main.obj
COMPILER INVOKED BY: D:\keil_v5\C51\BIN\C51.EXE ..\C_AND_H\main.c OPTIMIZE(8,SPEED) BROWSE INCDIR(..\C_AND_H) DEBUG OBJE
                    -CTEXTEND PRINT(..\Listing\main.lst) TABS(2) OBJECT(..\Objects\main.obj)

line level    source

   1          #include<all.h>
   2          void ws2812_allot()
   3          {
   4   1          u8 i,j;
   5   1          for(i=0;i<WSCOUNT;i++)
   6   1            for(j=0;j<3;j++)
   7   1            {
   8   2              if(j==1)
   9   2              WS2812_BUffer[i][j]=50;
  10   2              else
  11   2              WS2812_BUffer[i][j]=0;
  12   2            }
  13   1      }
  14          void main()
  15          {
  16   1          while(1)
  17   1          { 
  18   2              ws2812_allot();
  19   2              WS2812_Ser();
  20   2          }
  21   1      }


MODULE INFORMATION:   STATIC OVERLAYABLE
   CODE SIZE        =     44    ----
   CONSTANT SIZE    =   ----    ----
   XDATA SIZE       =   ----    ----
   PDATA SIZE       =   ----    ----
   DATA SIZE        =   ----    ----
   IDATA SIZE       =   ----    ----
   BIT SIZE         =   ----    ----
END OF MODULE INFORMATION.


C51 COMPILATION COMPLETE.  0 WARNING(S),  0 ERROR(S)
