C51 COMPILER V9.60.0.0   MAIN                                                              07/07/2024 16:16:16 PAGE 1   


C51 COMPILER V9.60.0.0, COMPILATION OF MODULE MAIN
OBJECT MODULE PLACED IN .\Objects\main.obj
COMPILER INVOKED BY: D:\Program Files\Keil_v5\C51\BIN\C51.EXE main.c OPTIMIZE(8,SPEED) BROWSE DEBUG OBJECTEXTEND PRINT(.
                    -\Listings\main.lst) TABS(2) OBJECT(.\Objects\main.obj)

line level    source

   1          #include <REGX52.H>
   2          #include  "DS1302.h"
   3          #include "LCD1602.h"
   4          #include <intrins.h>
   5          #include "Key.h"
   6          #include "BlueTooth.h"
   7          #include "Timer0.h"
   8          #include "DHT11.h"
   9          
  10          #define USART_MAX_RECV_LEN  1
  11          
  12          unsigned char USART_RX_BUF[USART_MAX_RECV_LEN];
  13          
  14          unsigned char KeyNum,MODE,TimeSetSelect,TimeSetFlashFlag;
  15          
  16          extern unsigned char  hum;//湿度
  17          extern unsigned char  tem;//温度
  18          
  19          sbit Motor=P3^2;
  20          sbit beep=P2^1;
  21          int beepflag=0;
  22          
  23           /**
  24           *@breaf 延时函数/@12.0000MHz  1ms为单位
  25           *@para   t 延时时间设置
  26           *@retval无
  27           */
  28          void Delay1ms(unsigned char t)    //@12.0000MHz
  29          {
  30   1        unsigned char i, j;
  31   1        while(t--)
  32   1          {
  33   2          _nop_();
  34   2          i = 2;
  35   2          j = 239;
  36   2          do
  37   2          {
  38   3            while (--j);
  39   3          } while (--i);
  40   2        }
  41   1      }
  42          
  43          
  44          void TimeShow(void)//时间显示功能
  45          {
  46   1        DS1302_ReadTime();//读取时间
  47   1        DS1302_ReadTime();//读取时间
  48   1        LCD_ShowNum(1,1,DS1302_Time[0],2);//显示年
  49   1        LCD_ShowNum(1,4,DS1302_Time[1],2);//显示月
  50   1        LCD_ShowNum(1,7,DS1302_Time[2],2);//显示日
  51   1        LCD_ShowNum(1,9,DS1302_Time[3],2);//显示时
  52   1        LCD_ShowNum(1,12,DS1302_Time[4],2);//显示分
  53   1        LCD_ShowNum(1,15,DS1302_Time[5],2);//显示秒  
  54   1      }
C51 COMPILER V9.60.0.0   MAIN                                                              07/07/2024 16:16:16 PAGE 2   

  55          
  56          
  57          //时间设置功能
  58          void TimeSet(void)
  59          {
  60   1          if(KeyNum==2)//按键2按下
  61   1        {
  62   2          TimeSetSelect++;//设置选择位加1
  63   2          TimeSetSelect%=6;//越界清零
  64   2        }
  65   1        if(KeyNum==3)//按键3按下
  66   1        {
  67   2          DS1302_Time[TimeSetSelect]++;//时间设置位数值加1
  68   2          if(DS1302_Time[0]>99){DS1302_Time[0]=0;}//年越界判断
  69   2          if(DS1302_Time[1]>12){DS1302_Time[1]=1;}//月越界判断
  70   2          if( DS1302_Time[1]==1 || DS1302_Time[1]==3 || DS1302_Time[1]==5 || DS1302_Time[1]==7 || 
  71   2            DS1302_Time[1]==8 || DS1302_Time[1]==10 || DS1302_Time[1]==12)//日越界判断
  72   2          {
  73   3            if(DS1302_Time[2]>31){DS1302_Time[2]=1;}//大月
  74   3          }
  75   2          else if(DS1302_Time[1]==4 || DS1302_Time[1]==6 || DS1302_Time[1]==9 || DS1302_Time[1]==11)
  76   2          {
  77   3            if(DS1302_Time[2]>30){DS1302_Time[2]=1;}//小月
  78   3          }
  79   2          else if(DS1302_Time[1]==2)
  80   2          {
  81   3            if(DS1302_Time[0]%4==0)
  82   3            {
  83   4              if(DS1302_Time[2]>29){DS1302_Time[2]=1;}//闰年2月
  84   4            }
  85   3            else
  86   3            {
  87   4              if(DS1302_Time[2]>28){DS1302_Time[2]=1;}//平年2月
  88   4            }
  89   3          }
  90   2          if(DS1302_Time[3]>23){DS1302_Time[3]=0;}//时越界判断
  91   2          if(DS1302_Time[4]>59){DS1302_Time[4]=0;}//分越界判断
  92   2          if(DS1302_Time[5]>59){DS1302_Time[5]=0;}//秒越界判断
  93   2        }
  94   1        if(KeyNum==4)//按键3按下
  95   1        {
  96   2          DS1302_Time[TimeSetSelect]--;//时间设置位数值减1
  97   2          if(DS1302_Time[0]<0){DS1302_Time[0]=99;}//年越界判断
  98   2          if(DS1302_Time[1]<1){DS1302_Time[1]=12;}//月越界判断
  99   2          if( DS1302_Time[1]==1 || DS1302_Time[1]==3 || DS1302_Time[1]==5 || DS1302_Time[1]==7 || 
 100   2            DS1302_Time[1]==8 || DS1302_Time[1]==10 || DS1302_Time[1]==12)//日越界判断
 101   2          {
 102   3            if(DS1302_Time[2]<1){DS1302_Time[2]=31;}//大月
 103   3            if(DS1302_Time[2]>31){DS1302_Time[2]=1;}
 104   3          }
 105   2          else if(DS1302_Time[1]==4 || DS1302_Time[1]==6 || DS1302_Time[1]==9 || DS1302_Time[1]==11)
 106   2          {
 107   3            if(DS1302_Time[2]<1){DS1302_Time[2]=30;}//小月
 108   3            if(DS1302_Time[2]>30){DS1302_Time[2]=1;}
 109   3          }
 110   2          else if(DS1302_Time[1]==2)
 111   2          {
 112   3            if(DS1302_Time[0]%4==0)
 113   3            {
 114   4              if(DS1302_Time[2]<1){DS1302_Time[2]=29;}//闰年2月
 115   4              if(DS1302_Time[2]>29){DS1302_Time[2]=1;}
 116   4            }
C51 COMPILER V9.60.0.0   MAIN                                                              07/07/2024 16:16:16 PAGE 3   

 117   3            else
 118   3            {
 119   4              if(DS1302_Time[2]<1){DS1302_Time[2]=28;}//平年2月
 120   4              if(DS1302_Time[2]>28){DS1302_Time[2]=1;}
 121   4            }
 122   3          }
 123   2          if(DS1302_Time[3]<0){DS1302_Time[3]=23;}//时越界判断
 124   2          if(DS1302_Time[4]<0){DS1302_Time[4]=59;}//分越界判断
 125   2          if(DS1302_Time[5]<0){DS1302_Time[5]=59;}//秒越界判断
 126   2        }
 127   1        //更新显示，根据TimeSetSelect和TimeSetFlashFlag判断可完成闪烁功能
 128   1        if(TimeSetSelect==0 && TimeSetFlashFlag==1){LCD_ShowString(1,1,"  ");}
 129   1        else {LCD_ShowNum(1,1,DS1302_Time[0],2);}
 130   1        if(TimeSetSelect==1 && TimeSetFlashFlag==1){LCD_ShowString(1,4,"  ");}
 131   1        else {LCD_ShowNum(1,4,DS1302_Time[1],2);}
 132   1        if(TimeSetSelect==2 && TimeSetFlashFlag==1){LCD_ShowString(1,7,"  ");}
 133   1        else {LCD_ShowNum(1,7,DS1302_Time[2],2);}
 134   1        if(TimeSetSelect==3 && TimeSetFlashFlag==1){LCD_ShowString(1,9,"  ");}
 135   1        else {LCD_ShowNum(1,9,DS1302_Time[3],2);}
 136   1        if(TimeSetSelect==4 && TimeSetFlashFlag==1){LCD_ShowString(1,12,"  ");}
 137   1        else {LCD_ShowNum(1,12,DS1302_Time[4],2);}
 138   1        if(TimeSetSelect==5 && TimeSetFlashFlag==1){LCD_ShowString(1,15,"  ");}
 139   1        else {LCD_ShowNum(1,15,DS1302_Time[5],2);}
 140   1      }
 141          
 142           
 143          void main ()
 144          { 
 145   1      
 146   1        UART_Init();//初始化蓝牙
 147   1        LCD_Init();
 148   1        DHT11_Init();
 149   1        Timer0Init();
 150   1        DS1302_Init();
 151   1        Delay1ms(1000);
 152   1        LCD_ShowString(1,1,"  -  -  ");//静态字符初始化显示
 153   1        LCD_ShowString(1,9,"  :  :  ");
 154   1        LCD_ShowString(2,1,"Tem:  C");
 155   1        LCD_ShowString(2,9,"Hum:  %");
 156   1        DS1302_SetTime();//设置时间
 157   1      
 158   1          while(1)
 159   1          {
 160   2            //为了不打断dht11读取的时序，需要暂停定时器
 161   2            TR0 = 0;
 162   2            DHT11_receive();
 163   2            TR0 = 1;
 164   2            
 165   2            LCD_ShowNum(2,5,tem,2);   //显示温度整数部分
 166   2            LCD_ShowNum(2,13,hum,2);  //显示湿度
 167   2            
 168   2            if(hum>=77){Motor=1;beepflag=1;}
 169   2            else {Motor=0;beepflag=0;}      
 170   2      
 171   2              KeyNum=Key();//读取键码
 172   2              if(KeyNum==1)//按键1按下
 173   2              {
 174   3                if(MODE==0){MODE=1;TimeSetSelect=0;}//功能切换
 175   3                else if(MODE==1){MODE=0;DS1302_SetTime();}
 176   3              }
 177   2      
 178   2              switch(MODE)//根据不同的功能执行不同的函数
C51 COMPILER V9.60.0.0   MAIN                                                              07/07/2024 16:16:16 PAGE 4   

 179   2              {
 180   3                case 0:TimeShow();break;
 181   3                case 1:TimeSet();break;
 182   3              }
 183   2            }
 184   1      }
 185          
 186          //串口中断函数
 187          void Uart1_Isr() interrupt 4
 188          {
 189   1        if(RI)
 190   1        {
 191   2          USART_RX_BUF[0]=SBUF;
 192   2          RI = 0;//清除接收中断标志位
 193   2          UART_SendByte(SBUF);
 194   2          RI=0;
 195   2        }                
 196   1      }
 197          
 198          void Timer0_Routine() interrupt 1
 199          {
 200   1        static unsigned int T0Count;
 201   1        TL0 = 0x18;   //设置定时初值
 202   1        TH0 = 0xFC;   //设置定时初值
 203   1        
 204   1        if(beepflag==1) beep=~beep;
 205   1      
 206   1      //  T0Count++;
 207   1      //  if(T0Count < Compare)
 208   1      //  {
 209   1      //    Motor = 1;
 210   1      //  }
 211   1      //  else
 212   1      //  {
 213   1      //    Motor = 0;
 214   1      //  }
 215   1      //  if (T0Count >= 1000)
 216   1      //  {
 217   1      //    T0Count = 0;
 218   1      //  }
 219   1      }
*** WARNING C280 IN LINE 200 OF main.c: 'T0Count': unreferenced local variable
 220          
 221          
 222          
 223          
 224            
 225            


MODULE INFORMATION:   STATIC OVERLAYABLE
   CODE SIZE        =   1125    ----
   CONSTANT SIZE    =     37    ----
   XDATA SIZE       =   ----    ----
   PDATA SIZE       =   ----    ----
   DATA SIZE        =      9    ----
   IDATA SIZE       =   ----    ----
   BIT SIZE         =   ----    ----
END OF MODULE INFORMATION.


C51 COMPILATION COMPLETE.  1 WARNING(S),  0 ERROR(S)
