C51 COMPILER V9.60.0.0   DS1302                                                            07/08/2024 21:26:29 PAGE 1   


C51 COMPILER V9.60.0.0, COMPILATION OF MODULE DS1302
OBJECT MODULE PLACED IN .\Objects\DS1302.obj
COMPILER INVOKED BY: D:\Program Files\Keil_v5\C51\BIN\C51.EXE DS1302.c OPTIMIZE(8,SPEED) BROWSE DEBUG OBJECTEXTEND PRINT
                    -(.\Listings\DS1302.lst) TABS(2) OBJECT(.\Objects\DS1302.obj)

line level    source

   1          #include <REGX52.H>
   2          
   3          
   4          //引脚定义；
   5          sbit  DS1302_SCLK=P3^6;
   6          sbit  DS1302_IO=P3^4;
   7          sbit  DS1302_CE=P3^5;
   8           
   9          //对应寄存器位置定义
  10          #define  DS1302_SECOND    0X80
  11          #define  DS1302_MINUTE    0X82
  12          #define  DS1302_HOUR    0X84
  13          #define  DS1302_DATE        0X86
  14          #define  DS1302_MONTH   0X88
  15          #define  DS1302_DAY         0X8A
  16          #define  DS1302_YEAR        0X8C
  17          #define  DS1302_WP          0X8E 
  18           
  19          //定义数组，用于存放设定的时间，年月日时分秒星期
  20          unsigned char DS1302_Time[]={24,6, 15,8,8,50,6};//顺序：年月日时分秒星期
  21          /**
  22             *@breaf DS1302初始化
  23             *@param无
  24             *@retval无
  25             */
  26          void  DS1302_Init()
  27          {
  28   1        DS1302_CE=0;//将使能位置0，低电平；
  29   1        DS1302_SCLK=0;//将时钟位置0，低电平；
  30   1      }
  31           
  32          /**
  33             *@breaf DS1302单字节写入函数
  34             *@param command：写入控制指令的指令，包含要写入寄存器的地址；
  35             *@param Data：将要写入的数据内容；
  36             *@retval 无
  37             */
  38          void  DS1302_WriteBety(unsigned char command,Data)
  39          {
  40   1            unsigned char i;
  41   1            DS1302_CE=1;//使能位置高电平；
  42   1            for(i=0;i<8;i++)//控制寄存器数据需要通过IO线一个一个写入控制寄存器;低位先写入
  43   1          {
  44   2              DS1302_IO=command&(0x01<<i);//相当于把第1--7位置0，只留第0位，如果第0位是0，则为0；反之则为1；
  45   2              DS1302_SCLK=1;
  46   2              DS1302_SCLK=0;
  47   2          }
  48   1          
  49   1              for(i=0;i<8;i++)//数据写入
  50   1          {
  51   2              DS1302_IO=Data&(0x01<<i);//相当于把第1--7位置0，只留第0位，如果第0位是0，则为0；反之则为1；
  52   2              DS1302_SCLK=1;
  53   2              DS1302_SCLK=0;
  54   2          }
C51 COMPILER V9.60.0.0   DS1302                                                            07/08/2024 21:26:29 PAGE 2   

  55   1            DS1302_CE=0;  
  56   1      }
  57           
  58          /**
  59             *@breaf  DS1302单字节读出函数
  60             *@param command：写入控制指令的指令，包含要读出寄存器的地址；
  61             *@retval Data：读出的数据；
  62             */
  63          unsigned char   DS1302_ReadBety(unsigned char command)
  64          {
  65   1        unsigned i,Data=0X00;
  66   1            command|=0X01;//写入指令与读出指令只在最后一位相差1，故在此利用或运算消除；
  67   1            DS1302_CE=1;//使能位置高电平；
  68   1          for(i=0;i<8;i++)//控制寄存器数据需要通过IO线一个一个写入控制寄存器;低位先写入
  69   1          {
  70   2              DS1302_IO=command&(0x01<<i);//相当于把第1--7位置0，只留第0位，如果第0位是0，则为0；反之则为1；
  71   2              DS1302_SCLK=0;  
  72   2              DS1302_SCLK=1;
  73   2          }
  74   1              DS1302_IO=0;
  75   1            for(i=0;i<8;i++)//数据读出
  76   1          {
  77   2                DS1302_SCLK=1;
  78   2                DS1302_SCLK=0;      
  79   2                if(DS1302_IO)  
  80   2                {Data |=(0X01<<i);}
  81   2          }
  82   1          DS1302_CE=0;
  83   1          return Data;
  84   1      }
  85           
  86           
  87          /**
  88             *@breaf 向DS1302内设定时间
  89             *@param无
  90             *@retval无
  91             */
  92          void DS1302_SetTime()
  93          {
  94   1          DS1302_WriteBety(DS1302_WP,0x00);//操作 DS1302 之前，关闭写保护，不然指令无法进入控制寄存器；
  95   1          DS1302_WriteBety(DS1302_YEAR, DS1302_Time[0]/10*16+DS1302_Time[0]%10);//写入年，并将10进制转化BCD码；
  96   1          DS1302_WriteBety(DS1302_MONTH, DS1302_Time[1]/10*16+DS1302_Time[1]%10);//写入月，并将10进制转化BCD码；
  97   1          DS1302_WriteBety(DS1302_DATE, DS1302_Time[2]/10*16+DS1302_Time[2]%10);//写入日，并将10进制转化BCD码；
  98   1          DS1302_WriteBety(DS1302_HOUR, DS1302_Time[3]/10*16+DS1302_Time[3]%10);//写入时，并将10进制转化BCD码；
  99   1          DS1302_WriteBety(DS1302_MINUTE, DS1302_Time[4]/10*16+DS1302_Time[4]%10);//写入分，并将10进制转化BCD码；
 100   1          DS1302_WriteBety(DS1302_SECOND, DS1302_Time[5]/10*16+DS1302_Time[5]%10);//写入秒，并将10进制转化BCD码；
 101   1          DS1302_WriteBety(DS1302_DAY, DS1302_Time[6]/10*16+DS1302_Time[6]%10);//写入星期，并将10进制转化BCD码；
 102   1          DS1302_WriteBety( DS1302_WP,0x80);//写入结束，开启写保护；
 103   1      }
 104           
 105          /**
 106          *@breaf 读取DS1302内时间
 107          *@param无
 108          *@retval无
 109          */
 110          void DS1302_ReadTime()  
 111          {
 112   1        unsigned char Temp;//定义变量，用于暂时存储BCD码
 113   1          Temp=DS1302_ReadBety(DS1302_YEAR);//读取年BCD码；
 114   1          DS1302_Time[0]=Temp/16*10+Temp%16;//BCD码转十进制；
 115   1         Temp=DS1302_ReadBety(DS1302_MONTH);//读取月BCD码；
 116   1          DS1302_Time[1]=Temp/16*10+Temp%16;//BCD码转十进制；
C51 COMPILER V9.60.0.0   DS1302                                                            07/08/2024 21:26:29 PAGE 3   

 117   1         Temp=DS1302_ReadBety(DS1302_DATE);//读取日BCD码；
 118   1          DS1302_Time[2]=Temp/16*10+Temp%16;//BCD码转十进制；
 119   1         Temp=DS1302_ReadBety(DS1302_HOUR);//读取小时BCD码；
 120   1          DS1302_Time[3]=Temp/16*10+Temp%16;//BCD码转十进制；
 121   1         Temp=DS1302_ReadBety(DS1302_MINUTE);//读取分钟BCD码；
 122   1          DS1302_Time[4]=Temp/16*10+Temp%16;//BCD码转十进制；
 123   1         Temp=DS1302_ReadBety(DS1302_SECOND);//读取秒BCD码；
 124   1          DS1302_Time[5]=Temp/16*10+Temp%16;//BCD码转十进制；
 125   1         Temp=DS1302_ReadBety(DS1302_DAY);//读取星期BCD码；
 126   1          DS1302_Time[6]=Temp/16*10+Temp%16;//BCD码转十进制；
 127   1      }


MODULE INFORMATION:   STATIC OVERLAYABLE
   CODE SIZE        =    598    ----
   CONSTANT SIZE    =   ----    ----
   XDATA SIZE       =   ----    ----
   PDATA SIZE       =   ----    ----
   DATA SIZE        =      7       4
   IDATA SIZE       =   ----    ----
   BIT SIZE         =   ----    ----
END OF MODULE INFORMATION.


C51 COMPILATION COMPLETE.  0 WARNING(S),  0 ERROR(S)
