C51 COMPILER V9.60.0.0   TIMER0                                                            07/08/2024 21:26:29 PAGE 1   


C51 COMPILER V9.60.0.0, COMPILATION OF MODULE TIMER0
OBJECT MODULE PLACED IN .\Objects\Timer0.obj
COMPILER INVOKED BY: D:\Program Files\Keil_v5\C51\BIN\C51.EXE Timer0.c OPTIMIZE(8,SPEED) BROWSE DEBUG OBJECTEXTEND PRINT
                    -(.\Listings\Timer0.lst) TABS(2) OBJECT(.\Objects\Timer0.obj)

line level    source

   1          #include <REGX52.H>
   2          
   3          /**
   4            * @brief  定时器0初始化，1ms@12.000MHz
   5            * @param  无
   6            * @retval 无
   7            */
   8          void Timer0Init(void)
   9          {
  10   1        TMOD &= 0xF0;   //设置定时器模式
  11   1        TMOD |= 0x01;   //设置定时器模式
  12   1        TL0 = 0x18;   //设置定时初值
  13   1        TH0 = 0xFC;   //设置定时初值
  14   1        TF0 = 0;    //清除TF0标志
  15   1        TR0 = 1;    //定时器0开始计时
  16   1        ET0=1;
  17   1        EA=1;
  18   1        PT0=0;
  19   1      }
  20          
  21          


MODULE INFORMATION:   STATIC OVERLAYABLE
   CODE SIZE        =     23    ----
   CONSTANT SIZE    =   ----    ----
   XDATA SIZE       =   ----    ----
   PDATA SIZE       =   ----    ----
   DATA SIZE        =   ----    ----
   IDATA SIZE       =   ----    ----
   BIT SIZE         =   ----    ----
END OF MODULE INFORMATION.


C51 COMPILATION COMPLETE.  0 WARNING(S),  0 ERROR(S)
